
d:\study stuff\ASU\Fall 2017\AW\Assignment1\node_modules\socket.io\node_modules\engine.io\node_modules\uws>if not defined npm_config_node_gyp (node "C:\Program Files\nodejs\node_modules\npm\bin\node-gyp-bin\\..\..\node_modules\node-gyp\bin\node-gyp.js" rebuild )  else (node "" rebuild ) 
Building the projects in this solution one at a time. To enable parallel build, please add the "/m" switch.
  Extensions.cpp
  Group.cpp
  Networking.cpp
  Hub.cpp
..\src\Extensions.cpp(15): error C2864: 'uWS::ExtensionsParser::lastInteger' : only static const integral data members can be initialized within a class [d:\study stuff\ASU\Fall 2017\AW\Assignment1\node_modules\socket.io\node_modules\engine.io\node_modules\uws\build\uws.vcxproj]
..\src\Extensions.cpp(18): error C2864: 'uWS::ExtensionsParser::perMessageDeflate' : only static const integral data members can be initialized within a class [d:\study stuff\ASU\Fall 2017\AW\Assignment1\node_modules\socket.io\node_modules\engine.io\node_modules\uws\build\uws.vcxproj]
..\src\Extensions.cpp(19): error C2864: 'uWS::ExtensionsParser::serverNoContextTakeover' : only static const integral data members can be initialized within a class [d:\study stuff\ASU\Fall 2017\AW\Assignment1\node_modules\socket.io\node_modules\engine.io\node_modules\uws\build\uws.vcxproj]
..\src\Extensions.cpp(20): error C2864: 'uWS::ExtensionsParser::clientNoContextTakeover' : only static const integral data members can be initialized within a class [d:\study stuff\ASU\Fall 2017\AW\Assignment1\node_modules\socket.io\node_modules\engine.io\node_modules\uws\build\uws.vcxproj]
..\src\Extensions.cpp(21): error C2864: 'uWS::ExtensionsParser::serverMaxWindowBits' : only static const integral data members can be initialized within a class [d:\study stuff\ASU\Fall 2017\AW\Assignment1\node_modules\socket.io\node_modules\engine.io\node_modules\uws\build\uws.vcxproj]
..\src\Extensions.cpp(22): error C2864: 'uWS::ExtensionsParser::clientMaxWindowBits' : only static const integral data members can be initialized within a class [d:\study stuff\ASU\Fall 2017\AW\Assignment1\node_modules\socket.io\node_modules\engine.io\node_modules\uws\build\uws.vcxproj]
  Node.cpp
d:\study stuff\asu\fall 2017\aw\assignment1\node_modules\socket.io\node_modules\engine.io\node_modules\uws\src\Libuv.h(107): error C2059: syntax error : ';' (..\src\Group.cpp) [d:\study stuff\ASU\Fall 2017\AW\Assignment1\node_modules\socket.io\node_modules\engine.io\node_modules\uws\build\uws.vcxproj]
d:\study stuff\asu\fall 2017\aw\assignment1\node_modules\socket.io\node_modules\engine.io\node_modules\uws\src\Libuv.h(107): error C2059: syntax error : ';' (..\src\Hub.cpp) [d:\study stuff\ASU\Fall 2017\AW\Assignment1\node_modules\socket.io\node_modules\engine.io\node_modules\uws\build\uws.vcxproj]
d:\study stuff\asu\fall 2017\aw\assignment1\node_modules\socket.io\node_modules\engine.io\node_modules\uws\src\Libuv.h(107): error C2059: syntax error : ';' (..\src\Networking.cpp) [d:\study stuff\ASU\Fall 2017\AW\Assignment1\node_modules\socket.io\node_modules\engine.io\node_modules\uws\build\uws.vcxproj]
d:\study stuff\asu\fall 2017\aw\assignment1\node_modules\socket.io\node_modules\engine.io\node_modules\uws\src\Libuv.h(107): error C2059: syntax error : ';' (..\src\Node.cpp) [d:\study stuff\ASU\Fall 2017\AW\Assignment1\node_modules\socket.io\node_modules\engine.io\node_modules\uws\build\uws.vcxproj]
d:\study stuff\asu\fall 2017\aw\assignment1\node_modules\socket.io\node_modules\engine.io\node_modules\uws\src\Libuv.h(107): error C2238: unexpected token(s) preceding ';' (..\src\Group.cpp) [d:\study stuff\ASU\Fall 2017\AW\Assignment1\node_modules\socket.io\node_modules\engine.io\node_modules\uws\build\uws.vcxproj]
d:\study stuff\asu\fall 2017\aw\assignment1\node_modules\socket.io\node_modules\engine.io\node_modules\uws\src\Libuv.h(107): error C2238: unexpected token(s) preceding ';' (..\src\Hub.cpp) [d:\study stuff\ASU\Fall 2017\AW\Assignment1\node_modules\socket.io\node_modules\engine.io\node_modules\uws\build\uws.vcxproj]
d:\study stuff\asu\fall 2017\aw\assignment1\node_modules\socket.io\node_modules\engine.io\node_modules\uws\src\Libuv.h(107): error C2238: unexpected token(s) preceding ';' (..\src\Networking.cpp) [d:\study stuff\ASU\Fall 2017\AW\Assignment1\node_modules\socket.io\node_modules\engine.io\node_modules\uws\build\uws.vcxproj]
d:\study stuff\asu\fall 2017\aw\assignment1\node_modules\socket.io\node_modules\engine.io\node_modules\uws\src\Libuv.h(107): error C2238: unexpected token(s) preceding ';' (..\src\Node.cpp) [d:\study stuff\ASU\Fall 2017\AW\Assignment1\node_modules\socket.io\node_modules\engine.io\node_modules\uws\build\uws.vcxproj]
d:\study stuff\asu\fall 2017\aw\assignment1\node_modules\socket.io\node_modules\engine.io\node_modules\uws\src\Networking.h(161): error C2864: 'uS::TLS::Context::context' : only static const integral data members can be initialized within a class (..\src\Node.cpp) [d:\study stuff\ASU\Fall 2017\AW\Assignment1\node_modules\socket.io\node_modules\engine.io\node_modules\uws\build\uws.vcxproj]
d:\study stuff\asu\fall 2017\aw\assignment1\node_modules\socket.io\node_modules\engine.io\node_modules\uws\src\Networking.h(161): error C2864: 'uS::TLS::Context::context' : only static const integral data members can be initialized within a class (..\src\Networking.cpp) [d:\study stuff\ASU\Fall 2017\AW\Assignment1\node_modules\socket.io\node_modules\engine.io\node_modules\uws\build\uws.vcxproj]
d:\study stuff\asu\fall 2017\aw\assignment1\node_modules\socket.io\node_modules\engine.io\node_modules\uws\src\Networking.h(161): error C2864: 'uS::TLS::Context::context' : only static const integral data members can be initialized within a class (..\src\Hub.cpp) [d:\study stuff\ASU\Fall 2017\AW\Assignment1\node_modules\socket.io\node_modules\engine.io\node_modules\uws\build\uws.vcxproj]
d:\study stuff\asu\fall 2017\aw\assignment1\node_modules\socket.io\node_modules\engine.io\node_modules\uws\src\Networking.h(161): error C2864: 'uS::TLS::Context::context' : only static const integral data members can be initialized within a class (..\src\Group.cpp) [d:\study stuff\ASU\Fall 2017\AW\Assignment1\node_modules\socket.io\node_modules\engine.io\node_modules\uws\build\uws.vcxproj]
d:\study stuff\asu\fall 2017\aw\assignment1\node_modules\socket.io\node_modules\engine.io\node_modules\uws\src\Networking.h(179): error C2065: 'default' : undeclared identifier (..\src\Node.cpp) [d:\study stuff\ASU\Fall 2017\AW\Assignment1\node_modules\socket.io\node_modules\engine.io\node_modules\uws\build\uws.vcxproj]
d:\study stuff\asu\fall 2017\aw\assignment1\node_modules\socket.io\node_modules\engine.io\node_modules\uws\src\Networking.h(179): error C2065: 'default' : undeclared identifier (..\src\Networking.cpp) [d:\study stuff\ASU\Fall 2017\AW\Assignment1\node_modules\socket.io\node_modules\engine.io\node_modules\uws\build\uws.vcxproj]
d:\study stuff\asu\fall 2017\aw\assignment1\node_modules\socket.io\node_modules\engine.io\node_modules\uws\src\Networking.h(179): error C2065: 'default' : undeclared identifier (..\src\Hub.cpp) [d:\study stuff\ASU\Fall 2017\AW\Assignment1\node_modules\socket.io\node_modules\engine.io\node_modules\uws\build\uws.vcxproj]
d:\study stuff\asu\fall 2017\aw\assignment1\node_modules\socket.io\node_modules\engine.io\node_modules\uws\src\Networking.h(179): error C2253: 'Context' : pure specifier or abstract override specifier only allowed on virtual function (..\src\Node.cpp) [d:\study stuff\ASU\Fall 2017\AW\Assignment1\node_modules\socket.io\node_modules\engine.io\node_modules\uws\build\uws.vcxproj]
d:\study stuff\asu\fall 2017\aw\assignment1\node_modules\socket.io\node_modules\engine.io\node_modules\uws\src\Networking.h(179): error C2253: 'Context' : pure specifier or abstract override specifier only allowed on virtual function (..\src\Networking.cpp) [d:\study stuff\ASU\Fall 2017\AW\Assignment1\node_modules\socket.io\node_modules\engine.io\node_modules\uws\build\uws.vcxproj]
d:\study stuff\asu\fall 2017\aw\assignment1\node_modules\socket.io\node_modules\engine.io\node_modules\uws\src\Networking.h(179): error C2253: 'Context' : pure specifier or abstract override specifier only allowed on virtual function (..\src\Hub.cpp) [d:\study stuff\ASU\Fall 2017\AW\Assignment1\node_modules\socket.io\node_modules\engine.io\node_modules\uws\build\uws.vcxproj]
d:\study stuff\asu\fall 2017\aw\assignment1\node_modules\socket.io\node_modules\engine.io\node_modules\uws\src\Networking.h(167): warning C4267: 'argument' : conversion from 'size_t' to 'const int', possible loss of data (..\src\Node.cpp) [d:\study stuff\ASU\Fall 2017\AW\Assignment1\node_modules\socket.io\node_modules\engine.io\node_modules\uws\build\uws.vcxproj]
d:\study stuff\asu\fall 2017\aw\assignment1\node_modules\socket.io\node_modules\engine.io\node_modules\uws\src\Networking.h(167): warning C4267: 'argument' : conversion from 'size_t' to 'const int', possible loss of data (..\src\Networking.cpp) [d:\study stuff\ASU\Fall 2017\AW\Assignment1\node_modules\socket.io\node_modules\engine.io\node_modules\uws\build\uws.vcxproj]
d:\study stuff\asu\fall 2017\aw\assignment1\node_modules\socket.io\node_modules\engine.io\node_modules\uws\src\Networking.h(179): error C2065: 'default' : undeclared identifier (..\src\Group.cpp) [d:\study stuff\ASU\Fall 2017\AW\Assignment1\node_modules\socket.io\node_modules\engine.io\node_modules\uws\build\uws.vcxproj]
d:\study stuff\asu\fall 2017\aw\assignment1\node_modules\socket.io\node_modules\engine.io\node_modules\uws\src\Networking.h(167): warning C4267: 'argument' : conversion from 'size_t' to 'const int', possible loss of data (..\src\Hub.cpp) [d:\study stuff\ASU\Fall 2017\AW\Assignment1\node_modules\socket.io\node_modules\engine.io\node_modules\uws\build\uws.vcxproj]
d:\study stuff\asu\fall 2017\aw\assignment1\node_modules\socket.io\node_modules\engine.io\node_modules\uws\src\Networking.h(205): error C2864: 'uS::NodeData::user' : only static const integral data members can be initialized within a class (..\src\Node.cpp) [d:\study stuff\ASU\Fall 2017\AW\Assignment1\node_modules\socket.io\node_modules\engine.io\node_modules\uws\build\uws.vcxproj]
d:\study stuff\asu\fall 2017\aw\assignment1\node_modules\socket.io\node_modules\engine.io\node_modules\uws\src\Networking.h(179): error C2253: 'Context' : pure specifier or abstract override specifier only allowed on virtual function (..\src\Group.cpp) [d:\study stuff\ASU\Fall 2017\AW\Assignment1\node_modules\socket.io\node_modules\engine.io\node_modules\uws\build\uws.vcxproj]
d:\study stuff\asu\fall 2017\aw\assignment1\node_modules\socket.io\node_modules\engine.io\node_modules\uws\src\Networking.h(205): error C2864: 'uS::NodeData::user' : only static const integral data members can be initialized within a class (..\src\Networking.cpp) [d:\study stuff\ASU\Fall 2017\AW\Assignment1\node_modules\socket.io\node_modules\engine.io\node_modules\uws\build\uws.vcxproj]
d:\study stuff\asu\fall 2017\aw\assignment1\node_modules\socket.io\node_modules\engine.io\node_modules\uws\src\Networking.h(210): error C2864: 'uS::NodeData::async' : only static const integral data members can be initialized within a class (..\src\Node.cpp) [d:\study stuff\ASU\Fall 2017\AW\Assignment1\node_modules\socket.io\node_modules\engine.io\node_modules\uws\build\uws.vcxproj]
d:\study stuff\asu\fall 2017\aw\assignment1\node_modules\socket.io\node_modules\engine.io\node_modules\uws\src\Networking.h(205): error C2864: 'uS::NodeData::user' : only static const integral data members can be initialized within a class (..\src\Hub.cpp) [d:\study stuff\ASU\Fall 2017\AW\Assignment1\node_modules\socket.io\node_modules\engine.io\node_modules\uws\build\uws.vcxproj]
d:\study stuff\asu\fall 2017\aw\assignment1\node_modules\socket.io\node_modules\engine.io\node_modules\uws\src\Networking.h(210): error C2864: 'uS::NodeData::async' : only static const integral data members can be initialized within a class (..\src\Networking.cpp) [d:\study stuff\ASU\Fall 2017\AW\Assignment1\node_modules\socket.io\node_modules\engine.io\node_modules\uws\build\uws.vcxproj]
d:\study stuff\asu\fall 2017\aw\assignment1\node_modules\socket.io\node_modules\engine.io\node_modules\uws\src\Networking.h(167): warning C4267: 'argument' : conversion from 'size_t' to 'const int', possible loss of data (..\src\Group.cpp) [d:\study stuff\ASU\Fall 2017\AW\Assignment1\node_modules\socket.io\node_modules\engine.io\node_modules\uws\build\uws.vcxproj]
d:\study stuff\asu\fall 2017\aw\assignment1\node_modules\socket.io\node_modules\engine.io\node_modules\uws\src\Networking.h(210): error C2864: 'uS::NodeData::async' : only static const integral data members can be initialized within a class (..\src\Hub.cpp) [d:\study stuff\ASU\Fall 2017\AW\Assignment1\node_modules\socket.io\node_modules\engine.io\node_modules\uws\build\uws.vcxproj]
d:\study stuff\asu\fall 2017\aw\assignment1\node_modules\socket.io\node_modules\engine.io\node_modules\uws\src\Networking.h(205): error C2864: 'uS::NodeData::user' : only static const integral data members can be initialized within a class (..\src\Group.cpp) [d:\study stuff\ASU\Fall 2017\AW\Assignment1\node_modules\socket.io\node_modules\engine.io\node_modules\uws\build\uws.vcxproj]
d:\study stuff\asu\fall 2017\aw\assignment1\node_modules\socket.io\node_modules\engine.io\node_modules\uws\src\Networking.h(219): warning C4267: 'return' : conversion from 'size_t' to 'int', possible loss of data (..\src\Node.cpp) [d:\study stuff\ASU\Fall 2017\AW\Assignment1\node_modules\socket.io\node_modules\engine.io\node_modules\uws\build\uws.vcxproj]
d:\study stuff\asu\fall 2017\aw\assignment1\node_modules\socket.io\node_modules\engine.io\node_modules\uws\src\Networking.h(210): error C2864: 'uS::NodeData::async' : only static const integral data members can be initialized within a class (..\src\Group.cpp) [d:\study stuff\ASU\Fall 2017\AW\Assignment1\node_modules\socket.io\node_modules\engine.io\node_modules\uws\build\uws.vcxproj]
d:\study stuff\asu\fall 2017\aw\assignment1\node_modules\socket.io\node_modules\engine.io\node_modules\uws\src\Networking.h(219): warning C4267: 'return' : conversion from 'size_t' to 'int', possible loss of data (..\src\Networking.cpp) [d:\study stuff\ASU\Fall 2017\AW\Assignment1\node_modules\socket.io\node_modules\engine.io\node_modules\uws\build\uws.vcxproj]
d:\study stuff\asu\fall 2017\aw\assignment1\node_modules\socket.io\node_modules\engine.io\node_modules\uws\src\Networking.h(219): warning C4267: 'return' : conversion from 'size_t' to 'int', possible loss of data (..\src\Hub.cpp) [d:\study stuff\ASU\Fall 2017\AW\Assignment1\node_modules\socket.io\node_modules\engine.io\node_modules\uws\build\uws.vcxproj]
d:\study stuff\asu\fall 2017\aw\assignment1\node_modules\socket.io\node_modules\engine.io\node_modules\uws\src\Socket.h(26): warning C4275: non dll-interface struct 'Poll' used as base for dll-interface struct 'uS::Socket' (..\src\Node.cpp) [d:\study stuff\ASU\Fall 2017\AW\Assignment1\node_modules\socket.io\node_modules\engine.io\node_modules\uws\build\uws.vcxproj]
          d:\study stuff\asu\fall 2017\aw\assignment1\node_modules\socket.io\node_modules\engine.io\node_modules\uws\src\Libuv.h(92) : see declaration of 'Poll'
          d:\study stuff\asu\fall 2017\aw\assignment1\node_modules\socket.io\node_modules\engine.io\node_modules\uws\src\Socket.h(26) : see declaration of 'uS::Socket'
d:\study stuff\asu\fall 2017\aw\assignment1\node_modules\socket.io\node_modules\engine.io\node_modules\uws\src\WebSocketProtocol.h(54): error C2864: 'uWS::WebSocketState<isServer>::remainingBytes' : only static const integral data members can be initialized within a class (..\src\Hub.cpp) [d:\study stuff\ASU\Fall 2017\AW\Assignment1\node_modules\socket.io\node_modules\engine.io\node_modules\uws\build\uws.vcxproj]
          d:\study stuff\asu\fall 2017\aw\assignment1\node_modules\socket.io\node_modules\engine.io\node_modules\uws\src\WebSocketProtocol.h(56) : see reference to class template instantiation 'uWS::WebSocketState<isServer>' being compiled
d:\study stuff\asu\fall 2017\aw\assignment1\node_modules\socket.io\node_modules\engine.io\node_modules\uws\src\Socket.h(31): error C2059: syntax error : '{' (..\src\Node.cpp) [d:\study stuff\ASU\Fall 2017\AW\Assignment1\node_modules\socket.io\node_modules\engine.io\node_modules\uws\build\uws.vcxproj]
d:\study stuff\asu\fall 2017\aw\assignment1\node_modules\socket.io\node_modules\engine.io\node_modules\uws\src\Networking.h(219): warning C4267: 'return' : conversion from 'size_t' to 'int', possible loss of data (..\src\Group.cpp) [d:\study stuff\ASU\Fall 2017\AW\Assignment1\node_modules\socket.io\node_modules\engine.io\node_modules\uws\build\uws.vcxproj]
d:\study stuff\asu\fall 2017\aw\assignment1\node_modules\socket.io\node_modules\engine.io\node_modules\uws\src\Socket.h(31): error C2334: unexpected token(s) preceding '{'; skipping apparent function body (..\src\Node.cpp) [d:\study stuff\ASU\Fall 2017\AW\Assignment1\node_modules\socket.io\node_modules\engine.io\node_modules\uws\build\uws.vcxproj]
d:\study stuff\asu\fall 2017\aw\assignment1\node_modules\socket.io\node_modules\engine.io\node_modules\uws\src\Socket.h(34): error C2864: 'uS::Socket::user' : only static const integral data members can be initialized within a class (..\src\Node.cpp) [d:\study stuff\ASU\Fall 2017\AW\Assignment1\node_modules\socket.io\node_modules\engine.io\node_modules\uws\build\uws.vcxproj]
d:\study stuff\asu\fall 2017\aw\assignment1\node_modules\socket.io\node_modules\engine.io\node_modules\uws\src\Socket.h(42): error C2864: 'uS::Socket::Queue::Message::nextMessage' : only static const integral data members can be initialized within a class (..\src\Node.cpp) [d:\study stuff\ASU\Fall 2017\AW\Assignment1\node_modules\socket.io\node_modules\engine.io\node_modules\uws\build\uws.vcxproj]
d:\study stuff\asu\fall 2017\aw\assignment1\node_modules\socket.io\node_modules\engine.io\node_modules\uws\src\Socket.h(26): warning C4275: non dll-interface struct 'Poll' used as base for dll-interface struct 'uS::Socket' (..\src\Hub.cpp) [d:\study stuff\ASU\Fall 2017\AW\Assignment1\node_modules\socket.io\node_modules\engine.io\node_modules\uws\build\uws.vcxproj]
          d:\study stuff\asu\fall 2017\aw\assignment1\node_modules\socket.io\node_modules\engine.io\node_modules\uws\src\Libuv.h(92) : see declaration of 'Poll'
          d:\study stuff\asu\fall 2017\aw\assignment1\node_modules\socket.io\node_modules\engine.io\node_modules\uws\src\Socket.h(26) : see declaration of 'uS::Socket'
d:\study stuff\asu\fall 2017\aw\assignment1\node_modules\socket.io\node_modules\engine.io\node_modules\uws\src\Socket.h(43): error C2864: 'uS::Socket::Queue::Message::callback' : only static const integral data members can be initialized within a class (..\src\Node.cpp) [d:\study stuff\ASU\Fall 2017\AW\Assignment1\node_modules\socket.io\node_modules\engine.io\node_modules\uws\build\uws.vcxproj]
d:\study stuff\asu\fall 2017\aw\assignment1\node_modules\socket.io\node_modules\engine.io\node_modules\uws\src\Socket.h(31): error C2059: syntax error : '{' (..\src\Hub.cpp) [d:\study stuff\ASU\Fall 2017\AW\Assignment1\node_modules\socket.io\node_modules\engine.io\node_modules\uws\build\uws.vcxproj]
d:\study stuff\asu\fall 2017\aw\assignment1\node_modules\socket.io\node_modules\engine.io\node_modules\uws\src\Socket.h(44): error C2864: 'uS::Socket::Queue::Message::callbackData' : only static const integral data members can be initialized within a class (..\src\Node.cpp) [d:\study stuff\ASU\Fall 2017\AW\Assignment1\node_modules\socket.io\node_modules\engine.io\node_modules\uws\build\uws.vcxproj]
d:\study stuff\asu\fall 2017\aw\assignment1\node_modules\socket.io\node_modules\engine.io\node_modules\uws\src\WebSocketProtocol.h(54): error C2864: 'uWS::WebSocketState<isServer>::remainingBytes' : only static const integral data members can be initialized within a class (..\src\Group.cpp) [d:\study stuff\ASU\Fall 2017\AW\Assignment1\node_modules\socket.io\node_modules\engine.io\node_modules\uws\build\uws.vcxproj]
          d:\study stuff\asu\fall 2017\aw\assignment1\node_modules\socket.io\node_modules\engine.io\node_modules\uws\src\WebSocketProtocol.h(56) : see reference to class template instantiation 'uWS::WebSocketState<isServer>' being compiled
d:\study stuff\asu\fall 2017\aw\assignment1\node_modules\socket.io\node_modules\engine.io\node_modules\uws\src\Socket.h(31): error C2334: unexpected token(s) preceding '{'; skipping apparent function body (..\src\Hub.cpp) [d:\study stuff\ASU\Fall 2017\AW\Assignment1\node_modules\socket.io\node_modules\engine.io\node_modules\uws\build\uws.vcxproj]
d:\study stuff\asu\fall 2017\aw\assignment1\node_modules\socket.io\node_modules\engine.io\node_modules\uws\src\Socket.h(44): error C2864: 'uS::Socket::Queue::Message::reserved' : only static const integral data members can be initialized within a class (..\src\Node.cpp) [d:\study stuff\ASU\Fall 2017\AW\Assignment1\node_modules\socket.io\node_modules\engine.io\node_modules\uws\build\uws.vcxproj]
d:\study stuff\asu\fall 2017\aw\assignment1\node_modules\socket.io\node_modules\engine.io\node_modules\uws\src\Socket.h(34): error C2864: 'uS::Socket::user' : only static const integral data members can be initialized within a class (..\src\Hub.cpp) [d:\study stuff\ASU\Fall 2017\AW\Assignment1\node_modules\socket.io\node_modules\engine.io\node_modules\uws\build\uws.vcxproj]
d:\study stuff\asu\fall 2017\aw\assignment1\node_modules\socket.io\node_modules\engine.io\node_modules\uws\src\Socket.h(47): error C2864: 'uS::Socket::Queue::head' : only static const integral data members can be initialized within a class (..\src\Node.cpp) [d:\study stuff\ASU\Fall 2017\AW\Assignment1\node_modules\socket.io\node_modules\engine.io\node_modules\uws\build\uws.vcxproj]
d:\study stuff\asu\fall 2017\aw\assignment1\node_modules\socket.io\node_modules\engine.io\node_modules\uws\src\Socket.h(42): error C2864: 'uS::Socket::Queue::Message::nextMessage' : only static const integral data members can be initialized within a class (..\src\Hub.cpp) [d:\study stuff\ASU\Fall 2017\AW\Assignment1\node_modules\socket.io\node_modules\engine.io\node_modules\uws\build\uws.vcxproj]
d:\study stuff\asu\fall 2017\aw\assignment1\node_modules\socket.io\node_modules\engine.io\node_modules\uws\src\Socket.h(47): error C2864: 'uS::Socket::Queue::tail' : only static const integral data members can be initialized within a class (..\src\Node.cpp) [d:\study stuff\ASU\Fall 2017\AW\Assignment1\node_modules\socket.io\node_modules\engine.io\node_modules\uws\build\uws.vcxproj]
d:\study stuff\asu\fall 2017\aw\assignment1\node_modules\socket.io\node_modules\engine.io\node_modules\uws\src\Socket.h(43): error C2864: 'uS::Socket::Queue::Message::callback' : only static const integral data members can be initialized within a class (..\src\Hub.cpp) [d:\study stuff\ASU\Fall 2017\AW\Assignment1\node_modules\socket.io\node_modules\engine.io\node_modules\uws\build\uws.vcxproj]
d:\study stuff\asu\fall 2017\aw\assignment1\node_modules\socket.io\node_modules\engine.io\node_modules\uws\src\Socket.h(44): error C2864: 'uS::Socket::Queue::Message::callbackData' : only static const integral data members can be initialized within a class (..\src\Hub.cpp) [d:\study stuff\ASU\Fall 2017\AW\Assignment1\node_modules\socket.io\node_modules\engine.io\node_modules\uws\build\uws.vcxproj]
d:\study stuff\asu\fall 2017\aw\assignment1\node_modules\socket.io\node_modules\engine.io\node_modules\uws\src\Socket.h(44): error C2864: 'uS::Socket::Queue::Message::reserved' : only static const integral data members can be initialized within a class (..\src\Hub.cpp) [d:\study stuff\ASU\Fall 2017\AW\Assignment1\node_modules\socket.io\node_modules\engine.io\node_modules\uws\build\uws.vcxproj]
d:\study stuff\asu\fall 2017\aw\assignment1\node_modules\socket.io\node_modules\engine.io\node_modules\uws\src\Socket.h(26): warning C4275: non dll-interface struct 'Poll' used as base for dll-interface struct 'uS::Socket' (..\src\Group.cpp) [d:\study stuff\ASU\Fall 2017\AW\Assignment1\node_modules\socket.io\node_modules\engine.io\node_modules\uws\build\uws.vcxproj]
          d:\study stuff\asu\fall 2017\aw\assignment1\node_modules\socket.io\node_modules\engine.io\node_modules\uws\src\Libuv.h(92) : see declaration of 'Poll'
          d:\study stuff\asu\fall 2017\aw\assignment1\node_modules\socket.io\node_modules\engine.io\node_modules\uws\src\Socket.h(26) : see declaration of 'uS::Socket'
d:\study stuff\asu\fall 2017\aw\assignment1\node_modules\socket.io\node_modules\engine.io\node_modules\uws\src\Socket.h(47): error C2864: 'uS::Socket::Queue::head' : only static const integral data members can be initialized within a class (..\src\Hub.cpp) [d:\study stuff\ASU\Fall 2017\AW\Assignment1\node_modules\socket.io\node_modules\engine.io\node_modules\uws\build\uws.vcxproj]
d:\study stuff\asu\fall 2017\aw\assignment1\node_modules\socket.io\node_modules\engine.io\node_modules\uws\src\Socket.h(426): error C2864: 'uS::Socket::next' : only static const integral data members can be initialized within a class (..\src\Node.cpp) [d:\study stuff\ASU\Fall 2017\AW\Assignment1\node_modules\socket.io\node_modules\engine.io\node_modules\uws\build\uws.vcxproj]
d:\study stuff\asu\fall 2017\aw\assignment1\node_modules\socket.io\node_modules\engine.io\node_modules\uws\src\Socket.h(31): error C2059: syntax error : '{' (..\src\Group.cpp) [d:\study stuff\ASU\Fall 2017\AW\Assignment1\node_modules\socket.io\node_modules\engine.io\node_modules\uws\build\uws.vcxproj]
d:\study stuff\asu\fall 2017\aw\assignment1\node_modules\socket.io\node_modules\engine.io\node_modules\uws\src\Socket.h(47): error C2864: 'uS::Socket::Queue::tail' : only static const integral data members can be initialized within a class (..\src\Hub.cpp) [d:\study stuff\ASU\Fall 2017\AW\Assignment1\node_modules\socket.io\node_modules\engine.io\node_modules\uws\build\uws.vcxproj]
d:\study stuff\asu\fall 2017\aw\assignment1\node_modules\socket.io\node_modules\engine.io\node_modules\uws\src\Socket.h(426): error C2864: 'uS::Socket::prev' : only static const integral data members can be initialized within a class (..\src\Node.cpp) [d:\study stuff\ASU\Fall 2017\AW\Assignment1\node_modules\socket.io\node_modules\engine.io\node_modules\uws\build\uws.vcxproj]
d:\study stuff\asu\fall 2017\aw\assignment1\node_modules\socket.io\node_modules\engine.io\node_modules\uws\src\Socket.h(31): error C2334: unexpected token(s) preceding '{'; skipping apparent function body (..\src\Group.cpp) [d:\study stuff\ASU\Fall 2017\AW\Assignment1\node_modules\socket.io\node_modules\engine.io\node_modules\uws\build\uws.vcxproj]
d:\study stuff\asu\fall 2017\aw\assignment1\node_modules\socket.io\node_modules\engine.io\node_modules\uws\src\Socket.h(34): error C2864: 'uS::Socket::user' : only static const integral data members can be initialized within a class (..\src\Group.cpp) [d:\study stuff\ASU\Fall 2017\AW\Assignment1\node_modules\socket.io\node_modules\engine.io\node_modules\uws\build\uws.vcxproj]
d:\study stuff\asu\fall 2017\aw\assignment1\node_modules\socket.io\node_modules\engine.io\node_modules\uws\src\Socket.h(42): error C2864: 'uS::Socket::Queue::Message::nextMessage' : only static const integral data members can be initialized within a class (..\src\Group.cpp) [d:\study stuff\ASU\Fall 2017\AW\Assignment1\node_modules\socket.io\node_modules\engine.io\node_modules\uws\build\uws.vcxproj]
d:\study stuff\asu\fall 2017\aw\assignment1\node_modules\socket.io\node_modules\engine.io\node_modules\uws\src\Socket.h(77): error C2065: 'state' : undeclared identifier (..\src\Node.cpp) [d:\study stuff\ASU\Fall 2017\AW\Assignment1\node_modules\socket.io\node_modules\engine.io\node_modules\uws\build\uws.vcxproj]
d:\study stuff\asu\fall 2017\aw\assignment1\node_modules\socket.io\node_modules\engine.io\node_modules\uws\src\Socket.h(426): error C2864: 'uS::Socket::next' : only static const integral data members can be initialized within a class (..\src\Hub.cpp) [d:\study stuff\ASU\Fall 2017\AW\Assignment1\node_modules\socket.io\node_modules\engine.io\node_modules\uws\build\uws.vcxproj]
d:\study stuff\asu\fall 2017\aw\assignment1\node_modules\socket.io\node_modules\engine.io\node_modules\uws\src\Socket.h(43): error C2864: 'uS::Socket::Queue::Message::callback' : only static const integral data members can be initialized within a class (..\src\Group.cpp) [d:\study stuff\ASU\Fall 2017\AW\Assignment1\node_modules\socket.io\node_modules\engine.io\node_modules\uws\build\uws.vcxproj]
d:\study stuff\asu\fall 2017\aw\assignment1\node_modules\socket.io\node_modules\engine.io\node_modules\uws\src\Socket.h(77): error C2228: left of '.poll' must have class/struct/union (..\src\Node.cpp) [d:\study stuff\ASU\Fall 2017\AW\Assignment1\node_modules\socket.io\node_modules\engine.io\node_modules\uws\build\uws.vcxproj]
          type is ''unknown-type''
d:\study stuff\asu\fall 2017\aw\assignment1\node_modules\socket.io\node_modules\engine.io\node_modules\uws\src\Socket.h(426): error C2864: 'uS::Socket::prev' : only static const integral data members can be initialized within a class (..\src\Hub.cpp) [d:\study stuff\ASU\Fall 2017\AW\Assignment1\node_modules\socket.io\node_modules\engine.io\node_modules\uws\build\uws.vcxproj]
d:\study stuff\asu\fall 2017\aw\assignment1\node_modules\socket.io\node_modules\engine.io\node_modules\uws\src\Socket.h(44): error C2864: 'uS::Socket::Queue::Message::callbackData' : only static const integral data members can be initialized within a class (..\src\Group.cpp) [d:\study stuff\ASU\Fall 2017\AW\Assignment1\node_modules\socket.io\node_modules\engine.io\node_modules\uws\build\uws.vcxproj]
d:\study stuff\asu\fall 2017\aw\assignment1\node_modules\socket.io\node_modules\engine.io\node_modules\uws\src\Socket.h(81): error C2065: 'state' : undeclared identifier (..\src\Node.cpp) [d:\study stuff\ASU\Fall 2017\AW\Assignment1\node_modules\socket.io\node_modules\engine.io\node_modules\uws\build\uws.vcxproj]
d:\study stuff\asu\fall 2017\aw\assignment1\node_modules\socket.io\node_modules\engine.io\node_modules\uws\src\Socket.h(44): error C2864: 'uS::Socket::Queue::Message::reserved' : only static const integral data members can be initialized within a class (..\src\Group.cpp) [d:\study stuff\ASU\Fall 2017\AW\Assignment1\node_modules\socket.io\node_modules\engine.io\node_modules\uws\build\uws.vcxproj]
d:\study stuff\asu\fall 2017\aw\assignment1\node_modules\socket.io\node_modules\engine.io\node_modules\uws\src\Socket.h(81): error C2228: left of '.poll' must have class/struct/union (..\src\Node.cpp) [d:\study stuff\ASU\Fall 2017\AW\Assignment1\node_modules\socket.io\node_modules\engine.io\node_modules\uws\build\uws.vcxproj]
          type is ''unknown-type''
d:\study stuff\asu\fall 2017\aw\assignment1\node_modules\socket.io\node_modules\engine.io\node_modules\uws\src\Socket.h(77): error C2065: 'state' : undeclared identifier (..\src\Hub.cpp) [d:\study stuff\ASU\Fall 2017\AW\Assignment1\node_modules\socket.io\node_modules\engine.io\node_modules\uws\build\uws.vcxproj]
d:\study stuff\asu\fall 2017\aw\assignment1\node_modules\socket.io\node_modules\engine.io\node_modules\uws\src\Socket.h(47): error C2864: 'uS::Socket::Queue::head' : only static const integral data members can be initialized within a class (..\src\Group.cpp) [d:\study stuff\ASU\Fall 2017\AW\Assignment1\node_modules\socket.io\node_modules\engine.io\node_modules\uws\build\uws.vcxproj]
d:\study stuff\asu\fall 2017\aw\assignment1\node_modules\socket.io\node_modules\engine.io\node_modules\uws\src\Socket.h(86): error C2065: 'state' : undeclared identifier (..\src\Node.cpp) [d:\study stuff\ASU\Fall 2017\AW\Assignment1\node_modules\socket.io\node_modules\engine.io\node_modules\uws\build\uws.vcxproj]
d:\study stuff\asu\fall 2017\aw\assignment1\node_modules\socket.io\node_modules\engine.io\node_modules\uws\src\Socket.h(77): error C2228: left of '.poll' must have class/struct/union (..\src\Hub.cpp) [d:\study stuff\ASU\Fall 2017\AW\Assignment1\node_modules\socket.io\node_modules\engine.io\node_modules\uws\build\uws.vcxproj]
          type is ''unknown-type''
d:\study stuff\asu\fall 2017\aw\assignment1\node_modules\socket.io\node_modules\engine.io\node_modules\uws\src\Socket.h(47): error C2864: 'uS::Socket::Queue::tail' : only static const integral data members can be initialized within a class (..\src\Group.cpp) [d:\study stuff\ASU\Fall 2017\AW\Assignment1\node_modules\socket.io\node_modules\engine.io\node_modules\uws\build\uws.vcxproj]
d:\study stuff\asu\fall 2017\aw\assignment1\node_modules\socket.io\node_modules\engine.io\node_modules\uws\src\Socket.h(86): error C2228: left of '.shuttingDown' must have class/struct/union (..\src\Node.cpp) [d:\study stuff\ASU\Fall 2017\AW\Assignment1\node_modules\socket.io\node_modules\engine.io\node_modules\uws\build\uws.vcxproj]
          type is ''unknown-type''
d:\study stuff\asu\fall 2017\aw\assignment1\node_modules\socket.io\node_modules\engine.io\node_modules\uws\src\Socket.h(81): error C2065: 'state' : undeclared identifier (..\src\Hub.cpp) [d:\study stuff\ASU\Fall 2017\AW\Assignment1\node_modules\socket.io\node_modules\engine.io\node_modules\uws\build\uws.vcxproj]
d:\study stuff\asu\fall 2017\aw\assignment1\node_modules\socket.io\node_modules\engine.io\node_modules\uws\src\Socket.h(91): error C2143: syntax error : missing ')' before '{' (..\src\Node.cpp) [d:\study stuff\ASU\Fall 2017\AW\Assignment1\node_modules\socket.io\node_modules\engine.io\node_modules\uws\build\uws.vcxproj]
d:\study stuff\asu\fall 2017\aw\assignment1\node_modules\socket.io\node_modules\engine.io\node_modules\uws\src\Socket.h(81): error C2228: left of '.poll' must have class/struct/union (..\src\Hub.cpp) [d:\study stuff\ASU\Fall 2017\AW\Assignment1\node_modules\socket.io\node_modules\engine.io\node_modules\uws\build\uws.vcxproj]
          type is ''unknown-type''
d:\study stuff\asu\fall 2017\aw\assignment1\node_modules\socket.io\node_modules\engine.io\node_modules\uws\src\Socket.h(426): error C2864: 'uS::Socket::next' : only static const integral data members can be initialized within a class (..\src\Group.cpp) [d:\study stuff\ASU\Fall 2017\AW\Assignment1\node_modules\socket.io\node_modules\engine.io\node_modules\uws\build\uws.vcxproj]
d:\study stuff\asu\fall 2017\aw\assignment1\node_modules\socket.io\node_modules\engine.io\node_modules\uws\src\Socket.h(86): error C2065: 'state' : undeclared identifier (..\src\Hub.cpp) [d:\study stuff\ASU\Fall 2017\AW\Assignment1\node_modules\socket.io\node_modules\engine.io\node_modules\uws\build\uws.vcxproj]
d:\study stuff\asu\fall 2017\aw\assignment1\node_modules\socket.io\node_modules\engine.io\node_modules\uws\src\Socket.h(426): error C2864: 'uS::Socket::prev' : only static const integral data members can be initialized within a class (..\src\Group.cpp) [d:\study stuff\ASU\Fall 2017\AW\Assignment1\node_modules\socket.io\node_modules\engine.io\node_modules\uws\build\uws.vcxproj]
d:\study stuff\asu\fall 2017\aw\assignment1\node_modules\socket.io\node_modules\engine.io\node_modules\uws\src\Socket.h(91): error C2143: syntax error : missing ';' before '{' (..\src\Node.cpp) [d:\study stuff\ASU\Fall 2017\AW\Assignment1\node_modules\socket.io\node_modules\engine.io\node_modules\uws\build\uws.vcxproj]
d:\study stuff\asu\fall 2017\aw\assignment1\node_modules\socket.io\node_modules\engine.io\node_modules\uws\src\Socket.h(86): error C2228: left of '.shuttingDown' must have class/struct/union (..\src\Hub.cpp) [d:\study stuff\ASU\Fall 2017\AW\Assignment1\node_modules\socket.io\node_modules\engine.io\node_modules\uws\build\uws.vcxproj]
          type is ''unknown-type''
d:\study stuff\asu\fall 2017\aw\assignment1\node_modules\socket.io\node_modules\engine.io\node_modules\uws\src\Socket.h(77): error C2065: 'state' : undeclared identifier (..\src\Group.cpp) [d:\study stuff\ASU\Fall 2017\AW\Assignment1\node_modules\socket.io\node_modules\engine.io\node_modules\uws\build\uws.vcxproj]
d:\study stuff\asu\fall 2017\aw\assignment1\node_modules\socket.io\node_modules\engine.io\node_modules\uws\src\Socket.h(91): error C2143: syntax error : missing ';' before '}' (..\src\Node.cpp) [d:\study stuff\ASU\Fall 2017\AW\Assignment1\node_modules\socket.io\node_modules\engine.io\node_modules\uws\build\uws.vcxproj]
d:\study stuff\asu\fall 2017\aw\assignment1\node_modules\socket.io\node_modules\engine.io\node_modules\uws\src\Socket.h(91): error C2143: syntax error : missing ')' before '{' (..\src\Hub.cpp) [d:\study stuff\ASU\Fall 2017\AW\Assignment1\node_modules\socket.io\node_modules\engine.io\node_modules\uws\build\uws.vcxproj]
d:\study stuff\asu\fall 2017\aw\assignment1\node_modules\socket.io\node_modules\engine.io\node_modules\uws\src\Socket.h(77): error C2228: left of '.poll' must have class/struct/union (..\src\Group.cpp) [d:\study stuff\ASU\Fall 2017\AW\Assignment1\node_modules\socket.io\node_modules\engine.io\node_modules\uws\build\uws.vcxproj]
          type is ''unknown-type''
d:\study stuff\asu\fall 2017\aw\assignment1\node_modules\socket.io\node_modules\engine.io\node_modules\uws\src\Socket.h(91): error C2059: syntax error : ')' (..\src\Node.cpp) [d:\study stuff\ASU\Fall 2017\AW\Assignment1\node_modules\socket.io\node_modules\engine.io\node_modules\uws\build\uws.vcxproj]
d:\study stuff\asu\fall 2017\aw\assignment1\node_modules\socket.io\node_modules\engine.io\node_modules\uws\src\Socket.h(81): error C2065: 'state' : undeclared identifier (..\src\Group.cpp) [d:\study stuff\ASU\Fall 2017\AW\Assignment1\node_modules\socket.io\node_modules\engine.io\node_modules\uws\build\uws.vcxproj]
d:\study stuff\asu\fall 2017\aw\assignment1\node_modules\socket.io\node_modules\engine.io\node_modules\uws\src\Socket.h(91): error C2143: syntax error : missing ';' before '{' (..\src\Hub.cpp) [d:\study stuff\ASU\Fall 2017\AW\Assignment1\node_modules\socket.io\node_modules\engine.io\node_modules\uws\build\uws.vcxproj]
d:\study stuff\asu\fall 2017\aw\assignment1\node_modules\socket.io\node_modules\engine.io\node_modules\uws\src\Socket.h(81): error C2228: left of '.poll' must have class/struct/union (..\src\Group.cpp) [d:\study stuff\ASU\Fall 2017\AW\Assignment1\node_modules\socket.io\node_modules\engine.io\node_modules\uws\build\uws.vcxproj]
          type is ''unknown-type''
d:\study stuff\asu\fall 2017\aw\assignment1\node_modules\socket.io\node_modules\engine.io\node_modules\uws\src\Socket.h(91): error C2143: syntax error : missing ';' before '}' (..\src\Hub.cpp) [d:\study stuff\ASU\Fall 2017\AW\Assignment1\node_modules\socket.io\node_modules\engine.io\node_modules\uws\build\uws.vcxproj]
d:\study stuff\asu\fall 2017\aw\assignment1\node_modules\socket.io\node_modules\engine.io\node_modules\uws\src\Socket.h(86): error C2065: 'state' : undeclared identifier (..\src\Group.cpp) [d:\study stuff\ASU\Fall 2017\AW\Assignment1\node_modules\socket.io\node_modules\engine.io\node_modules\uws\build\uws.vcxproj]
d:\study stuff\asu\fall 2017\aw\assignment1\node_modules\socket.io\node_modules\engine.io\node_modules\uws\src\Socket.h(91): error C2059: syntax error : ')' (..\src\Hub.cpp) [d:\study stuff\ASU\Fall 2017\AW\Assignment1\node_modules\socket.io\node_modules\engine.io\node_modules\uws\build\uws.vcxproj]
d:\study stuff\asu\fall 2017\aw\assignment1\node_modules\socket.io\node_modules\engine.io\node_modules\uws\src\Socket.h(309): warning C4267: 'argument' : conversion from 'size_t' to 'int', possible loss of data (..\src\Node.cpp) [d:\study stuff\ASU\Fall 2017\AW\Assignment1\node_modules\socket.io\node_modules\engine.io\node_modules\uws\build\uws.vcxproj]
d:\study stuff\asu\fall 2017\aw\assignment1\node_modules\socket.io\node_modules\engine.io\node_modules\uws\src\Socket.h(86): error C2228: left of '.shuttingDown' must have class/struct/union (..\src\Group.cpp) [d:\study stuff\ASU\Fall 2017\AW\Assignment1\node_modules\socket.io\node_modules\engine.io\node_modules\uws\build\uws.vcxproj]
          type is ''unknown-type''
d:\study stuff\asu\fall 2017\aw\assignment1\node_modules\socket.io\node_modules\engine.io\node_modules\uws\src\Socket.h(314): warning C4244: 'argument' : conversion from 'ssize_t' to 'int', possible loss of data (..\src\Node.cpp) [d:\study stuff\ASU\Fall 2017\AW\Assignment1\node_modules\socket.io\node_modules\engine.io\node_modules\uws\build\uws.vcxproj]
d:\study stuff\asu\fall 2017\aw\assignment1\node_modules\socket.io\node_modules\engine.io\node_modules\uws\src\Socket.h(91): error C2143: syntax error : missing ')' before '{' (..\src\Group.cpp) [d:\study stuff\ASU\Fall 2017\AW\Assignment1\node_modules\socket.io\node_modules\engine.io\node_modules\uws\build\uws.vcxproj]
d:\study stuff\asu\fall 2017\aw\assignment1\node_modules\socket.io\node_modules\engine.io\node_modules\uws\src\Socket.h(328): warning C4267: 'argument' : conversion from 'size_t' to 'int', possible loss of data (..\src\Node.cpp) [d:\study stuff\ASU\Fall 2017\AW\Assignment1\node_modules\socket.io\node_modules\engine.io\node_modules\uws\build\uws.vcxproj]
d:\study stuff\asu\fall 2017\aw\assignment1\node_modules\socket.io\node_modules\engine.io\node_modules\uws\src\Socket.h(309): warning C4267: 'argument' : conversion from 'size_t' to 'int', possible loss of data (..\src\Hub.cpp) [d:\study stuff\ASU\Fall 2017\AW\Assignment1\node_modules\socket.io\node_modules\engine.io\node_modules\uws\build\uws.vcxproj]
d:\study stuff\asu\fall 2017\aw\assignment1\node_modules\socket.io\node_modules\engine.io\node_modules\uws\src\Socket.h(314): warning C4244: 'argument' : conversion from 'ssize_t' to 'int', possible loss of data (..\src\Hub.cpp) [d:\study stuff\ASU\Fall 2017\AW\Assignment1\node_modules\socket.io\node_modules\engine.io\node_modules\uws\build\uws.vcxproj]
d:\study stuff\asu\fall 2017\aw\assignment1\node_modules\socket.io\node_modules\engine.io\node_modules\uws\src\Socket.h(91): error C2143: syntax error : missing ';' before '{' (..\src\Group.cpp) [d:\study stuff\ASU\Fall 2017\AW\Assignment1\node_modules\socket.io\node_modules\engine.io\node_modules\uws\build\uws.vcxproj]
d:\study stuff\asu\fall 2017\aw\assignment1\node_modules\socket.io\node_modules\engine.io\node_modules\uws\src\Socket.h(488): error C2065: 'state' : undeclared identifier (..\src\Node.cpp) [d:\study stuff\ASU\Fall 2017\AW\Assignment1\node_modules\socket.io\node_modules\engine.io\node_modules\uws\build\uws.vcxproj]
d:\study stuff\asu\fall 2017\aw\assignment1\node_modules\socket.io\node_modules\engine.io\node_modules\uws\src\Socket.h(328): warning C4267: 'argument' : conversion from 'size_t' to 'int', possible loss of data (..\src\Hub.cpp) [d:\study stuff\ASU\Fall 2017\AW\Assignment1\node_modules\socket.io\node_modules\engine.io\node_modules\uws\build\uws.vcxproj]
d:\study stuff\asu\fall 2017\aw\assignment1\node_modules\socket.io\node_modules\engine.io\node_modules\uws\src\Socket.h(91): error C2143: syntax error : missing ';' before '}' (..\src\Group.cpp) [d:\study stuff\ASU\Fall 2017\AW\Assignment1\node_modules\socket.io\node_modules\engine.io\node_modules\uws\build\uws.vcxproj]
d:\study stuff\asu\fall 2017\aw\assignment1\node_modules\socket.io\node_modules\engine.io\node_modules\uws\src\Socket.h(488): error C2228: left of '.shuttingDown' must have class/struct/union (..\src\Node.cpp) [d:\study stuff\ASU\Fall 2017\AW\Assignment1\node_modules\socket.io\node_modules\engine.io\node_modules\uws\build\uws.vcxproj]
          type is ''unknown-type''
d:\study stuff\asu\fall 2017\aw\assignment1\node_modules\socket.io\node_modules\engine.io\node_modules\uws\src\Socket.h(91): error C2059: syntax error : ')' (..\src\Group.cpp) [d:\study stuff\ASU\Fall 2017\AW\Assignment1\node_modules\socket.io\node_modules\engine.io\node_modules\uws\build\uws.vcxproj]
d:\study stuff\asu\fall 2017\aw\assignment1\node_modules\socket.io\node_modules\engine.io\node_modules\uws\src\Socket.h(488): error C2065: 'state' : undeclared identifier (..\src\Hub.cpp) [d:\study stuff\ASU\Fall 2017\AW\Assignment1\node_modules\socket.io\node_modules\engine.io\node_modules\uws\build\uws.vcxproj]
d:\study stuff\asu\fall 2017\aw\assignment1\node_modules\socket.io\node_modules\engine.io\node_modules\uws\src\Socket.h(501): error C2864: 'uS::ListenSocket::timer' : only static const integral data members can be initialized within a class (..\src\Node.cpp) [d:\study stuff\ASU\Fall 2017\AW\Assignment1\node_modules\socket.io\node_modules\engine.io\node_modules\uws\build\uws.vcxproj]
d:\study stuff\asu\fall 2017\aw\assignment1\node_modules\socket.io\node_modules\engine.io\node_modules\uws\src\Socket.h(488): error C2228: left of '.shuttingDown' must have class/struct/union (..\src\Hub.cpp) [d:\study stuff\ASU\Fall 2017\AW\Assignment1\node_modules\socket.io\node_modules\engine.io\node_modules\uws\build\uws.vcxproj]
          type is ''unknown-type''
d:\study stuff\asu\fall 2017\aw\assignment1\node_modules\socket.io\node_modules\engine.io\node_modules\uws\src\Socket.h(309): warning C4267: 'argument' : conversion from 'size_t' to 'int', possible loss of data (..\src\Group.cpp) [d:\study stuff\ASU\Fall 2017\AW\Assignment1\node_modules\socket.io\node_modules\engine.io\node_modules\uws\build\uws.vcxproj]
d:\study stuff\asu\fall 2017\aw\assignment1\node_modules\socket.io\node_modules\engine.io\node_modules\uws\src\Socket.h(501): error C2864: 'uS::ListenSocket::timer' : only static const integral data members can be initialized within a class (..\src\Hub.cpp) [d:\study stuff\ASU\Fall 2017\AW\Assignment1\node_modules\socket.io\node_modules\engine.io\node_modules\uws\build\uws.vcxproj]
d:\study stuff\asu\fall 2017\aw\assignment1\node_modules\socket.io\node_modules\engine.io\node_modules\uws\src\Socket.h(314): warning C4244: 'argument' : conversion from 'ssize_t' to 'int', possible loss of data (..\src\Group.cpp) [d:\study stuff\ASU\Fall 2017\AW\Assignment1\node_modules\socket.io\node_modules\engine.io\node_modules\uws\build\uws.vcxproj]
d:\study stuff\asu\fall 2017\aw\assignment1\node_modules\socket.io\node_modules\engine.io\node_modules\uws\src\WebSocket.h(24): error C2864: 'uWS::WebSocket<isServer>::controlTipLength' : only static const integral data members can be initialized within a class (..\src\Hub.cpp) [d:\study stuff\ASU\Fall 2017\AW\Assignment1\node_modules\socket.io\node_modules\engine.io\node_modules\uws\build\uws.vcxproj]
          d:\study stuff\asu\fall 2017\aw\assignment1\node_modules\socket.io\node_modules\engine.io\node_modules\uws\src\WebSocket.h(85) : see reference to class template instantiation 'uWS::WebSocket<isServer>' being compiled
d:\study stuff\asu\fall 2017\aw\assignment1\node_modules\socket.io\node_modules\engine.io\node_modules\uws\src\Socket.h(328): warning C4267: 'argument' : conversion from 'size_t' to 'int', possible loss of data (..\src\Group.cpp) [d:\study stuff\ASU\Fall 2017\AW\Assignment1\node_modules\socket.io\node_modules\engine.io\node_modules\uws\build\uws.vcxproj]
d:\study stuff\asu\fall 2017\aw\assignment1\node_modules\socket.io\node_modules\engine.io\node_modules\uws\src\WebSocket.h(24): error C2864: 'uWS::WebSocket<isServer>::hasOutstandingPong' : only static const integral data members can be initialized within a class (..\src\Hub.cpp) [d:\study stuff\ASU\Fall 2017\AW\Assignment1\node_modules\socket.io\node_modules\engine.io\node_modules\uws\build\uws.vcxproj]
d:\study stuff\asu\fall 2017\aw\assignment1\node_modules\socket.io\node_modules\engine.io\node_modules\uws\src\Socket.h(488): error C2065: 'state' : undeclared identifier (..\src\Group.cpp) [d:\study stuff\ASU\Fall 2017\AW\Assignment1\node_modules\socket.io\node_modules\engine.io\node_modules\uws\build\uws.vcxproj]
d:\study stuff\asu\fall 2017\aw\assignment1\node_modules\socket.io\node_modules\engine.io\node_modules\uws\src\Socket.h(488): error C2228: left of '.shuttingDown' must have class/struct/union (..\src\Group.cpp) [d:\study stuff\ASU\Fall 2017\AW\Assignment1\node_modules\socket.io\node_modules\engine.io\node_modules\uws\build\uws.vcxproj]
          type is ''unknown-type''
d:\study stuff\asu\fall 2017\aw\assignment1\node_modules\socket.io\node_modules\engine.io\node_modules\uws\src\Socket.h(501): error C2864: 'uS::ListenSocket::timer' : only static const integral data members can be initialized within a class (..\src\Group.cpp) [d:\study stuff\ASU\Fall 2017\AW\Assignment1\node_modules\socket.io\node_modules\engine.io\node_modules\uws\build\uws.vcxproj]
d:\study stuff\asu\fall 2017\aw\assignment1\node_modules\socket.io\node_modules\engine.io\node_modules\uws\src\HTTPSocket.h(53): error C2059: syntax error : '{' (..\src\Hub.cpp) [d:\study stuff\ASU\Fall 2017\AW\Assignment1\node_modules\socket.io\node_modules\engine.io\node_modules\uws\build\uws.vcxproj]
d:\study stuff\asu\fall 2017\aw\assignment1\node_modules\socket.io\node_modules\engine.io\node_modules\uws\src\WebSocket.h(24): error C2864: 'uWS::WebSocket<isServer>::controlTipLength' : only static const integral data members can be initialized within a class (..\src\Group.cpp) [d:\study stuff\ASU\Fall 2017\AW\Assignment1\node_modules\socket.io\node_modules\engine.io\node_modules\uws\build\uws.vcxproj]
          d:\study stuff\asu\fall 2017\aw\assignment1\node_modules\socket.io\node_modules\engine.io\node_modules\uws\src\WebSocket.h(85) : see reference to class template instantiation 'uWS::WebSocket<isServer>' being compiled
d:\study stuff\asu\fall 2017\aw\assignment1\node_modules\socket.io\node_modules\engine.io\node_modules\uws\src\HTTPSocket.h(53): error C2143: syntax error : missing ';' before '{' (..\src\Hub.cpp) [d:\study stuff\ASU\Fall 2017\AW\Assignment1\node_modules\socket.io\node_modules\engine.io\node_modules\uws\build\uws.vcxproj]
d:\study stuff\asu\fall 2017\aw\assignment1\node_modules\socket.io\node_modules\engine.io\node_modules\uws\src\WebSocket.h(24): error C2864: 'uWS::WebSocket<isServer>::hasOutstandingPong' : only static const integral data members can be initialized within a class (..\src\Group.cpp) [d:\study stuff\ASU\Fall 2017\AW\Assignment1\node_modules\socket.io\node_modules\engine.io\node_modules\uws\build\uws.vcxproj]
  WebSocket.cpp
d:\study stuff\asu\fall 2017\aw\assignment1\node_modules\socket.io\node_modules\engine.io\node_modules\uws\src\HTTPSocket.h(53): error C2143: syntax error : missing ';' before '}' (..\src\Hub.cpp) [d:\study stuff\ASU\Fall 2017\AW\Assignment1\node_modules\socket.io\node_modules\engine.io\node_modules\uws\build\uws.vcxproj]
d:\study stuff\asu\fall 2017\aw\assignment1\node_modules\socket.io\node_modules\engine.io\node_modules\uws\src\HTTPSocket.h(60): error C2059: syntax error : '{' (..\src\Hub.cpp) [d:\study stuff\ASU\Fall 2017\AW\Assignment1\node_modules\socket.io\node_modules\engine.io\node_modules\uws\build\uws.vcxproj]
d:\study stuff\asu\fall 2017\aw\assignment1\node_modules\socket.io\node_modules\engine.io\node_modules\uws\src\HTTPSocket.h(60): error C2143: syntax error : missing ';' before '{' (..\src\Hub.cpp) [d:\study stuff\ASU\Fall 2017\AW\Assignment1\node_modules\socket.io\node_modules\engine.io\node_modules\uws\build\uws.vcxproj]
d:\study stuff\asu\fall 2017\aw\assignment1\node_modules\socket.io\node_modules\engine.io\node_modules\uws\src\HTTPSocket.h(60): error C2143: syntax error : missing ';' before '}' (..\src\Hub.cpp) [d:\study stuff\ASU\Fall 2017\AW\Assignment1\node_modules\socket.io\node_modules\engine.io\node_modules\uws\build\uws.vcxproj]
d:\study stuff\asu\fall 2017\aw\assignment1\node_modules\socket.io\node_modules\engine.io\node_modules\uws\src\HTTPSocket.h(53): error C2059: syntax error : '{' (..\src\Group.cpp) [d:\study stuff\ASU\Fall 2017\AW\Assignment1\node_modules\socket.io\node_modules\engine.io\node_modules\uws\build\uws.vcxproj]
d:\study stuff\asu\fall 2017\aw\assignment1\node_modules\socket.io\node_modules\engine.io\node_modules\uws\src\HTTPSocket.h(135): error C3855: 'uWS::HttpSocket': template parameter 'isServer' is incompatible with the declaration (..\src\Hub.cpp) [d:\study stuff\ASU\Fall 2017\AW\Assignment1\node_modules\socket.io\node_modules\engine.io\node_modules\uws\build\uws.vcxproj]
d:\study stuff\asu\fall 2017\aw\assignment1\node_modules\socket.io\node_modules\engine.io\node_modules\uws\src\HTTPSocket.h(53): error C2143: syntax error : missing ';' before '{' (..\src\Group.cpp) [d:\study stuff\ASU\Fall 2017\AW\Assignment1\node_modules\socket.io\node_modules\engine.io\node_modules\uws\build\uws.vcxproj]
d:\study stuff\asu\fall 2017\aw\assignment1\node_modules\socket.io\node_modules\engine.io\node_modules\uws\src\HTTPSocket.h(139): error C2864: 'uWS::HttpResponse::next' : only static const integral data members can be initialized within a class (..\src\Hub.cpp) [d:\study stuff\ASU\Fall 2017\AW\Assignment1\node_modules\socket.io\node_modules\engine.io\node_modules\uws\build\uws.vcxproj]
d:\study stuff\asu\fall 2017\aw\assignment1\node_modules\socket.io\node_modules\engine.io\node_modules\uws\src\HTTPSocket.h(53): error C2143: syntax error : missing ';' before '}' (..\src\Group.cpp) [d:\study stuff\ASU\Fall 2017\AW\Assignment1\node_modules\socket.io\node_modules\engine.io\node_modules\uws\build\uws.vcxproj]
d:\study stuff\asu\fall 2017\aw\assignment1\node_modules\socket.io\node_modules\engine.io\node_modules\uws\src\HTTPSocket.h(140): error C2864: 'uWS::HttpResponse::userData' : only static const integral data members can be initialized within a class (..\src\Hub.cpp) [d:\study stuff\ASU\Fall 2017\AW\Assignment1\node_modules\socket.io\node_modules\engine.io\node_modules\uws\build\uws.vcxproj]
d:\study stuff\asu\fall 2017\aw\assignment1\node_modules\socket.io\node_modules\engine.io\node_modules\uws\src\HTTPSocket.h(60): error C2059: syntax error : '{' (..\src\Group.cpp) [d:\study stuff\ASU\Fall 2017\AW\Assignment1\node_modules\socket.io\node_modules\engine.io\node_modules\uws\build\uws.vcxproj]
d:\study stuff\asu\fall 2017\aw\assignment1\node_modules\socket.io\node_modules\engine.io\node_modules\uws\src\HTTPSocket.h(141): error C2864: 'uWS::HttpResponse::extraUserData' : only static const integral data members can be initialized within a class (..\src\Hub.cpp) [d:\study stuff\ASU\Fall 2017\AW\Assignment1\node_modules\socket.io\node_modules\engine.io\node_modules\uws\build\uws.vcxproj]
d:\study stuff\asu\fall 2017\aw\assignment1\node_modules\socket.io\node_modules\engine.io\node_modules\uws\src\HTTPSocket.h(60): error C2143: syntax error : missing ';' before '{' (..\src\Group.cpp) [d:\study stuff\ASU\Fall 2017\AW\Assignment1\node_modules\socket.io\node_modules\engine.io\node_modules\uws\build\uws.vcxproj]
d:\study stuff\asu\fall 2017\aw\assignment1\node_modules\socket.io\node_modules\engine.io\node_modules\uws\src\HTTPSocket.h(60): error C2143: syntax error : missing ';' before '}' (..\src\Group.cpp) [d:\study stuff\ASU\Fall 2017\AW\Assignment1\node_modules\socket.io\node_modules\engine.io\node_modules\uws\build\uws.vcxproj]
d:\study stuff\asu\fall 2017\aw\assignment1\node_modules\socket.io\node_modules\engine.io\node_modules\uws\src\HTTPSocket.h(135): error C3855: 'uWS::HttpSocket': template parameter 'isServer' is incompatible with the declaration (..\src\Group.cpp) [d:\study stuff\ASU\Fall 2017\AW\Assignment1\node_modules\socket.io\node_modules\engine.io\node_modules\uws\build\uws.vcxproj]
d:\study stuff\asu\fall 2017\aw\assignment1\node_modules\socket.io\node_modules\engine.io\node_modules\uws\src\HTTPSocket.h(139): error C2864: 'uWS::HttpResponse::next' : only static const integral data members can be initialized within a class (..\src\Group.cpp) [d:\study stuff\ASU\Fall 2017\AW\Assignment1\node_modules\socket.io\node_modules\engine.io\node_modules\uws\build\uws.vcxproj]
d:\study stuff\asu\fall 2017\aw\assignment1\node_modules\socket.io\node_modules\engine.io\node_modules\uws\src\HTTPSocket.h(140): error C2864: 'uWS::HttpResponse::userData' : only static const integral data members can be initialized within a class (..\src\Group.cpp) [d:\study stuff\ASU\Fall 2017\AW\Assignment1\node_modules\socket.io\node_modules\engine.io\node_modules\uws\build\uws.vcxproj]
d:\study stuff\asu\fall 2017\aw\assignment1\node_modules\socket.io\node_modules\engine.io\node_modules\uws\src\HTTPSocket.h(141): error C2864: 'uWS::HttpResponse::extraUserData' : only static const integral data members can be initialized within a class (..\src\Group.cpp) [d:\study stuff\ASU\Fall 2017\AW\Assignment1\node_modules\socket.io\node_modules\engine.io\node_modules\uws\build\uws.vcxproj]
d:\study stuff\asu\fall 2017\aw\assignment1\node_modules\socket.io\node_modules\engine.io\node_modules\uws\src\HTTPSocket.h(142): error C2027: use of undefined type 'uWS::HttpSocket' (..\src\Hub.cpp) [d:\study stuff\ASU\Fall 2017\AW\Assignment1\node_modules\socket.io\node_modules\engine.io\node_modules\uws\build\uws.vcxproj]
          d:\study stuff\asu\fall 2017\aw\assignment1\node_modules\socket.io\node_modules\engine.io\node_modules\uws\src\HTTPSocket.h(109) : see declaration of 'uWS::HttpSocket'
d:\study stuff\asu\fall 2017\aw\assignment1\node_modules\socket.io\node_modules\engine.io\node_modules\uws\src\HTTPSocket.h(142): error C2027: use of undefined type 'uWS::HttpSocket' (..\src\Group.cpp) [d:\study stuff\ASU\Fall 2017\AW\Assignment1\node_modules\socket.io\node_modules\engine.io\node_modules\uws\build\uws.vcxproj]
          d:\study stuff\asu\fall 2017\aw\assignment1\node_modules\socket.io\node_modules\engine.io\node_modules\uws\src\HTTPSocket.h(109) : see declaration of 'uWS::HttpSocket'
d:\study stuff\asu\fall 2017\aw\assignment1\node_modules\socket.io\node_modules\engine.io\node_modules\uws\src\HTTPSocket.h(142): error C2143: syntax error : missing ';' before '*' (..\src\Hub.cpp) [d:\study stuff\ASU\Fall 2017\AW\Assignment1\node_modules\socket.io\node_modules\engine.io\node_modules\uws\build\uws.vcxproj]
d:\study stuff\asu\fall 2017\aw\assignment1\node_modules\socket.io\node_modules\engine.io\node_modules\uws\src\HTTPSocket.h(142): error C2143: syntax error : missing ';' before '*' (..\src\Group.cpp) [d:\study stuff\ASU\Fall 2017\AW\Assignment1\node_modules\socket.io\node_modules\engine.io\node_modules\uws\build\uws.vcxproj]
d:\study stuff\asu\fall 2017\aw\assignment1\node_modules\socket.io\node_modules\engine.io\node_modules\uws\src\HTTPSocket.h(142): error C4430: missing type specifier - int assumed. Note: C++ does not support default-int (..\src\Hub.cpp) [d:\study stuff\ASU\Fall 2017\AW\Assignment1\node_modules\socket.io\node_modules\engine.io\node_modules\uws\build\uws.vcxproj]
d:\study stuff\asu\fall 2017\aw\assignment1\node_modules\socket.io\node_modules\engine.io\node_modules\uws\src\HTTPSocket.h(142): error C4430: missing type specifier - int assumed. Note: C++ does not support default-int (..\src\Group.cpp) [d:\study stuff\ASU\Fall 2017\AW\Assignment1\node_modules\socket.io\node_modules\engine.io\node_modules\uws\build\uws.vcxproj]
d:\study stuff\asu\fall 2017\aw\assignment1\node_modules\socket.io\node_modules\engine.io\node_modules\uws\src\HTTPSocket.h(142): error C2864: 'uWS::HttpResponse::messageQueue' : only static const integral data members can be initialized within a class (..\src\Hub.cpp) [d:\study stuff\ASU\Fall 2017\AW\Assignment1\node_modules\socket.io\node_modules\engine.io\node_modules\uws\build\uws.vcxproj]
d:\study stuff\asu\fall 2017\aw\assignment1\node_modules\socket.io\node_modules\engine.io\node_modules\uws\src\HTTPSocket.h(142): error C2864: 'uWS::HttpResponse::messageQueue' : only static const integral data members can be initialized within a class (..\src\Group.cpp) [d:\study stuff\ASU\Fall 2017\AW\Assignment1\node_modules\socket.io\node_modules\engine.io\node_modules\uws\build\uws.vcxproj]
d:\study stuff\asu\fall 2017\aw\assignment1\node_modules\socket.io\node_modules\engine.io\node_modules\uws\src\HTTPSocket.h(143): error C2864: 'uWS::HttpResponse::hasEnded' : only static const integral data members can be initialized within a class (..\src\Hub.cpp) [d:\study stuff\ASU\Fall 2017\AW\Assignment1\node_modules\socket.io\node_modules\engine.io\node_modules\uws\build\uws.vcxproj]
d:\study stuff\asu\fall 2017\aw\assignment1\node_modules\socket.io\node_modules\engine.io\node_modules\uws\src\HTTPSocket.h(143): error C2864: 'uWS::HttpResponse::hasEnded' : only static const integral data members can be initialized within a class (..\src\Group.cpp) [d:\study stuff\ASU\Fall 2017\AW\Assignment1\node_modules\socket.io\node_modules\engine.io\node_modules\uws\build\uws.vcxproj]
d:\study stuff\asu\fall 2017\aw\assignment1\node_modules\socket.io\node_modules\engine.io\node_modules\uws\src\HTTPSocket.h(144): error C2864: 'uWS::HttpResponse::hasHead' : only static const integral data members can be initialized within a class (..\src\Hub.cpp) [d:\study stuff\ASU\Fall 2017\AW\Assignment1\node_modules\socket.io\node_modules\engine.io\node_modules\uws\build\uws.vcxproj]
d:\study stuff\asu\fall 2017\aw\assignment1\node_modules\socket.io\node_modules\engine.io\node_modules\uws\src\HTTPSocket.h(144): error C2864: 'uWS::HttpResponse::hasHead' : only static const integral data members can be initialized within a class (..\src\Group.cpp) [d:\study stuff\ASU\Fall 2017\AW\Assignment1\node_modules\socket.io\node_modules\engine.io\node_modules\uws\build\uws.vcxproj]
d:\study stuff\asu\fall 2017\aw\assignment1\node_modules\socket.io\node_modules\engine.io\node_modules\uws\src\HTTPSocket.h(163): error C2027: use of undefined type 'uWS::HttpSocket' (..\src\Hub.cpp) [d:\study stuff\ASU\Fall 2017\AW\Assignment1\node_modules\socket.io\node_modules\engine.io\node_modules\uws\build\uws.vcxproj]
          d:\study stuff\asu\fall 2017\aw\assignment1\node_modules\socket.io\node_modules\engine.io\node_modules\uws\src\HTTPSocket.h(109) : see declaration of 'uWS::HttpSocket'
d:\study stuff\asu\fall 2017\aw\assignment1\node_modules\socket.io\node_modules\engine.io\node_modules\uws\src\HTTPSocket.h(163): error C2027: use of undefined type 'uWS::HttpSocket' (..\src\Group.cpp) [d:\study stuff\ASU\Fall 2017\AW\Assignment1\node_modules\socket.io\node_modules\engine.io\node_modules\uws\build\uws.vcxproj]
          d:\study stuff\asu\fall 2017\aw\assignment1\node_modules\socket.io\node_modules\engine.io\node_modules\uws\src\HTTPSocket.h(109) : see declaration of 'uWS::HttpSocket'
d:\study stuff\asu\fall 2017\aw\assignment1\node_modules\socket.io\node_modules\engine.io\node_modules\uws\src\HTTPSocket.h(163): error C2227: left of '->preAllocatedResponse' must point to class/struct/union/generic type (..\src\Hub.cpp) [d:\study stuff\ASU\Fall 2017\AW\Assignment1\node_modules\socket.io\node_modules\engine.io\node_modules\uws\build\uws.vcxproj]
d:\study stuff\asu\fall 2017\aw\assignment1\node_modules\socket.io\node_modules\engine.io\node_modules\uws\src\HTTPSocket.h(163): error C2227: left of '->preAllocatedResponse' must point to class/struct/union/generic type (..\src\Group.cpp) [d:\study stuff\ASU\Fall 2017\AW\Assignment1\node_modules\socket.io\node_modules\engine.io\node_modules\uws\build\uws.vcxproj]
d:\study stuff\asu\fall 2017\aw\assignment1\node_modules\socket.io\node_modules\engine.io\node_modules\uws\src\HTTPSocket.h(166): error C2027: use of undefined type 'uWS::HttpSocket' (..\src\Hub.cpp) [d:\study stuff\ASU\Fall 2017\AW\Assignment1\node_modules\socket.io\node_modules\engine.io\node_modules\uws\build\uws.vcxproj]
          d:\study stuff\asu\fall 2017\aw\assignment1\node_modules\socket.io\node_modules\engine.io\node_modules\uws\src\HTTPSocket.h(109) : see declaration of 'uWS::HttpSocket'
d:\study stuff\asu\fall 2017\aw\assignment1\node_modules\socket.io\node_modules\engine.io\node_modules\uws\src\HTTPSocket.h(166): error C2027: use of undefined type 'uWS::HttpSocket' (..\src\Group.cpp) [d:\study stuff\ASU\Fall 2017\AW\Assignment1\node_modules\socket.io\node_modules\engine.io\node_modules\uws\build\uws.vcxproj]
          d:\study stuff\asu\fall 2017\aw\assignment1\node_modules\socket.io\node_modules\engine.io\node_modules\uws\src\HTTPSocket.h(109) : see declaration of 'uWS::HttpSocket'
d:\study stuff\asu\fall 2017\aw\assignment1\node_modules\socket.io\node_modules\engine.io\node_modules\uws\src\HTTPSocket.h(166): error C2227: left of '->preAllocatedResponse' must point to class/struct/union/generic type (..\src\Hub.cpp) [d:\study stuff\ASU\Fall 2017\AW\Assignment1\node_modules\socket.io\node_modules\engine.io\node_modules\uws\build\uws.vcxproj]
d:\study stuff\asu\fall 2017\aw\assignment1\node_modules\socket.io\node_modules\engine.io\node_modules\uws\src\HTTPSocket.h(166): error C2227: left of '->preAllocatedResponse' must point to class/struct/union/generic type (..\src\Group.cpp) [d:\study stuff\ASU\Fall 2017\AW\Assignment1\node_modules\socket.io\node_modules\engine.io\node_modules\uws\build\uws.vcxproj]
d:\study stuff\asu\fall 2017\aw\assignment1\node_modules\socket.io\node_modules\engine.io\node_modules\uws\src\HTTPSocket.h(185): error C2027: use of undefined type 'uWS::HttpSocket' (..\src\Hub.cpp) [d:\study stuff\ASU\Fall 2017\AW\Assignment1\node_modules\socket.io\node_modules\engine.io\node_modules\uws\build\uws.vcxproj]
          d:\study stuff\asu\fall 2017\aw\assignment1\node_modules\socket.io\node_modules\engine.io\node_modules\uws\src\HTTPSocket.h(109) : see declaration of 'uWS::HttpSocket'
d:\study stuff\asu\fall 2017\aw\assignment1\node_modules\socket.io\node_modules\engine.io\node_modules\uws\src\HTTPSocket.h(185): error C2027: use of undefined type 'uWS::HttpSocket' (..\src\Group.cpp) [d:\study stuff\ASU\Fall 2017\AW\Assignment1\node_modules\socket.io\node_modules\engine.io\node_modules\uws\build\uws.vcxproj]
          d:\study stuff\asu\fall 2017\aw\assignment1\node_modules\socket.io\node_modules\engine.io\node_modules\uws\src\HTTPSocket.h(109) : see declaration of 'uWS::HttpSocket'
d:\study stuff\asu\fall 2017\aw\assignment1\node_modules\socket.io\node_modules\engine.io\node_modules\uws\src\HTTPSocket.h(185): error C2227: left of '->sendTransformed' must point to class/struct/union/generic type (..\src\Hub.cpp) [d:\study stuff\ASU\Fall 2017\AW\Assignment1\node_modules\socket.io\node_modules\engine.io\node_modules\uws\build\uws.vcxproj]
d:\study stuff\asu\fall 2017\aw\assignment1\node_modules\socket.io\node_modules\engine.io\node_modules\uws\src\HTTPSocket.h(185): error C2227: left of '->sendTransformed' must point to class/struct/union/generic type (..\src\Group.cpp) [d:\study stuff\ASU\Fall 2017\AW\Assignment1\node_modules\socket.io\node_modules\engine.io\node_modules\uws\build\uws.vcxproj]
d:\study stuff\asu\fall 2017\aw\assignment1\node_modules\socket.io\node_modules\engine.io\node_modules\uws\src\HTTPSocket.h(213): error C2027: use of undefined type 'uWS::HttpSocket' (..\src\Hub.cpp) [d:\study stuff\ASU\Fall 2017\AW\Assignment1\node_modules\socket.io\node_modules\engine.io\node_modules\uws\build\uws.vcxproj]
          d:\study stuff\asu\fall 2017\aw\assignment1\node_modules\socket.io\node_modules\engine.io\node_modules\uws\src\HTTPSocket.h(109) : see declaration of 'uWS::HttpSocket'
d:\study stuff\asu\fall 2017\aw\assignment1\node_modules\socket.io\node_modules\engine.io\node_modules\uws\src\HTTPSocket.h(213): error C2027: use of undefined type 'uWS::HttpSocket' (..\src\Group.cpp) [d:\study stuff\ASU\Fall 2017\AW\Assignment1\node_modules\socket.io\node_modules\engine.io\node_modules\uws\build\uws.vcxproj]
          d:\study stuff\asu\fall 2017\aw\assignment1\node_modules\socket.io\node_modules\engine.io\node_modules\uws\src\HTTPSocket.h(109) : see declaration of 'uWS::HttpSocket'
d:\study stuff\asu\fall 2017\aw\assignment1\node_modules\socket.io\node_modules\engine.io\node_modules\uws\src\HTTPSocket.h(213): error C2227: left of '->outstandingResponsesHead' must point to class/struct/union/generic type (..\src\Hub.cpp) [d:\study stuff\ASU\Fall 2017\AW\Assignment1\node_modules\socket.io\node_modules\engine.io\node_modules\uws\build\uws.vcxproj]
d:\study stuff\asu\fall 2017\aw\assignment1\node_modules\socket.io\node_modules\engine.io\node_modules\uws\src\HTTPSocket.h(213): error C2227: left of '->outstandingResponsesHead' must point to class/struct/union/generic type (..\src\Group.cpp) [d:\study stuff\ASU\Fall 2017\AW\Assignment1\node_modules\socket.io\node_modules\engine.io\node_modules\uws\build\uws.vcxproj]
d:\study stuff\asu\fall 2017\aw\assignment1\node_modules\socket.io\node_modules\engine.io\node_modules\uws\src\HTTPSocket.h(214): error C2027: use of undefined type 'uWS::HttpSocket' (..\src\Hub.cpp) [d:\study stuff\ASU\Fall 2017\AW\Assignment1\node_modules\socket.io\node_modules\engine.io\node_modules\uws\build\uws.vcxproj]
          d:\study stuff\asu\fall 2017\aw\assignment1\node_modules\socket.io\node_modules\engine.io\node_modules\uws\src\HTTPSocket.h(109) : see declaration of 'uWS::HttpSocket'
d:\study stuff\asu\fall 2017\aw\assignment1\node_modules\socket.io\node_modules\engine.io\node_modules\uws\src\HTTPSocket.h(214): error C2027: use of undefined type 'uWS::HttpSocket' (..\src\Group.cpp) [d:\study stuff\ASU\Fall 2017\AW\Assignment1\node_modules\socket.io\node_modules\engine.io\node_modules\uws\build\uws.vcxproj]
          d:\study stuff\asu\fall 2017\aw\assignment1\node_modules\socket.io\node_modules\engine.io\node_modules\uws\src\HTTPSocket.h(109) : see declaration of 'uWS::HttpSocket'
d:\study stuff\asu\fall 2017\aw\assignment1\node_modules\socket.io\node_modules\engine.io\node_modules\uws\src\HTTPSocket.h(214): error C2065: 'Message' : undeclared identifier (..\src\Hub.cpp) [d:\study stuff\ASU\Fall 2017\AW\Assignment1\node_modules\socket.io\node_modules\engine.io\node_modules\uws\build\uws.vcxproj]
d:\study stuff\asu\fall 2017\aw\assignment1\node_modules\socket.io\node_modules\engine.io\node_modules\uws\src\HTTPSocket.h(214): error C2065: 'Message' : undeclared identifier (..\src\Group.cpp) [d:\study stuff\ASU\Fall 2017\AW\Assignment1\node_modules\socket.io\node_modules\engine.io\node_modules\uws\build\uws.vcxproj]
d:\study stuff\asu\fall 2017\aw\assignment1\node_modules\socket.io\node_modules\engine.io\node_modules\uws\src\HTTPSocket.h(214): error C2065: 'messagePtr' : undeclared identifier (..\src\Hub.cpp) [d:\study stuff\ASU\Fall 2017\AW\Assignment1\node_modules\socket.io\node_modules\engine.io\node_modules\uws\build\uws.vcxproj]
d:\study stuff\asu\fall 2017\aw\assignment1\node_modules\socket.io\node_modules\engine.io\node_modules\uws\src\HTTPSocket.h(214): error C2065: 'messagePtr' : undeclared identifier (..\src\Group.cpp) [d:\study stuff\ASU\Fall 2017\AW\Assignment1\node_modules\socket.io\node_modules\engine.io\node_modules\uws\build\uws.vcxproj]
          d:\study stuff\asu\fall 2017\aw\assignment1\node_modules\socket.io\node_modules\engine.io\node_modules\uws\src\HTTPSocket.h(109) : see declaration of 'uWS::HttpSocket'
          d:\study stuff\asu\fall 2017\aw\assignment1\node_modules\socket.io\node_modules\engine.io\node_modules\uws\src\HTTPSocket.h(109) : see declaration of 'uWS::HttpSocket'
d:\study stuff\asu\fall 2017\aw\assignment1\node_modules\socket.io\node_modules\engine.io\node_modules\uws\src\HTTPSocket.h(214): error C2227: left of '->allocMessage' must point to class/struct/union/generic type (..\src\Hub.cpp) [d:\study stuff\ASU\Fall 2017\AW\Assignment1\node_modules\socket.io\node_modules\engine.io\node_modules\uws\build\uws.vcxproj]
d:\study stuff\asu\fall 2017\aw\assignment1\node_modules\socket.io\node_modules\engine.io\node_modules\uws\src\HTTPSocket.h(214): error C2227: left of '->allocMessage' must point to class/struct/union/generic type (..\src\Group.cpp) [d:\study stuff\ASU\Fall 2017\AW\Assignment1\node_modules\socket.io\node_modules\engine.io\node_modules\uws\build\uws.vcxproj]
d:\study stuff\asu\fall 2017\aw\assignment1\node_modules\socket.io\node_modules\engine.io\node_modules\uws\src\HTTPSocket.h(215): error C2065: 'messagePtr' : undeclared identifier (..\src\Hub.cpp) [d:\study stuff\ASU\Fall 2017\AW\Assignment1\node_modules\socket.io\node_modules\engine.io\node_modules\uws\build\uws.vcxproj]
d:\study stuff\asu\fall 2017\aw\assignment1\node_modules\socket.io\node_modules\engine.io\node_modules\uws\src\HTTPSocket.h(215): error C2065: 'messagePtr' : undeclared identifier (..\src\Group.cpp) [d:\study stuff\ASU\Fall 2017\AW\Assignment1\node_modules\socket.io\node_modules\engine.io\node_modules\uws\build\uws.vcxproj]
d:\study stuff\asu\fall 2017\aw\assignment1\node_modules\socket.io\node_modules\engine.io\node_modules\uws\src\HTTPSocket.h(215): error C2227: left of '->length' must point to class/struct/union/generic type (..\src\Hub.cpp) [d:\study stuff\ASU\Fall 2017\AW\Assignment1\node_modules\socket.io\node_modules\engine.io\node_modules\uws\build\uws.vcxproj]
          type is ''unknown-type''
d:\study stuff\asu\fall 2017\aw\assignment1\node_modules\socket.io\node_modules\engine.io\node_modules\uws\src\HTTPSocket.h(215): error C2227: left of '->length' must point to class/struct/union/generic type (..\src\Group.cpp) [d:\study stuff\ASU\Fall 2017\AW\Assignment1\node_modules\socket.io\node_modules\engine.io\node_modules\uws\build\uws.vcxproj]
          type is ''unknown-type''
d:\study stuff\asu\fall 2017\aw\assignment1\node_modules\socket.io\node_modules\engine.io\node_modules\uws\src\HTTPSocket.h(215): error C2227: left of '->data' must point to class/struct/union/generic type (..\src\Hub.cpp) [d:\study stuff\ASU\Fall 2017\AW\Assignment1\node_modules\socket.io\node_modules\engine.io\node_modules\uws\build\uws.vcxproj]
          type is ''unknown-type''
d:\study stuff\asu\fall 2017\aw\assignment1\node_modules\socket.io\node_modules\engine.io\node_modules\uws\src\HTTPSocket.h(215): error C2227: left of '->data' must point to class/struct/union/generic type (..\src\Group.cpp) [d:\study stuff\ASU\Fall 2017\AW\Assignment1\node_modules\socket.io\node_modules\engine.io\node_modules\uws\build\uws.vcxproj]
          type is ''unknown-type''
d:\study stuff\asu\fall 2017\aw\assignment1\node_modules\socket.io\node_modules\engine.io\node_modules\uws\src\HTTPSocket.h(216): error C2065: 'messagePtr' : undeclared identifier (..\src\Hub.cpp) [d:\study stuff\ASU\Fall 2017\AW\Assignment1\node_modules\socket.io\node_modules\engine.io\node_modules\uws\build\uws.vcxproj]
d:\study stuff\asu\fall 2017\aw\assignment1\node_modules\socket.io\node_modules\engine.io\node_modules\uws\src\HTTPSocket.h(216): error C2065: 'messagePtr' : undeclared identifier (..\src\Group.cpp) [d:\study stuff\ASU\Fall 2017\AW\Assignment1\node_modules\socket.io\node_modules\engine.io\node_modules\uws\build\uws.vcxproj]
d:\study stuff\asu\fall 2017\aw\assignment1\node_modules\socket.io\node_modules\engine.io\node_modules\uws\src\HTTPSocket.h(216): error C2227: left of '->callback' must point to class/struct/union/generic type (..\src\Hub.cpp) [d:\study stuff\ASU\Fall 2017\AW\Assignment1\node_modules\socket.io\node_modules\engine.io\node_modules\uws\build\uws.vcxproj]
          type is ''unknown-type''
d:\study stuff\asu\fall 2017\aw\assignment1\node_modules\socket.io\node_modules\engine.io\node_modules\uws\src\HTTPSocket.h(216): error C2227: left of '->callback' must point to class/struct/union/generic type (..\src\Group.cpp) [d:\study stuff\ASU\Fall 2017\AW\Assignment1\node_modules\socket.io\node_modules\engine.io\node_modules\uws\build\uws.vcxproj]
          type is ''unknown-type''
d:\study stuff\asu\fall 2017\aw\assignment1\node_modules\socket.io\node_modules\engine.io\node_modules\uws\src\HTTPSocket.h(217): error C2065: 'messagePtr' : undeclared identifier (..\src\Hub.cpp) [d:\study stuff\ASU\Fall 2017\AW\Assignment1\node_modules\socket.io\node_modules\engine.io\node_modules\uws\build\uws.vcxproj]
d:\study stuff\asu\fall 2017\aw\assignment1\node_modules\socket.io\node_modules\engine.io\node_modules\uws\src\HTTPSocket.h(217): error C2065: 'messagePtr' : undeclared identifier (..\src\Group.cpp) [d:\study stuff\ASU\Fall 2017\AW\Assignment1\node_modules\socket.io\node_modules\engine.io\node_modules\uws\build\uws.vcxproj]
d:\study stuff\asu\fall 2017\aw\assignment1\node_modules\socket.io\node_modules\engine.io\node_modules\uws\src\HTTPSocket.h(217): error C2227: left of '->callbackData' must point to class/struct/union/generic type (..\src\Hub.cpp) [d:\study stuff\ASU\Fall 2017\AW\Assignment1\node_modules\socket.io\node_modules\engine.io\node_modules\uws\build\uws.vcxproj]
          type is ''unknown-type''
d:\study stuff\asu\fall 2017\aw\assignment1\node_modules\socket.io\node_modules\engine.io\node_modules\uws\src\HTTPSocket.h(217): error C2227: left of '->callbackData' must point to class/struct/union/generic type (..\src\Group.cpp) [d:\study stuff\ASU\Fall 2017\AW\Assignment1\node_modules\socket.io\node_modules\engine.io\node_modules\uws\build\uws.vcxproj]
          type is ''unknown-type''
d:\study stuff\asu\fall 2017\aw\assignment1\node_modules\socket.io\node_modules\engine.io\node_modules\uws\src\HTTPSocket.h(218): error C2065: 'messagePtr' : undeclared identifier (..\src\Hub.cpp) [d:\study stuff\ASU\Fall 2017\AW\Assignment1\node_modules\socket.io\node_modules\engine.io\node_modules\uws\build\uws.vcxproj]
d:\study stuff\asu\fall 2017\aw\assignment1\node_modules\socket.io\node_modules\engine.io\node_modules\uws\src\HTTPSocket.h(218): error C2065: 'messagePtr' : undeclared identifier (..\src\Group.cpp) [d:\study stuff\ASU\Fall 2017\AW\Assignment1\node_modules\socket.io\node_modules\engine.io\node_modules\uws\build\uws.vcxproj]
d:\study stuff\asu\fall 2017\aw\assignment1\node_modules\socket.io\node_modules\engine.io\node_modules\uws\src\HTTPSocket.h(218): error C2227: left of '->nextMessage' must point to class/struct/union/generic type (..\src\Hub.cpp) [d:\study stuff\ASU\Fall 2017\AW\Assignment1\node_modules\socket.io\node_modules\engine.io\node_modules\uws\build\uws.vcxproj]
          type is ''unknown-type''
d:\study stuff\asu\fall 2017\aw\assignment1\node_modules\socket.io\node_modules\engine.io\node_modules\uws\src\HTTPSocket.h(218): error C2227: left of '->nextMessage' must point to class/struct/union/generic type (..\src\Group.cpp) [d:\study stuff\ASU\Fall 2017\AW\Assignment1\node_modules\socket.io\node_modules\engine.io\node_modules\uws\build\uws.vcxproj]
          type is ''unknown-type''
d:\study stuff\asu\fall 2017\aw\assignment1\node_modules\socket.io\node_modules\engine.io\node_modules\uws\src\HTTPSocket.h(218): error C2065: 'messageQueue' : undeclared identifier (..\src\Hub.cpp) [d:\study stuff\ASU\Fall 2017\AW\Assignment1\node_modules\socket.io\node_modules\engine.io\node_modules\uws\build\uws.vcxproj]
d:\study stuff\asu\fall 2017\aw\assignment1\node_modules\socket.io\node_modules\engine.io\node_modules\uws\src\HTTPSocket.h(218): error C2065: 'messageQueue' : undeclared identifier (..\src\Group.cpp) [d:\study stuff\ASU\Fall 2017\AW\Assignment1\node_modules\socket.io\node_modules\engine.io\node_modules\uws\build\uws.vcxproj]
d:\study stuff\asu\fall 2017\aw\assignment1\node_modules\socket.io\node_modules\engine.io\node_modules\uws\src\HTTPSocket.h(219): error C2065: 'messageQueue' : undeclared identifier (..\src\Hub.cpp) [d:\study stuff\ASU\Fall 2017\AW\Assignment1\node_modules\socket.io\node_modules\engine.io\node_modules\uws\build\uws.vcxproj]
d:\study stuff\asu\fall 2017\aw\assignment1\node_modules\socket.io\node_modules\engine.io\node_modules\uws\src\HTTPSocket.h(219): error C2065: 'messageQueue' : undeclared identifier (..\src\Group.cpp) [d:\study stuff\ASU\Fall 2017\AW\Assignment1\node_modules\socket.io\node_modules\engine.io\node_modules\uws\build\uws.vcxproj]
d:\study stuff\asu\fall 2017\aw\assignment1\node_modules\socket.io\node_modules\engine.io\node_modules\uws\src\HTTPSocket.h(219): error C2065: 'messagePtr' : undeclared identifier (..\src\Hub.cpp) [d:\study stuff\ASU\Fall 2017\AW\Assignment1\node_modules\socket.io\node_modules\engine.io\node_modules\uws\build\uws.vcxproj]
d:\study stuff\asu\fall 2017\aw\assignment1\node_modules\socket.io\node_modules\engine.io\node_modules\uws\src\HTTPSocket.h(219): error C2065: 'messagePtr' : undeclared identifier (..\src\Group.cpp) [d:\study stuff\ASU\Fall 2017\AW\Assignment1\node_modules\socket.io\node_modules\engine.io\node_modules\uws\build\uws.vcxproj]
d:\study stuff\asu\fall 2017\aw\assignment1\node_modules\socket.io\node_modules\engine.io\node_modules\uws\src\HTTPSocket.h(222): error C2027: use of undefined type 'uWS::HttpSocket' (..\src\Hub.cpp) [d:\study stuff\ASU\Fall 2017\AW\Assignment1\node_modules\socket.io\node_modules\engine.io\node_modules\uws\build\uws.vcxproj]
          d:\study stuff\asu\fall 2017\aw\assignment1\node_modules\socket.io\node_modules\engine.io\node_modules\uws\src\HTTPSocket.h(109) : see declaration of 'uWS::HttpSocket'
d:\study stuff\asu\fall 2017\aw\assignment1\node_modules\socket.io\node_modules\engine.io\node_modules\uws\src\HTTPSocket.h(222): error C2027: use of undefined type 'uWS::HttpSocket' (..\src\Group.cpp) [d:\study stuff\ASU\Fall 2017\AW\Assignment1\node_modules\socket.io\node_modules\engine.io\node_modules\uws\build\uws.vcxproj]
          d:\study stuff\asu\fall 2017\aw\assignment1\node_modules\socket.io\node_modules\engine.io\node_modules\uws\src\HTTPSocket.h(109) : see declaration of 'uWS::HttpSocket'
d:\study stuff\asu\fall 2017\aw\assignment1\node_modules\socket.io\node_modules\engine.io\node_modules\uws\src\HTTPSocket.h(222): error C2227: left of '->sendTransformed' must point to class/struct/union/generic type (..\src\Hub.cpp) [d:\study stuff\ASU\Fall 2017\AW\Assignment1\node_modules\socket.io\node_modules\engine.io\node_modules\uws\build\uws.vcxproj]
d:\study stuff\asu\fall 2017\aw\assignment1\node_modules\socket.io\node_modules\engine.io\node_modules\uws\src\HTTPSocket.h(222): error C2227: left of '->sendTransformed' must point to class/struct/union/generic type (..\src\Group.cpp) [d:\study stuff\ASU\Fall 2017\AW\Assignment1\node_modules\socket.io\node_modules\engine.io\node_modules\uws\build\uws.vcxproj]
d:\study stuff\asu\fall 2017\aw\assignment1\node_modules\socket.io\node_modules\engine.io\node_modules\uws\src\HTTPSocket.h(227): error C2027: use of undefined type 'uWS::HttpSocket' (..\src\Hub.cpp) [d:\study stuff\ASU\Fall 2017\AW\Assignment1\node_modules\socket.io\node_modules\engine.io\node_modules\uws\build\uws.vcxproj]
          d:\study stuff\asu\fall 2017\aw\assignment1\node_modules\socket.io\node_modules\engine.io\node_modules\uws\src\HTTPSocket.h(109) : see declaration of 'uWS::HttpSocket'
d:\study stuff\asu\fall 2017\aw\assignment1\node_modules\socket.io\node_modules\engine.io\node_modules\uws\src\HTTPSocket.h(227): error C2027: use of undefined type 'uWS::HttpSocket' (..\src\Group.cpp) [d:\study stuff\ASU\Fall 2017\AW\Assignment1\node_modules\socket.io\node_modules\engine.io\node_modules\uws\build\uws.vcxproj]
          d:\study stuff\asu\fall 2017\aw\assignment1\node_modules\socket.io\node_modules\engine.io\node_modules\uws\src\HTTPSocket.h(109) : see declaration of 'uWS::HttpSocket'
d:\study stuff\asu\fall 2017\aw\assignment1\node_modules\socket.io\node_modules\engine.io\node_modules\uws\src\HTTPSocket.h(227): error C2065: 'Message' : undeclared identifier (..\src\Hub.cpp) [d:\study stuff\ASU\Fall 2017\AW\Assignment1\node_modules\socket.io\node_modules\engine.io\node_modules\uws\build\uws.vcxproj]
d:\study stuff\asu\fall 2017\aw\assignment1\node_modules\socket.io\node_modules\engine.io\node_modules\uws\src\HTTPSocket.h(227): error C2065: 'Message' : undeclared identifier (..\src\Group.cpp) [d:\study stuff\ASU\Fall 2017\AW\Assignment1\node_modules\socket.io\node_modules\engine.io\node_modules\uws\build\uws.vcxproj]
d:\study stuff\asu\fall 2017\aw\assignment1\node_modules\socket.io\node_modules\engine.io\node_modules\uws\src\HTTPSocket.h(227): error C2065: 'messagePtr' : undeclared identifier (..\src\Hub.cpp) [d:\study stuff\ASU\Fall 2017\AW\Assignment1\node_modules\socket.io\node_modules\engine.io\node_modules\uws\build\uws.vcxproj]
d:\study stuff\asu\fall 2017\aw\assignment1\node_modules\socket.io\node_modules\engine.io\node_modules\uws\src\HTTPSocket.h(227): error C2065: 'messagePtr' : undeclared identifier (..\src\Group.cpp) [d:\study stuff\ASU\Fall 2017\AW\Assignment1\node_modules\socket.io\node_modules\engine.io\node_modules\uws\build\uws.vcxproj]
d:\study stuff\asu\fall 2017\aw\assignment1\node_modules\socket.io\node_modules\engine.io\node_modules\uws\src\HTTPSocket.h(227): error C2039: 'messageQueue' : is not a member of 'uWS::HttpResponse' (..\src\Hub.cpp) [d:\study stuff\ASU\Fall 2017\AW\Assignment1\node_modules\socket.io\node_modules\engine.io\node_modules\uws\build\uws.vcxproj]
          d:\study stuff\asu\fall 2017\aw\assignment1\node_modules\socket.io\node_modules\engine.io\node_modules\uws\src\HTTPSocket.h(137) : see declaration of 'uWS::HttpResponse'
d:\study stuff\asu\fall 2017\aw\assignment1\node_modules\socket.io\node_modules\engine.io\node_modules\uws\src\HTTPSocket.h(227): error C2039: 'messageQueue' : is not a member of 'uWS::HttpResponse' (..\src\Group.cpp) [d:\study stuff\ASU\Fall 2017\AW\Assignment1\node_modules\socket.io\node_modules\engine.io\node_modules\uws\build\uws.vcxproj]
          d:\study stuff\asu\fall 2017\aw\assignment1\node_modules\socket.io\node_modules\engine.io\node_modules\uws\src\HTTPSocket.h(137) : see declaration of 'uWS::HttpResponse'
d:\study stuff\asu\fall 2017\aw\assignment1\node_modules\socket.io\node_modules\engine.io\node_modules\uws\src\HTTPSocket.h(228): error C2065: 'messagePtr' : undeclared identifier (..\src\Hub.cpp) [d:\study stuff\ASU\Fall 2017\AW\Assignment1\node_modules\socket.io\node_modules\engine.io\node_modules\uws\build\uws.vcxproj]
d:\study stuff\asu\fall 2017\aw\assignment1\node_modules\socket.io\node_modules\engine.io\node_modules\uws\src\HTTPSocket.h(228): error C2065: 'messagePtr' : undeclared identifier (..\src\Group.cpp) [d:\study stuff\ASU\Fall 2017\AW\Assignment1\node_modules\socket.io\node_modules\engine.io\node_modules\uws\build\uws.vcxproj]
d:\study stuff\asu\fall 2017\aw\assignment1\node_modules\socket.io\node_modules\engine.io\node_modules\uws\src\HTTPSocket.h(229): error C2027: use of undefined type 'uWS::HttpSocket' (..\src\Hub.cpp) [d:\study stuff\ASU\Fall 2017\AW\Assignment1\node_modules\socket.io\node_modules\engine.io\node_modules\uws\build\uws.vcxproj]
          d:\study stuff\asu\fall 2017\aw\assignment1\node_modules\socket.io\node_modules\engine.io\node_modules\uws\src\HTTPSocket.h(109) : see declaration of 'uWS::HttpSocket'
d:\study stuff\asu\fall 2017\aw\assignment1\node_modules\socket.io\node_modules\engine.io\node_modules\uws\src\HTTPSocket.h(229): error C2027: use of undefined type 'uWS::HttpSocket' (..\src\Group.cpp) [d:\study stuff\ASU\Fall 2017\AW\Assignment1\node_modules\socket.io\node_modules\engine.io\node_modules\uws\build\uws.vcxproj]
          d:\study stuff\asu\fall 2017\aw\assignment1\node_modules\socket.io\node_modules\engine.io\node_modules\uws\src\HTTPSocket.h(109) : see declaration of 'uWS::HttpSocket'
d:\study stuff\asu\fall 2017\aw\assignment1\node_modules\socket.io\node_modules\engine.io\node_modules\uws\src\HTTPSocket.h(229): error C2065: 'Message' : undeclared identifier (..\src\Hub.cpp) [d:\study stuff\ASU\Fall 2017\AW\Assignment1\node_modules\socket.io\node_modules\engine.io\node_modules\uws\build\uws.vcxproj]
d:\study stuff\asu\fall 2017\aw\assignment1\node_modules\socket.io\node_modules\engine.io\node_modules\uws\src\HTTPSocket.h(229): error C2065: 'Message' : undeclared identifier (..\src\Group.cpp) [d:\study stuff\ASU\Fall 2017\AW\Assignment1\node_modules\socket.io\node_modules\engine.io\node_modules\uws\build\uws.vcxproj]
d:\study stuff\asu\fall 2017\aw\assignment1\node_modules\socket.io\node_modules\engine.io\node_modules\uws\src\HTTPSocket.h(229): error C2065: 'nextMessage' : undeclared identifier (..\src\Hub.cpp) [d:\study stuff\ASU\Fall 2017\AW\Assignment1\node_modules\socket.io\node_modules\engine.io\node_modules\uws\build\uws.vcxproj]
d:\study stuff\asu\fall 2017\aw\assignment1\node_modules\socket.io\node_modules\engine.io\node_modules\uws\src\HTTPSocket.h(229): error C2065: 'nextMessage' : undeclared identifier (..\src\Group.cpp) [d:\study stuff\ASU\Fall 2017\AW\Assignment1\node_modules\socket.io\node_modules\engine.io\node_modules\uws\build\uws.vcxproj]
d:\study stuff\asu\fall 2017\aw\assignment1\node_modules\socket.io\node_modules\engine.io\node_modules\uws\src\HTTPSocket.h(229): error C2065: 'messagePtr' : undeclared identifier (..\src\Hub.cpp) [d:\study stuff\ASU\Fall 2017\AW\Assignment1\node_modules\socket.io\node_modules\engine.io\node_modules\uws\build\uws.vcxproj]
d:\study stuff\asu\fall 2017\aw\assignment1\node_modules\socket.io\node_modules\engine.io\node_modules\uws\src\HTTPSocket.h(229): error C2065: 'messagePtr' : undeclared identifier (..\src\Group.cpp) [d:\study stuff\ASU\Fall 2017\AW\Assignment1\node_modules\socket.io\node_modules\engine.io\node_modules\uws\build\uws.vcxproj]
d:\study stuff\asu\fall 2017\aw\assignment1\node_modules\socket.io\node_modules\engine.io\node_modules\uws\src\HTTPSocket.h(229): error C2227: left of '->nextMessage' must point to class/struct/union/generic type (..\src\Hub.cpp) [d:\study stuff\ASU\Fall 2017\AW\Assignment1\node_modules\socket.io\node_modules\engine.io\node_modules\uws\build\uws.vcxproj]
          type is ''unknown-type''
d:\study stuff\asu\fall 2017\aw\assignment1\node_modules\socket.io\node_modules\engine.io\node_modules\uws\src\HTTPSocket.h(229): error C2227: left of '->nextMessage' must point to class/struct/union/generic type (..\src\Group.cpp) [d:\study stuff\ASU\Fall 2017\AW\Assignment1\node_modules\socket.io\node_modules\engine.io\node_modules\uws\build\uws.vcxproj]
          type is ''unknown-type''
d:\study stuff\asu\fall 2017\aw\assignment1\node_modules\socket.io\node_modules\engine.io\node_modules\uws\src\HTTPSocket.h(232): error C2027: use of undefined type 'uWS::HttpSocket' (..\src\Hub.cpp) [d:\study stuff\ASU\Fall 2017\AW\Assignment1\node_modules\socket.io\node_modules\engine.io\node_modules\uws\build\uws.vcxproj]
          d:\study stuff\asu\fall 2017\aw\assignment1\node_modules\socket.io\node_modules\engine.io\node_modules\uws\src\HTTPSocket.h(109) : see declaration of 'uWS::HttpSocket'
d:\study stuff\asu\fall 2017\aw\assignment1\node_modules\socket.io\node_modules\engine.io\node_modules\uws\src\HTTPSocket.h(232): error C2027: use of undefined type 'uWS::HttpSocket' (..\src\Group.cpp) [d:\study stuff\ASU\Fall 2017\AW\Assignment1\node_modules\socket.io\node_modules\engine.io\node_modules\uws\build\uws.vcxproj]
          d:\study stuff\asu\fall 2017\aw\assignment1\node_modules\socket.io\node_modules\engine.io\node_modules\uws\src\HTTPSocket.h(109) : see declaration of 'uWS::HttpSocket'
d:\study stuff\asu\fall 2017\aw\assignment1\node_modules\socket.io\node_modules\engine.io\node_modules\uws\src\HTTPSocket.h(232): error C2227: left of '->write' must point to class/struct/union/generic type (..\src\Hub.cpp) [d:\study stuff\ASU\Fall 2017\AW\Assignment1\node_modules\socket.io\node_modules\engine.io\node_modules\uws\build\uws.vcxproj]
d:\study stuff\asu\fall 2017\aw\assignment1\node_modules\socket.io\node_modules\engine.io\node_modules\uws\src\HTTPSocket.h(232): error C2227: left of '->write' must point to class/struct/union/generic type (..\src\Group.cpp) [d:\study stuff\ASU\Fall 2017\AW\Assignment1\node_modules\socket.io\node_modules\engine.io\node_modules\uws\build\uws.vcxproj]
d:\study stuff\asu\fall 2017\aw\assignment1\node_modules\socket.io\node_modules\engine.io\node_modules\uws\src\HTTPSocket.h(232): error C2065: 'messagePtr' : undeclared identifier (..\src\Hub.cpp) [d:\study stuff\ASU\Fall 2017\AW\Assignment1\node_modules\socket.io\node_modules\engine.io\node_modules\uws\build\uws.vcxproj]
d:\study stuff\asu\fall 2017\aw\assignment1\node_modules\socket.io\node_modules\engine.io\node_modules\uws\src\HTTPSocket.h(232): error C2065: 'messagePtr' : undeclared identifier (..\src\Group.cpp) [d:\study stuff\ASU\Fall 2017\AW\Assignment1\node_modules\socket.io\node_modules\engine.io\node_modules\uws\build\uws.vcxproj]
d:\study stuff\asu\fall 2017\aw\assignment1\node_modules\socket.io\node_modules\engine.io\node_modules\uws\src\HTTPSocket.h(234): error C2027: use of undefined type 'uWS::HttpSocket' (..\src\Hub.cpp) [d:\study stuff\ASU\Fall 2017\AW\Assignment1\node_modules\socket.io\node_modules\engine.io\node_modules\uws\build\uws.vcxproj]
          d:\study stuff\asu\fall 2017\aw\assignment1\node_modules\socket.io\node_modules\engine.io\node_modules\uws\src\HTTPSocket.h(109) : see declaration of 'uWS::HttpSocket'
d:\study stuff\asu\fall 2017\aw\assignment1\node_modules\socket.io\node_modules\engine.io\node_modules\uws\src\HTTPSocket.h(234): error C2027: use of undefined type 'uWS::HttpSocket' (..\src\Group.cpp) [d:\study stuff\ASU\Fall 2017\AW\Assignment1\node_modules\socket.io\node_modules\engine.io\node_modules\uws\build\uws.vcxproj]
          d:\study stuff\asu\fall 2017\aw\assignment1\node_modules\socket.io\node_modules\engine.io\node_modules\uws\src\HTTPSocket.h(109) : see declaration of 'uWS::HttpSocket'
d:\study stuff\asu\fall 2017\aw\assignment1\node_modules\socket.io\node_modules\engine.io\node_modules\uws\src\HTTPSocket.h(234): error C2227: left of '->freeMessage' must point to class/struct/union/generic type (..\src\Hub.cpp) [d:\study stuff\ASU\Fall 2017\AW\Assignment1\node_modules\socket.io\node_modules\engine.io\node_modules\uws\build\uws.vcxproj]
d:\study stuff\asu\fall 2017\aw\assignment1\node_modules\socket.io\node_modules\engine.io\node_modules\uws\src\HTTPSocket.h(234): error C2227: left of '->freeMessage' must point to class/struct/union/generic type (..\src\Group.cpp) [d:\study stuff\ASU\Fall 2017\AW\Assignment1\node_modules\socket.io\node_modules\engine.io\node_modules\uws\build\uws.vcxproj]
d:\study stuff\asu\fall 2017\aw\assignment1\node_modules\socket.io\node_modules\engine.io\node_modules\uws\src\HTTPSocket.h(234): error C2065: 'messagePtr' : undeclared identifier (..\src\Hub.cpp) [d:\study stuff\ASU\Fall 2017\AW\Assignment1\node_modules\socket.io\node_modules\engine.io\node_modules\uws\build\uws.vcxproj]
d:\study stuff\asu\fall 2017\aw\assignment1\node_modules\socket.io\node_modules\engine.io\node_modules\uws\src\HTTPSocket.h(234): error C2065: 'messagePtr' : undeclared identifier (..\src\Group.cpp) [d:\study stuff\ASU\Fall 2017\AW\Assignment1\node_modules\socket.io\node_modules\engine.io\node_modules\uws\build\uws.vcxproj]
d:\study stuff\asu\fall 2017\aw\assignment1\node_modules\socket.io\node_modules\engine.io\node_modules\uws\src\HTTPSocket.h(239): error C2065: 'messagePtr' : undeclared identifier (..\src\Hub.cpp) [d:\study stuff\ASU\Fall 2017\AW\Assignment1\node_modules\socket.io\node_modules\engine.io\node_modules\uws\build\uws.vcxproj]
d:\study stuff\asu\fall 2017\aw\assignment1\node_modules\socket.io\node_modules\engine.io\node_modules\uws\src\HTTPSocket.h(239): error C2065: 'messagePtr' : undeclared identifier (..\src\Group.cpp) [d:\study stuff\ASU\Fall 2017\AW\Assignment1\node_modules\socket.io\node_modules\engine.io\node_modules\uws\build\uws.vcxproj]
d:\study stuff\asu\fall 2017\aw\assignment1\node_modules\socket.io\node_modules\engine.io\node_modules\uws\src\HTTPSocket.h(239): error C2227: left of '->callback' must point to class/struct/union/generic type (..\src\Hub.cpp) [d:\study stuff\ASU\Fall 2017\AW\Assignment1\node_modules\socket.io\node_modules\engine.io\node_modules\uws\build\uws.vcxproj]
          type is ''unknown-type''
d:\study stuff\asu\fall 2017\aw\assignment1\node_modules\socket.io\node_modules\engine.io\node_modules\uws\src\HTTPSocket.h(239): error C2227: left of '->callback' must point to class/struct/union/generic type (..\src\Group.cpp) [d:\study stuff\ASU\Fall 2017\AW\Assignment1\node_modules\socket.io\node_modules\engine.io\node_modules\uws\build\uws.vcxproj]
          type is ''unknown-type''
d:\study stuff\asu\fall 2017\aw\assignment1\node_modules\socket.io\node_modules\engine.io\node_modules\uws\src\HTTPSocket.h(240): error C2065: 'messagePtr' : undeclared identifier (..\src\Hub.cpp) [d:\study stuff\ASU\Fall 2017\AW\Assignment1\node_modules\socket.io\node_modules\engine.io\node_modules\uws\build\uws.vcxproj]
d:\study stuff\asu\fall 2017\aw\assignment1\node_modules\socket.io\node_modules\engine.io\node_modules\uws\src\HTTPSocket.h(240): error C2065: 'messagePtr' : undeclared identifier (..\src\Group.cpp) [d:\study stuff\ASU\Fall 2017\AW\Assignment1\node_modules\socket.io\node_modules\engine.io\node_modules\uws\build\uws.vcxproj]
d:\study stuff\asu\fall 2017\aw\assignment1\node_modules\socket.io\node_modules\engine.io\node_modules\uws\src\HTTPSocket.h(240): error C2227: left of '->callbackData' must point to class/struct/union/generic type (..\src\Hub.cpp) [d:\study stuff\ASU\Fall 2017\AW\Assignment1\node_modules\socket.io\node_modules\engine.io\node_modules\uws\build\uws.vcxproj]
          type is ''unknown-type''
d:\study stuff\asu\fall 2017\aw\assignment1\node_modules\socket.io\node_modules\engine.io\node_modules\uws\src\HTTPSocket.h(240): error C2227: left of '->callbackData' must point to class/struct/union/generic type (..\src\Group.cpp) [d:\study stuff\ASU\Fall 2017\AW\Assignment1\node_modules\socket.io\node_modules\engine.io\node_modules\uws\build\uws.vcxproj]
          type is ''unknown-type''
d:\study stuff\asu\fall 2017\aw\assignment1\node_modules\socket.io\node_modules\engine.io\node_modules\uws\src\HTTPSocket.h(243): error C2027: use of undefined type 'uWS::HttpSocket' (..\src\Hub.cpp) [d:\study stuff\ASU\Fall 2017\AW\Assignment1\node_modules\socket.io\node_modules\engine.io\node_modules\uws\build\uws.vcxproj]
          d:\study stuff\asu\fall 2017\aw\assignment1\node_modules\socket.io\node_modules\engine.io\node_modules\uws\src\HTTPSocket.h(109) : see declaration of 'uWS::HttpSocket'
d:\study stuff\asu\fall 2017\aw\assignment1\node_modules\socket.io\node_modules\engine.io\node_modules\uws\src\HTTPSocket.h(243): error C2027: use of undefined type 'uWS::HttpSocket' (..\src\Group.cpp) [d:\study stuff\ASU\Fall 2017\AW\Assignment1\node_modules\socket.io\node_modules\engine.io\node_modules\uws\build\uws.vcxproj]
          d:\study stuff\asu\fall 2017\aw\assignment1\node_modules\socket.io\node_modules\engine.io\node_modules\uws\src\HTTPSocket.h(109) : see declaration of 'uWS::HttpSocket'
d:\study stuff\asu\fall 2017\aw\assignment1\node_modules\socket.io\node_modules\engine.io\node_modules\uws\src\HTTPSocket.h(243): error C2227: left of '->freeMessage' must point to class/struct/union/generic type (..\src\Hub.cpp) [d:\study stuff\ASU\Fall 2017\AW\Assignment1\node_modules\socket.io\node_modules\engine.io\node_modules\uws\build\uws.vcxproj]
d:\study stuff\asu\fall 2017\aw\assignment1\node_modules\socket.io\node_modules\engine.io\node_modules\uws\src\HTTPSocket.h(243): error C2227: left of '->freeMessage' must point to class/struct/union/generic type (..\src\Group.cpp) [d:\study stuff\ASU\Fall 2017\AW\Assignment1\node_modules\socket.io\node_modules\engine.io\node_modules\uws\build\uws.vcxproj]
d:\study stuff\asu\fall 2017\aw\assignment1\node_modules\socket.io\node_modules\engine.io\node_modules\uws\src\HTTPSocket.h(243): error C2065: 'messagePtr' : undeclared identifier (..\src\Hub.cpp) [d:\study stuff\ASU\Fall 2017\AW\Assignment1\node_modules\socket.io\node_modules\engine.io\node_modules\uws\build\uws.vcxproj]
d:\study stuff\asu\fall 2017\aw\assignment1\node_modules\socket.io\node_modules\engine.io\node_modules\uws\src\HTTPSocket.h(243): error C2065: 'messagePtr' : undeclared identifier (..\src\Group.cpp) [d:\study stuff\ASU\Fall 2017\AW\Assignment1\node_modules\socket.io\node_modules\engine.io\node_modules\uws\build\uws.vcxproj]
d:\study stuff\asu\fall 2017\aw\assignment1\node_modules\socket.io\node_modules\engine.io\node_modules\uws\src\HTTPSocket.h(249): error C2065: 'messagePtr' : undeclared identifier (..\src\Hub.cpp) [d:\study stuff\ASU\Fall 2017\AW\Assignment1\node_modules\socket.io\node_modules\engine.io\node_modules\uws\build\uws.vcxproj]
d:\study stuff\asu\fall 2017\aw\assignment1\node_modules\socket.io\node_modules\engine.io\node_modules\uws\src\HTTPSocket.h(249): error C2065: 'messagePtr' : undeclared identifier (..\src\Group.cpp) [d:\study stuff\ASU\Fall 2017\AW\Assignment1\node_modules\socket.io\node_modules\engine.io\node_modules\uws\build\uws.vcxproj]
d:\study stuff\asu\fall 2017\aw\assignment1\node_modules\socket.io\node_modules\engine.io\node_modules\uws\src\HTTPSocket.h(249): error C2065: 'nextMessage' : undeclared identifier (..\src\Hub.cpp) [d:\study stuff\ASU\Fall 2017\AW\Assignment1\node_modules\socket.io\node_modules\engine.io\node_modules\uws\build\uws.vcxproj]
d:\study stuff\asu\fall 2017\aw\assignment1\node_modules\socket.io\node_modules\engine.io\node_modules\uws\src\HTTPSocket.h(249): error C2065: 'nextMessage' : undeclared identifier (..\src\Group.cpp) [d:\study stuff\ASU\Fall 2017\AW\Assignment1\node_modules\socket.io\node_modules\engine.io\node_modules\uws\build\uws.vcxproj]
d:\study stuff\asu\fall 2017\aw\assignment1\node_modules\socket.io\node_modules\engine.io\node_modules\uws\src\HTTPSocket.h(261): error C2027: use of undefined type 'uWS::HttpSocket' (..\src\Hub.cpp) [d:\study stuff\ASU\Fall 2017\AW\Assignment1\node_modules\socket.io\node_modules\engine.io\node_modules\uws\build\uws.vcxproj]
          d:\study stuff\asu\fall 2017\aw\assignment1\node_modules\socket.io\node_modules\engine.io\node_modules\uws\src\HTTPSocket.h(109) : see declaration of 'uWS::HttpSocket'
d:\study stuff\asu\fall 2017\aw\assignment1\node_modules\socket.io\node_modules\engine.io\node_modules\uws\src\HTTPSocket.h(261): error C2027: use of undefined type 'uWS::HttpSocket' (..\src\Group.cpp) [d:\study stuff\ASU\Fall 2017\AW\Assignment1\node_modules\socket.io\node_modules\engine.io\node_modules\uws\build\uws.vcxproj]
          d:\study stuff\asu\fall 2017\aw\assignment1\node_modules\socket.io\node_modules\engine.io\node_modules\uws\src\HTTPSocket.h(109) : see declaration of 'uWS::HttpSocket'
d:\study stuff\asu\fall 2017\aw\assignment1\node_modules\socket.io\node_modules\engine.io\node_modules\uws\src\HTTPSocket.h(261): fatal error C1003: error count exceeds 100; stopping compilation (..\src\Hub.cpp) [d:\study stuff\ASU\Fall 2017\AW\Assignment1\node_modules\socket.io\node_modules\engine.io\node_modules\uws\build\uws.vcxproj]
d:\study stuff\asu\fall 2017\aw\assignment1\node_modules\socket.io\node_modules\engine.io\node_modules\uws\src\HTTPSocket.h(261): fatal error C1003: error count exceeds 100; stopping compilation (..\src\Group.cpp) [d:\study stuff\ASU\Fall 2017\AW\Assignment1\node_modules\socket.io\node_modules\engine.io\node_modules\uws\build\uws.vcxproj]
  HTTPSocket.cpp
  Socket.cpp
  addon.cpp
d:\study stuff\asu\fall 2017\aw\assignment1\node_modules\socket.io\node_modules\engine.io\node_modules\uws\src\Libuv.h(107): error C2059: syntax error : ';' (..\src\WebSocket.cpp) [d:\study stuff\ASU\Fall 2017\AW\Assignment1\node_modules\socket.io\node_modules\engine.io\node_modules\uws\build\uws.vcxproj]
d:\study stuff\asu\fall 2017\aw\assignment1\node_modules\socket.io\node_modules\engine.io\node_modules\uws\src\Libuv.h(107): error C2238: unexpected token(s) preceding ';' (..\src\WebSocket.cpp) [d:\study stuff\ASU\Fall 2017\AW\Assignment1\node_modules\socket.io\node_modules\engine.io\node_modules\uws\build\uws.vcxproj]
d:\study stuff\asu\fall 2017\aw\assignment1\node_modules\socket.io\node_modules\engine.io\node_modules\uws\src\Libuv.h(107): error C2059: syntax error : ';' (..\src\HTTPSocket.cpp) [d:\study stuff\ASU\Fall 2017\AW\Assignment1\node_modules\socket.io\node_modules\engine.io\node_modules\uws\build\uws.vcxproj]
d:\study stuff\asu\fall 2017\aw\assignment1\node_modules\socket.io\node_modules\engine.io\node_modules\uws\src\Libuv.h(107): error C2238: unexpected token(s) preceding ';' (..\src\HTTPSocket.cpp) [d:\study stuff\ASU\Fall 2017\AW\Assignment1\node_modules\socket.io\node_modules\engine.io\node_modules\uws\build\uws.vcxproj]
d:\study stuff\asu\fall 2017\aw\assignment1\node_modules\socket.io\node_modules\engine.io\node_modules\uws\src\Libuv.h(107): error C2059: syntax error : ';' (..\src\Socket.cpp) [d:\study stuff\ASU\Fall 2017\AW\Assignment1\node_modules\socket.io\node_modules\engine.io\node_modules\uws\build\uws.vcxproj]
d:\study stuff\asu\fall 2017\aw\assignment1\node_modules\socket.io\node_modules\engine.io\node_modules\uws\src\Libuv.h(107): error C2238: unexpected token(s) preceding ';' (..\src\Socket.cpp) [d:\study stuff\ASU\Fall 2017\AW\Assignment1\node_modules\socket.io\node_modules\engine.io\node_modules\uws\build\uws.vcxproj]
d:\study stuff\asu\fall 2017\aw\assignment1\node_modules\socket.io\node_modules\engine.io\node_modules\uws\src\Libuv.h(107): error C2059: syntax error : ';' (..\src\addon.cpp) [d:\study stuff\ASU\Fall 2017\AW\Assignment1\node_modules\socket.io\node_modules\engine.io\node_modules\uws\build\uws.vcxproj]
d:\study stuff\asu\fall 2017\aw\assignment1\node_modules\socket.io\node_modules\engine.io\node_modules\uws\src\Libuv.h(107): error C2238: unexpected token(s) preceding ';' (..\src\addon.cpp) [d:\study stuff\ASU\Fall 2017\AW\Assignment1\node_modules\socket.io\node_modules\engine.io\node_modules\uws\build\uws.vcxproj]
d:\study stuff\asu\fall 2017\aw\assignment1\node_modules\socket.io\node_modules\engine.io\node_modules\uws\src\Networking.h(161): error C2864: 'uS::TLS::Context::context' : only static const integral data members can be initialized within a class (..\src\WebSocket.cpp) [d:\study stuff\ASU\Fall 2017\AW\Assignment1\node_modules\socket.io\node_modules\engine.io\node_modules\uws\build\uws.vcxproj]
d:\study stuff\asu\fall 2017\aw\assignment1\node_modules\socket.io\node_modules\engine.io\node_modules\uws\src\Networking.h(179): error C2065: 'default' : undeclared identifier (..\src\WebSocket.cpp) [d:\study stuff\ASU\Fall 2017\AW\Assignment1\node_modules\socket.io\node_modules\engine.io\node_modules\uws\build\uws.vcxproj]
d:\study stuff\asu\fall 2017\aw\assignment1\node_modules\socket.io\node_modules\engine.io\node_modules\uws\src\Networking.h(179): error C2253: 'Context' : pure specifier or abstract override specifier only allowed on virtual function (..\src\WebSocket.cpp) [d:\study stuff\ASU\Fall 2017\AW\Assignment1\node_modules\socket.io\node_modules\engine.io\node_modules\uws\build\uws.vcxproj]
d:\study stuff\asu\fall 2017\aw\assignment1\node_modules\socket.io\node_modules\engine.io\node_modules\uws\src\Networking.h(167): warning C4267: 'argument' : conversion from 'size_t' to 'const int', possible loss of data (..\src\WebSocket.cpp) [d:\study stuff\ASU\Fall 2017\AW\Assignment1\node_modules\socket.io\node_modules\engine.io\node_modules\uws\build\uws.vcxproj]
d:\study stuff\asu\fall 2017\aw\assignment1\node_modules\socket.io\node_modules\engine.io\node_modules\uws\src\Networking.h(205): error C2864: 'uS::NodeData::user' : only static const integral data members can be initialized within a class (..\src\WebSocket.cpp) [d:\study stuff\ASU\Fall 2017\AW\Assignment1\node_modules\socket.io\node_modules\engine.io\node_modules\uws\build\uws.vcxproj]
d:\study stuff\asu\fall 2017\aw\assignment1\node_modules\socket.io\node_modules\engine.io\node_modules\uws\src\Networking.h(210): error C2864: 'uS::NodeData::async' : only static const integral data members can be initialized within a class (..\src\WebSocket.cpp) [d:\study stuff\ASU\Fall 2017\AW\Assignment1\node_modules\socket.io\node_modules\engine.io\node_modules\uws\build\uws.vcxproj]
d:\study stuff\asu\fall 2017\aw\assignment1\node_modules\socket.io\node_modules\engine.io\node_modules\uws\src\Networking.h(219): warning C4267: 'return' : conversion from 'size_t' to 'int', possible loss of data (..\src\WebSocket.cpp) [d:\study stuff\ASU\Fall 2017\AW\Assignment1\node_modules\socket.io\node_modules\engine.io\node_modules\uws\build\uws.vcxproj]
d:\study stuff\asu\fall 2017\aw\assignment1\node_modules\socket.io\node_modules\engine.io\node_modules\uws\src\Networking.h(161): error C2864: 'uS::TLS::Context::context' : only static const integral data members can be initialized within a class (..\src\Socket.cpp) [d:\study stuff\ASU\Fall 2017\AW\Assignment1\node_modules\socket.io\node_modules\engine.io\node_modules\uws\build\uws.vcxproj]
d:\study stuff\asu\fall 2017\aw\assignment1\node_modules\socket.io\node_modules\engine.io\node_modules\uws\src\WebSocketProtocol.h(54): error C2864: 'uWS::WebSocketState<isServer>::remainingBytes' : only static const integral data members can be initialized within a class (..\src\WebSocket.cpp) [d:\study stuff\ASU\Fall 2017\AW\Assignment1\node_modules\socket.io\node_modules\engine.io\node_modules\uws\build\uws.vcxproj]
          d:\study stuff\asu\fall 2017\aw\assignment1\node_modules\socket.io\node_modules\engine.io\node_modules\uws\src\WebSocketProtocol.h(56) : see reference to class template instantiation 'uWS::WebSocketState<isServer>' being compiled
d:\study stuff\asu\fall 2017\aw\assignment1\node_modules\socket.io\node_modules\engine.io\node_modules\uws\src\Networking.h(179): error C2065: 'default' : undeclared identifier (..\src\Socket.cpp) [d:\study stuff\ASU\Fall 2017\AW\Assignment1\node_modules\socket.io\node_modules\engine.io\node_modules\uws\build\uws.vcxproj]
d:\study stuff\asu\fall 2017\aw\assignment1\node_modules\socket.io\node_modules\engine.io\node_modules\uws\src\Socket.h(26): warning C4275: non dll-interface struct 'Poll' used as base for dll-interface struct 'uS::Socket' (..\src\WebSocket.cpp) [d:\study stuff\ASU\Fall 2017\AW\Assignment1\node_modules\socket.io\node_modules\engine.io\node_modules\uws\build\uws.vcxproj]
          d:\study stuff\asu\fall 2017\aw\assignment1\node_modules\socket.io\node_modules\engine.io\node_modules\uws\src\Libuv.h(92) : see declaration of 'Poll'
          d:\study stuff\asu\fall 2017\aw\assignment1\node_modules\socket.io\node_modules\engine.io\node_modules\uws\src\Socket.h(26) : see declaration of 'uS::Socket'
d:\study stuff\asu\fall 2017\aw\assignment1\node_modules\socket.io\node_modules\engine.io\node_modules\uws\src\Networking.h(179): error C2253: 'Context' : pure specifier or abstract override specifier only allowed on virtual function (..\src\Socket.cpp) [d:\study stuff\ASU\Fall 2017\AW\Assignment1\node_modules\socket.io\node_modules\engine.io\node_modules\uws\build\uws.vcxproj]
d:\study stuff\asu\fall 2017\aw\assignment1\node_modules\socket.io\node_modules\engine.io\node_modules\uws\src\Socket.h(31): error C2059: syntax error : '{' (..\src\WebSocket.cpp) [d:\study stuff\ASU\Fall 2017\AW\Assignment1\node_modules\socket.io\node_modules\engine.io\node_modules\uws\build\uws.vcxproj]
d:\study stuff\asu\fall 2017\aw\assignment1\node_modules\socket.io\node_modules\engine.io\node_modules\uws\src\Networking.h(167): warning C4267: 'argument' : conversion from 'size_t' to 'const int', possible loss of data (..\src\Socket.cpp) [d:\study stuff\ASU\Fall 2017\AW\Assignment1\node_modules\socket.io\node_modules\engine.io\node_modules\uws\build\uws.vcxproj]
d:\study stuff\asu\fall 2017\aw\assignment1\node_modules\socket.io\node_modules\engine.io\node_modules\uws\src\Socket.h(31): error C2334: unexpected token(s) preceding '{'; skipping apparent function body (..\src\WebSocket.cpp) [d:\study stuff\ASU\Fall 2017\AW\Assignment1\node_modules\socket.io\node_modules\engine.io\node_modules\uws\build\uws.vcxproj]
d:\study stuff\asu\fall 2017\aw\assignment1\node_modules\socket.io\node_modules\engine.io\node_modules\uws\src\Socket.h(34): error C2864: 'uS::Socket::user' : only static const integral data members can be initialized within a class (..\src\WebSocket.cpp) [d:\study stuff\ASU\Fall 2017\AW\Assignment1\node_modules\socket.io\node_modules\engine.io\node_modules\uws\build\uws.vcxproj]
d:\study stuff\asu\fall 2017\aw\assignment1\node_modules\socket.io\node_modules\engine.io\node_modules\uws\src\Networking.h(205): error C2864: 'uS::NodeData::user' : only static const integral data members can be initialized within a class (..\src\Socket.cpp) [d:\study stuff\ASU\Fall 2017\AW\Assignment1\node_modules\socket.io\node_modules\engine.io\node_modules\uws\build\uws.vcxproj]
d:\study stuff\asu\fall 2017\aw\assignment1\node_modules\socket.io\node_modules\engine.io\node_modules\uws\src\Socket.h(42): error C2864: 'uS::Socket::Queue::Message::nextMessage' : only static const integral data members can be initialized within a class (..\src\WebSocket.cpp) [d:\study stuff\ASU\Fall 2017\AW\Assignment1\node_modules\socket.io\node_modules\engine.io\node_modules\uws\build\uws.vcxproj]
d:\study stuff\asu\fall 2017\aw\assignment1\node_modules\socket.io\node_modules\engine.io\node_modules\uws\src\Networking.h(210): error C2864: 'uS::NodeData::async' : only static const integral data members can be initialized within a class (..\src\Socket.cpp) [d:\study stuff\ASU\Fall 2017\AW\Assignment1\node_modules\socket.io\node_modules\engine.io\node_modules\uws\build\uws.vcxproj]
d:\study stuff\asu\fall 2017\aw\assignment1\node_modules\socket.io\node_modules\engine.io\node_modules\uws\src\Socket.h(43): error C2864: 'uS::Socket::Queue::Message::callback' : only static const integral data members can be initialized within a class (..\src\WebSocket.cpp) [d:\study stuff\ASU\Fall 2017\AW\Assignment1\node_modules\socket.io\node_modules\engine.io\node_modules\uws\build\uws.vcxproj]
d:\study stuff\asu\fall 2017\aw\assignment1\node_modules\socket.io\node_modules\engine.io\node_modules\uws\src\Socket.h(44): error C2864: 'uS::Socket::Queue::Message::callbackData' : only static const integral data members can be initialized within a class (..\src\WebSocket.cpp) [d:\study stuff\ASU\Fall 2017\AW\Assignment1\node_modules\socket.io\node_modules\engine.io\node_modules\uws\build\uws.vcxproj]
d:\study stuff\asu\fall 2017\aw\assignment1\node_modules\socket.io\node_modules\engine.io\node_modules\uws\src\Socket.h(44): error C2864: 'uS::Socket::Queue::Message::reserved' : only static const integral data members can be initialized within a class (..\src\WebSocket.cpp) [d:\study stuff\ASU\Fall 2017\AW\Assignment1\node_modules\socket.io\node_modules\engine.io\node_modules\uws\build\uws.vcxproj]
d:\study stuff\asu\fall 2017\aw\assignment1\node_modules\socket.io\node_modules\engine.io\node_modules\uws\src\Socket.h(47): error C2864: 'uS::Socket::Queue::head' : only static const integral data members can be initialized within a class (..\src\WebSocket.cpp) [d:\study stuff\ASU\Fall 2017\AW\Assignment1\node_modules\socket.io\node_modules\engine.io\node_modules\uws\build\uws.vcxproj]
d:\study stuff\asu\fall 2017\aw\assignment1\node_modules\socket.io\node_modules\engine.io\node_modules\uws\src\Socket.h(47): error C2864: 'uS::Socket::Queue::tail' : only static const integral data members can be initialized within a class (..\src\WebSocket.cpp) [d:\study stuff\ASU\Fall 2017\AW\Assignment1\node_modules\socket.io\node_modules\engine.io\node_modules\uws\build\uws.vcxproj]
d:\study stuff\asu\fall 2017\aw\assignment1\node_modules\socket.io\node_modules\engine.io\node_modules\uws\src\Socket.h(426): error C2864: 'uS::Socket::next' : only static const integral data members can be initialized within a class (..\src\WebSocket.cpp) [d:\study stuff\ASU\Fall 2017\AW\Assignment1\node_modules\socket.io\node_modules\engine.io\node_modules\uws\build\uws.vcxproj]
d:\study stuff\asu\fall 2017\aw\assignment1\node_modules\socket.io\node_modules\engine.io\node_modules\uws\src\Socket.h(426): error C2864: 'uS::Socket::prev' : only static const integral data members can be initialized within a class (..\src\WebSocket.cpp) [d:\study stuff\ASU\Fall 2017\AW\Assignment1\node_modules\socket.io\node_modules\engine.io\node_modules\uws\build\uws.vcxproj]
d:\study stuff\asu\fall 2017\aw\assignment1\node_modules\socket.io\node_modules\engine.io\node_modules\uws\src\Socket.h(77): error C2065: 'state' : undeclared identifier (..\src\WebSocket.cpp) [d:\study stuff\ASU\Fall 2017\AW\Assignment1\node_modules\socket.io\node_modules\engine.io\node_modules\uws\build\uws.vcxproj]
d:\study stuff\asu\fall 2017\aw\assignment1\node_modules\socket.io\node_modules\engine.io\node_modules\uws\src\Socket.h(77): error C2228: left of '.poll' must have class/struct/union (..\src\WebSocket.cpp) [d:\study stuff\ASU\Fall 2017\AW\Assignment1\node_modules\socket.io\node_modules\engine.io\node_modules\uws\build\uws.vcxproj]
          type is ''unknown-type''
d:\study stuff\asu\fall 2017\aw\assignment1\node_modules\socket.io\node_modules\engine.io\node_modules\uws\src\Socket.h(81): error C2065: 'state' : undeclared identifier (..\src\WebSocket.cpp) [d:\study stuff\ASU\Fall 2017\AW\Assignment1\node_modules\socket.io\node_modules\engine.io\node_modules\uws\build\uws.vcxproj]
d:\study stuff\asu\fall 2017\aw\assignment1\node_modules\socket.io\node_modules\engine.io\node_modules\uws\src\Socket.h(81): error C2228: left of '.poll' must have class/struct/union (..\src\WebSocket.cpp) [d:\study stuff\ASU\Fall 2017\AW\Assignment1\node_modules\socket.io\node_modules\engine.io\node_modules\uws\build\uws.vcxproj]
          type is ''unknown-type''
d:\study stuff\asu\fall 2017\aw\assignment1\node_modules\socket.io\node_modules\engine.io\node_modules\uws\src\Socket.h(86): error C2065: 'state' : undeclared identifier (..\src\WebSocket.cpp) [d:\study stuff\ASU\Fall 2017\AW\Assignment1\node_modules\socket.io\node_modules\engine.io\node_modules\uws\build\uws.vcxproj]
d:\study stuff\asu\fall 2017\aw\assignment1\node_modules\socket.io\node_modules\engine.io\node_modules\uws\src\Socket.h(86): error C2228: left of '.shuttingDown' must have class/struct/union (..\src\WebSocket.cpp) [d:\study stuff\ASU\Fall 2017\AW\Assignment1\node_modules\socket.io\node_modules\engine.io\node_modules\uws\build\uws.vcxproj]
          type is ''unknown-type''
d:\study stuff\asu\fall 2017\aw\assignment1\node_modules\socket.io\node_modules\engine.io\node_modules\uws\src\Socket.h(91): error C2143: syntax error : missing ')' before '{' (..\src\WebSocket.cpp) [d:\study stuff\ASU\Fall 2017\AW\Assignment1\node_modules\socket.io\node_modules\engine.io\node_modules\uws\build\uws.vcxproj]
d:\study stuff\asu\fall 2017\aw\assignment1\node_modules\socket.io\node_modules\engine.io\node_modules\uws\src\Socket.h(91): error C2143: syntax error : missing ';' before '{' (..\src\WebSocket.cpp) [d:\study stuff\ASU\Fall 2017\AW\Assignment1\node_modules\socket.io\node_modules\engine.io\node_modules\uws\build\uws.vcxproj]
d:\study stuff\asu\fall 2017\aw\assignment1\node_modules\socket.io\node_modules\engine.io\node_modules\uws\src\Socket.h(91): error C2143: syntax error : missing ';' before '}' (..\src\WebSocket.cpp) [d:\study stuff\ASU\Fall 2017\AW\Assignment1\node_modules\socket.io\node_modules\engine.io\node_modules\uws\build\uws.vcxproj]
d:\study stuff\asu\fall 2017\aw\assignment1\node_modules\socket.io\node_modules\engine.io\node_modules\uws\src\Socket.h(91): error C2059: syntax error : ')' (..\src\WebSocket.cpp) [d:\study stuff\ASU\Fall 2017\AW\Assignment1\node_modules\socket.io\node_modules\engine.io\node_modules\uws\build\uws.vcxproj]
d:\study stuff\asu\fall 2017\aw\assignment1\node_modules\socket.io\node_modules\engine.io\node_modules\uws\src\Socket.h(309): warning C4267: 'argument' : conversion from 'size_t' to 'int', possible loss of data (..\src\WebSocket.cpp) [d:\study stuff\ASU\Fall 2017\AW\Assignment1\node_modules\socket.io\node_modules\engine.io\node_modules\uws\build\uws.vcxproj]
d:\study stuff\asu\fall 2017\aw\assignment1\node_modules\socket.io\node_modules\engine.io\node_modules\uws\src\Networking.h(219): warning C4267: 'return' : conversion from 'size_t' to 'int', possible loss of data (..\src\Socket.cpp) [d:\study stuff\ASU\Fall 2017\AW\Assignment1\node_modules\socket.io\node_modules\engine.io\node_modules\uws\build\uws.vcxproj]
d:\study stuff\asu\fall 2017\aw\assignment1\node_modules\socket.io\node_modules\engine.io\node_modules\uws\src\Socket.h(314): warning C4244: 'argument' : conversion from 'ssize_t' to 'int', possible loss of data (..\src\WebSocket.cpp) [d:\study stuff\ASU\Fall 2017\AW\Assignment1\node_modules\socket.io\node_modules\engine.io\node_modules\uws\build\uws.vcxproj]
d:\study stuff\asu\fall 2017\aw\assignment1\node_modules\socket.io\node_modules\engine.io\node_modules\uws\src\Socket.h(328): warning C4267: 'argument' : conversion from 'size_t' to 'int', possible loss of data (..\src\WebSocket.cpp) [d:\study stuff\ASU\Fall 2017\AW\Assignment1\node_modules\socket.io\node_modules\engine.io\node_modules\uws\build\uws.vcxproj]
d:\study stuff\asu\fall 2017\aw\assignment1\node_modules\socket.io\node_modules\engine.io\node_modules\uws\src\Socket.h(488): error C2065: 'state' : undeclared identifier (..\src\WebSocket.cpp) [d:\study stuff\ASU\Fall 2017\AW\Assignment1\node_modules\socket.io\node_modules\engine.io\node_modules\uws\build\uws.vcxproj]
d:\study stuff\asu\fall 2017\aw\assignment1\node_modules\socket.io\node_modules\engine.io\node_modules\uws\src\Socket.h(26): warning C4275: non dll-interface struct 'Poll' used as base for dll-interface struct 'uS::Socket' (..\src\Socket.cpp) [d:\study stuff\ASU\Fall 2017\AW\Assignment1\node_modules\socket.io\node_modules\engine.io\node_modules\uws\build\uws.vcxproj]
          d:\study stuff\asu\fall 2017\aw\assignment1\node_modules\socket.io\node_modules\engine.io\node_modules\uws\src\Libuv.h(92) : see declaration of 'Poll'
          d:\study stuff\asu\fall 2017\aw\assignment1\node_modules\socket.io\node_modules\engine.io\node_modules\uws\src\Socket.h(26) : see declaration of 'uS::Socket'
d:\study stuff\asu\fall 2017\aw\assignment1\node_modules\socket.io\node_modules\engine.io\node_modules\uws\src\Socket.h(488): error C2228: left of '.shuttingDown' must have class/struct/union (..\src\WebSocket.cpp) [d:\study stuff\ASU\Fall 2017\AW\Assignment1\node_modules\socket.io\node_modules\engine.io\node_modules\uws\build\uws.vcxproj]
          type is ''unknown-type''
d:\study stuff\asu\fall 2017\aw\assignment1\node_modules\socket.io\node_modules\engine.io\node_modules\uws\src\Socket.h(31): error C2059: syntax error : '{' (..\src\Socket.cpp) [d:\study stuff\ASU\Fall 2017\AW\Assignment1\node_modules\socket.io\node_modules\engine.io\node_modules\uws\build\uws.vcxproj]
d:\study stuff\asu\fall 2017\aw\assignment1\node_modules\socket.io\node_modules\engine.io\node_modules\uws\src\Socket.h(501): error C2864: 'uS::ListenSocket::timer' : only static const integral data members can be initialized within a class (..\src\WebSocket.cpp) [d:\study stuff\ASU\Fall 2017\AW\Assignment1\node_modules\socket.io\node_modules\engine.io\node_modules\uws\build\uws.vcxproj]
d:\study stuff\asu\fall 2017\aw\assignment1\node_modules\socket.io\node_modules\engine.io\node_modules\uws\src\Socket.h(31): error C2334: unexpected token(s) preceding '{'; skipping apparent function body (..\src\Socket.cpp) [d:\study stuff\ASU\Fall 2017\AW\Assignment1\node_modules\socket.io\node_modules\engine.io\node_modules\uws\build\uws.vcxproj]
d:\study stuff\asu\fall 2017\aw\assignment1\node_modules\socket.io\node_modules\engine.io\node_modules\uws\src\WebSocket.h(24): error C2864: 'uWS::WebSocket<isServer>::controlTipLength' : only static const integral data members can be initialized within a class (..\src\WebSocket.cpp) [d:\study stuff\ASU\Fall 2017\AW\Assignment1\node_modules\socket.io\node_modules\engine.io\node_modules\uws\build\uws.vcxproj]
          d:\study stuff\asu\fall 2017\aw\assignment1\node_modules\socket.io\node_modules\engine.io\node_modules\uws\src\WebSocket.h(85) : see reference to class template instantiation 'uWS::WebSocket<isServer>' being compiled
d:\study stuff\asu\fall 2017\aw\assignment1\node_modules\socket.io\node_modules\engine.io\node_modules\uws\src\Socket.h(34): error C2864: 'uS::Socket::user' : only static const integral data members can be initialized within a class (..\src\Socket.cpp) [d:\study stuff\ASU\Fall 2017\AW\Assignment1\node_modules\socket.io\node_modules\engine.io\node_modules\uws\build\uws.vcxproj]
d:\study stuff\asu\fall 2017\aw\assignment1\node_modules\socket.io\node_modules\engine.io\node_modules\uws\src\WebSocket.h(24): error C2864: 'uWS::WebSocket<isServer>::hasOutstandingPong' : only static const integral data members can be initialized within a class (..\src\WebSocket.cpp) [d:\study stuff\ASU\Fall 2017\AW\Assignment1\node_modules\socket.io\node_modules\engine.io\node_modules\uws\build\uws.vcxproj]
d:\study stuff\asu\fall 2017\aw\assignment1\node_modules\socket.io\node_modules\engine.io\node_modules\uws\src\Socket.h(42): error C2864: 'uS::Socket::Queue::Message::nextMessage' : only static const integral data members can be initialized within a class (..\src\Socket.cpp) [d:\study stuff\ASU\Fall 2017\AW\Assignment1\node_modules\socket.io\node_modules\engine.io\node_modules\uws\build\uws.vcxproj]
d:\study stuff\asu\fall 2017\aw\assignment1\node_modules\socket.io\node_modules\engine.io\node_modules\uws\src\HTTPSocket.h(53): error C2059: syntax error : '{' (..\src\WebSocket.cpp) [d:\study stuff\ASU\Fall 2017\AW\Assignment1\node_modules\socket.io\node_modules\engine.io\node_modules\uws\build\uws.vcxproj]
d:\study stuff\asu\fall 2017\aw\assignment1\node_modules\socket.io\node_modules\engine.io\node_modules\uws\src\Socket.h(43): error C2864: 'uS::Socket::Queue::Message::callback' : only static const integral data members can be initialized within a class (..\src\Socket.cpp) [d:\study stuff\ASU\Fall 2017\AW\Assignment1\node_modules\socket.io\node_modules\engine.io\node_modules\uws\build\uws.vcxproj]
d:\study stuff\asu\fall 2017\aw\assignment1\node_modules\socket.io\node_modules\engine.io\node_modules\uws\src\HTTPSocket.h(53): error C2143: syntax error : missing ';' before '{' (..\src\WebSocket.cpp) [d:\study stuff\ASU\Fall 2017\AW\Assignment1\node_modules\socket.io\node_modules\engine.io\node_modules\uws\build\uws.vcxproj]
d:\study stuff\asu\fall 2017\aw\assignment1\node_modules\socket.io\node_modules\engine.io\node_modules\uws\src\Socket.h(44): error C2864: 'uS::Socket::Queue::Message::callbackData' : only static const integral data members can be initialized within a class (..\src\Socket.cpp) [d:\study stuff\ASU\Fall 2017\AW\Assignment1\node_modules\socket.io\node_modules\engine.io\node_modules\uws\build\uws.vcxproj]
d:\study stuff\asu\fall 2017\aw\assignment1\node_modules\socket.io\node_modules\engine.io\node_modules\uws\src\HTTPSocket.h(53): error C2143: syntax error : missing ';' before '}' (..\src\WebSocket.cpp) [d:\study stuff\ASU\Fall 2017\AW\Assignment1\node_modules\socket.io\node_modules\engine.io\node_modules\uws\build\uws.vcxproj]
d:\study stuff\asu\fall 2017\aw\assignment1\node_modules\socket.io\node_modules\engine.io\node_modules\uws\src\Socket.h(44): error C2864: 'uS::Socket::Queue::Message::reserved' : only static const integral data members can be initialized within a class (..\src\Socket.cpp) [d:\study stuff\ASU\Fall 2017\AW\Assignment1\node_modules\socket.io\node_modules\engine.io\node_modules\uws\build\uws.vcxproj]
d:\study stuff\asu\fall 2017\aw\assignment1\node_modules\socket.io\node_modules\engine.io\node_modules\uws\src\HTTPSocket.h(60): error C2059: syntax error : '{' (..\src\WebSocket.cpp) [d:\study stuff\ASU\Fall 2017\AW\Assignment1\node_modules\socket.io\node_modules\engine.io\node_modules\uws\build\uws.vcxproj]
d:\study stuff\asu\fall 2017\aw\assignment1\node_modules\socket.io\node_modules\engine.io\node_modules\uws\src\Socket.h(47): error C2864: 'uS::Socket::Queue::head' : only static const integral data members can be initialized within a class (..\src\Socket.cpp) [d:\study stuff\ASU\Fall 2017\AW\Assignment1\node_modules\socket.io\node_modules\engine.io\node_modules\uws\build\uws.vcxproj]
d:\study stuff\asu\fall 2017\aw\assignment1\node_modules\socket.io\node_modules\engine.io\node_modules\uws\src\HTTPSocket.h(60): error C2143: syntax error : missing ';' before '{' (..\src\WebSocket.cpp) [d:\study stuff\ASU\Fall 2017\AW\Assignment1\node_modules\socket.io\node_modules\engine.io\node_modules\uws\build\uws.vcxproj]
d:\study stuff\asu\fall 2017\aw\assignment1\node_modules\socket.io\node_modules\engine.io\node_modules\uws\src\Socket.h(47): error C2864: 'uS::Socket::Queue::tail' : only static const integral data members can be initialized within a class (..\src\Socket.cpp) [d:\study stuff\ASU\Fall 2017\AW\Assignment1\node_modules\socket.io\node_modules\engine.io\node_modules\uws\build\uws.vcxproj]
d:\study stuff\asu\fall 2017\aw\assignment1\node_modules\socket.io\node_modules\engine.io\node_modules\uws\src\HTTPSocket.h(60): error C2143: syntax error : missing ';' before '}' (..\src\WebSocket.cpp) [d:\study stuff\ASU\Fall 2017\AW\Assignment1\node_modules\socket.io\node_modules\engine.io\node_modules\uws\build\uws.vcxproj]
d:\study stuff\asu\fall 2017\aw\assignment1\node_modules\socket.io\node_modules\engine.io\node_modules\uws\src\HTTPSocket.h(135): error C3855: 'uWS::HttpSocket': template parameter 'isServer' is incompatible with the declaration (..\src\WebSocket.cpp) [d:\study stuff\ASU\Fall 2017\AW\Assignment1\node_modules\socket.io\node_modules\engine.io\node_modules\uws\build\uws.vcxproj]
d:\study stuff\asu\fall 2017\aw\assignment1\node_modules\socket.io\node_modules\engine.io\node_modules\uws\src\Socket.h(426): error C2864: 'uS::Socket::next' : only static const integral data members can be initialized within a class (..\src\Socket.cpp) [d:\study stuff\ASU\Fall 2017\AW\Assignment1\node_modules\socket.io\node_modules\engine.io\node_modules\uws\build\uws.vcxproj]
d:\study stuff\asu\fall 2017\aw\assignment1\node_modules\socket.io\node_modules\engine.io\node_modules\uws\src\HTTPSocket.h(139): error C2864: 'uWS::HttpResponse::next' : only static const integral data members can be initialized within a class (..\src\WebSocket.cpp) [d:\study stuff\ASU\Fall 2017\AW\Assignment1\node_modules\socket.io\node_modules\engine.io\node_modules\uws\build\uws.vcxproj]
d:\study stuff\asu\fall 2017\aw\assignment1\node_modules\socket.io\node_modules\engine.io\node_modules\uws\src\Socket.h(426): error C2864: 'uS::Socket::prev' : only static const integral data members can be initialized within a class (..\src\Socket.cpp) [d:\study stuff\ASU\Fall 2017\AW\Assignment1\node_modules\socket.io\node_modules\engine.io\node_modules\uws\build\uws.vcxproj]
d:\study stuff\asu\fall 2017\aw\assignment1\node_modules\socket.io\node_modules\engine.io\node_modules\uws\src\HTTPSocket.h(140): error C2864: 'uWS::HttpResponse::userData' : only static const integral data members can be initialized within a class (..\src\WebSocket.cpp) [d:\study stuff\ASU\Fall 2017\AW\Assignment1\node_modules\socket.io\node_modules\engine.io\node_modules\uws\build\uws.vcxproj]
d:\study stuff\asu\fall 2017\aw\assignment1\node_modules\socket.io\node_modules\engine.io\node_modules\uws\src\HTTPSocket.h(141): error C2864: 'uWS::HttpResponse::extraUserData' : only static const integral data members can be initialized within a class (..\src\WebSocket.cpp) [d:\study stuff\ASU\Fall 2017\AW\Assignment1\node_modules\socket.io\node_modules\engine.io\node_modules\uws\build\uws.vcxproj]
d:\study stuff\asu\fall 2017\aw\assignment1\node_modules\socket.io\node_modules\engine.io\node_modules\uws\src\Socket.h(77): error C2065: 'state' : undeclared identifier (..\src\Socket.cpp) [d:\study stuff\ASU\Fall 2017\AW\Assignment1\node_modules\socket.io\node_modules\engine.io\node_modules\uws\build\uws.vcxproj]
d:\study stuff\asu\fall 2017\aw\assignment1\node_modules\socket.io\node_modules\engine.io\node_modules\uws\src\HTTPSocket.h(142): error C2027: use of undefined type 'uWS::HttpSocket' (..\src\WebSocket.cpp) [d:\study stuff\ASU\Fall 2017\AW\Assignment1\node_modules\socket.io\node_modules\engine.io\node_modules\uws\build\uws.vcxproj]
          d:\study stuff\asu\fall 2017\aw\assignment1\node_modules\socket.io\node_modules\engine.io\node_modules\uws\src\HTTPSocket.h(109) : see declaration of 'uWS::HttpSocket'
d:\study stuff\asu\fall 2017\aw\assignment1\node_modules\socket.io\node_modules\engine.io\node_modules\uws\src\Socket.h(77): error C2228: left of '.poll' must have class/struct/union (..\src\Socket.cpp) [d:\study stuff\ASU\Fall 2017\AW\Assignment1\node_modules\socket.io\node_modules\engine.io\node_modules\uws\build\uws.vcxproj]
          type is ''unknown-type''
d:\study stuff\asu\fall 2017\aw\assignment1\node_modules\socket.io\node_modules\engine.io\node_modules\uws\src\HTTPSocket.h(142): error C2143: syntax error : missing ';' before '*' (..\src\WebSocket.cpp) [d:\study stuff\ASU\Fall 2017\AW\Assignment1\node_modules\socket.io\node_modules\engine.io\node_modules\uws\build\uws.vcxproj]
d:\study stuff\asu\fall 2017\aw\assignment1\node_modules\socket.io\node_modules\engine.io\node_modules\uws\src\Socket.h(81): error C2065: 'state' : undeclared identifier (..\src\Socket.cpp) [d:\study stuff\ASU\Fall 2017\AW\Assignment1\node_modules\socket.io\node_modules\engine.io\node_modules\uws\build\uws.vcxproj]
d:\study stuff\asu\fall 2017\aw\assignment1\node_modules\socket.io\node_modules\engine.io\node_modules\uws\src\HTTPSocket.h(142): error C4430: missing type specifier - int assumed. Note: C++ does not support default-int (..\src\WebSocket.cpp) [d:\study stuff\ASU\Fall 2017\AW\Assignment1\node_modules\socket.io\node_modules\engine.io\node_modules\uws\build\uws.vcxproj]
d:\study stuff\asu\fall 2017\aw\assignment1\node_modules\socket.io\node_modules\engine.io\node_modules\uws\src\Socket.h(81): error C2228: left of '.poll' must have class/struct/union (..\src\Socket.cpp) [d:\study stuff\ASU\Fall 2017\AW\Assignment1\node_modules\socket.io\node_modules\engine.io\node_modules\uws\build\uws.vcxproj]
          type is ''unknown-type''
d:\study stuff\asu\fall 2017\aw\assignment1\node_modules\socket.io\node_modules\engine.io\node_modules\uws\src\Socket.h(86): error C2065: 'state' : undeclared identifier (..\src\Socket.cpp) [d:\study stuff\ASU\Fall 2017\AW\Assignment1\node_modules\socket.io\node_modules\engine.io\node_modules\uws\build\uws.vcxproj]
d:\study stuff\asu\fall 2017\aw\assignment1\node_modules\socket.io\node_modules\engine.io\node_modules\uws\src\HTTPSocket.h(142): error C2864: 'uWS::HttpResponse::messageQueue' : only static const integral data members can be initialized within a class (..\src\WebSocket.cpp) [d:\study stuff\ASU\Fall 2017\AW\Assignment1\node_modules\socket.io\node_modules\engine.io\node_modules\uws\build\uws.vcxproj]
d:\study stuff\asu\fall 2017\aw\assignment1\node_modules\socket.io\node_modules\engine.io\node_modules\uws\src\Socket.h(86): error C2228: left of '.shuttingDown' must have class/struct/union (..\src\Socket.cpp) [d:\study stuff\ASU\Fall 2017\AW\Assignment1\node_modules\socket.io\node_modules\engine.io\node_modules\uws\build\uws.vcxproj]
          type is ''unknown-type''
d:\study stuff\asu\fall 2017\aw\assignment1\node_modules\socket.io\node_modules\engine.io\node_modules\uws\src\HTTPSocket.h(143): error C2864: 'uWS::HttpResponse::hasEnded' : only static const integral data members can be initialized within a class (..\src\WebSocket.cpp) [d:\study stuff\ASU\Fall 2017\AW\Assignment1\node_modules\socket.io\node_modules\engine.io\node_modules\uws\build\uws.vcxproj]
d:\study stuff\asu\fall 2017\aw\assignment1\node_modules\socket.io\node_modules\engine.io\node_modules\uws\src\Socket.h(91): error C2143: syntax error : missing ')' before '{' (..\src\Socket.cpp) [d:\study stuff\ASU\Fall 2017\AW\Assignment1\node_modules\socket.io\node_modules\engine.io\node_modules\uws\build\uws.vcxproj]
d:\study stuff\asu\fall 2017\aw\assignment1\node_modules\socket.io\node_modules\engine.io\node_modules\uws\src\HTTPSocket.h(144): error C2864: 'uWS::HttpResponse::hasHead' : only static const integral data members can be initialized within a class (..\src\WebSocket.cpp) [d:\study stuff\ASU\Fall 2017\AW\Assignment1\node_modules\socket.io\node_modules\engine.io\node_modules\uws\build\uws.vcxproj]
d:\study stuff\asu\fall 2017\aw\assignment1\node_modules\socket.io\node_modules\engine.io\node_modules\uws\src\Socket.h(91): error C2143: syntax error : missing ';' before '{' (..\src\Socket.cpp) [d:\study stuff\ASU\Fall 2017\AW\Assignment1\node_modules\socket.io\node_modules\engine.io\node_modules\uws\build\uws.vcxproj]
d:\study stuff\asu\fall 2017\aw\assignment1\node_modules\socket.io\node_modules\engine.io\node_modules\uws\src\Socket.h(91): error C2143: syntax error : missing ';' before '}' (..\src\Socket.cpp) [d:\study stuff\ASU\Fall 2017\AW\Assignment1\node_modules\socket.io\node_modules\engine.io\node_modules\uws\build\uws.vcxproj]
d:\study stuff\asu\fall 2017\aw\assignment1\node_modules\socket.io\node_modules\engine.io\node_modules\uws\src\HTTPSocket.h(163): error C2027: use of undefined type 'uWS::HttpSocket' (..\src\WebSocket.cpp) [d:\study stuff\ASU\Fall 2017\AW\Assignment1\node_modules\socket.io\node_modules\engine.io\node_modules\uws\build\uws.vcxproj]
          d:\study stuff\asu\fall 2017\aw\assignment1\node_modules\socket.io\node_modules\engine.io\node_modules\uws\src\HTTPSocket.h(109) : see declaration of 'uWS::HttpSocket'
d:\study stuff\asu\fall 2017\aw\assignment1\node_modules\socket.io\node_modules\engine.io\node_modules\uws\src\Socket.h(91): error C2059: syntax error : ')' (..\src\Socket.cpp) [d:\study stuff\ASU\Fall 2017\AW\Assignment1\node_modules\socket.io\node_modules\engine.io\node_modules\uws\build\uws.vcxproj]
d:\study stuff\asu\fall 2017\aw\assignment1\node_modules\socket.io\node_modules\engine.io\node_modules\uws\src\HTTPSocket.h(163): error C2227: left of '->preAllocatedResponse' must point to class/struct/union/generic type (..\src\WebSocket.cpp) [d:\study stuff\ASU\Fall 2017\AW\Assignment1\node_modules\socket.io\node_modules\engine.io\node_modules\uws\build\uws.vcxproj]
d:\study stuff\asu\fall 2017\aw\assignment1\node_modules\socket.io\node_modules\engine.io\node_modules\uws\src\HTTPSocket.h(166): error C2027: use of undefined type 'uWS::HttpSocket' (..\src\WebSocket.cpp) [d:\study stuff\ASU\Fall 2017\AW\Assignment1\node_modules\socket.io\node_modules\engine.io\node_modules\uws\build\uws.vcxproj]
          d:\study stuff\asu\fall 2017\aw\assignment1\node_modules\socket.io\node_modules\engine.io\node_modules\uws\src\HTTPSocket.h(109) : see declaration of 'uWS::HttpSocket'
d:\study stuff\asu\fall 2017\aw\assignment1\node_modules\socket.io\node_modules\engine.io\node_modules\uws\src\Socket.h(309): warning C4267: 'argument' : conversion from 'size_t' to 'int', possible loss of data (..\src\Socket.cpp) [d:\study stuff\ASU\Fall 2017\AW\Assignment1\node_modules\socket.io\node_modules\engine.io\node_modules\uws\build\uws.vcxproj]
d:\study stuff\asu\fall 2017\aw\assignment1\node_modules\socket.io\node_modules\engine.io\node_modules\uws\src\HTTPSocket.h(166): error C2227: left of '->preAllocatedResponse' must point to class/struct/union/generic type (..\src\WebSocket.cpp) [d:\study stuff\ASU\Fall 2017\AW\Assignment1\node_modules\socket.io\node_modules\engine.io\node_modules\uws\build\uws.vcxproj]
d:\study stuff\asu\fall 2017\aw\assignment1\node_modules\socket.io\node_modules\engine.io\node_modules\uws\src\Socket.h(314): warning C4244: 'argument' : conversion from 'ssize_t' to 'int', possible loss of data (..\src\Socket.cpp) [d:\study stuff\ASU\Fall 2017\AW\Assignment1\node_modules\socket.io\node_modules\engine.io\node_modules\uws\build\uws.vcxproj]
d:\study stuff\asu\fall 2017\aw\assignment1\node_modules\socket.io\node_modules\engine.io\node_modules\uws\src\HTTPSocket.h(185): error C2027: use of undefined type 'uWS::HttpSocket' (..\src\WebSocket.cpp) [d:\study stuff\ASU\Fall 2017\AW\Assignment1\node_modules\socket.io\node_modules\engine.io\node_modules\uws\build\uws.vcxproj]
          d:\study stuff\asu\fall 2017\aw\assignment1\node_modules\socket.io\node_modules\engine.io\node_modules\uws\src\HTTPSocket.h(109) : see declaration of 'uWS::HttpSocket'
d:\study stuff\asu\fall 2017\aw\assignment1\node_modules\socket.io\node_modules\engine.io\node_modules\uws\src\Socket.h(328): warning C4267: 'argument' : conversion from 'size_t' to 'int', possible loss of data (..\src\Socket.cpp) [d:\study stuff\ASU\Fall 2017\AW\Assignment1\node_modules\socket.io\node_modules\engine.io\node_modules\uws\build\uws.vcxproj]
d:\study stuff\asu\fall 2017\aw\assignment1\node_modules\socket.io\node_modules\engine.io\node_modules\uws\src\HTTPSocket.h(185): error C2227: left of '->sendTransformed' must point to class/struct/union/generic type (..\src\WebSocket.cpp) [d:\study stuff\ASU\Fall 2017\AW\Assignment1\node_modules\socket.io\node_modules\engine.io\node_modules\uws\build\uws.vcxproj]
d:\study stuff\asu\fall 2017\aw\assignment1\node_modules\socket.io\node_modules\engine.io\node_modules\uws\src\Socket.h(488): error C2065: 'state' : undeclared identifier (..\src\Socket.cpp) [d:\study stuff\ASU\Fall 2017\AW\Assignment1\node_modules\socket.io\node_modules\engine.io\node_modules\uws\build\uws.vcxproj]
d:\study stuff\asu\fall 2017\aw\assignment1\node_modules\socket.io\node_modules\engine.io\node_modules\uws\src\HTTPSocket.h(213): error C2027: use of undefined type 'uWS::HttpSocket' (..\src\WebSocket.cpp) [d:\study stuff\ASU\Fall 2017\AW\Assignment1\node_modules\socket.io\node_modules\engine.io\node_modules\uws\build\uws.vcxproj]
          d:\study stuff\asu\fall 2017\aw\assignment1\node_modules\socket.io\node_modules\engine.io\node_modules\uws\src\HTTPSocket.h(109) : see declaration of 'uWS::HttpSocket'
d:\study stuff\asu\fall 2017\aw\assignment1\node_modules\socket.io\node_modules\engine.io\node_modules\uws\src\Socket.h(488): error C2228: left of '.shuttingDown' must have class/struct/union (..\src\Socket.cpp) [d:\study stuff\ASU\Fall 2017\AW\Assignment1\node_modules\socket.io\node_modules\engine.io\node_modules\uws\build\uws.vcxproj]
          type is ''unknown-type''
d:\study stuff\asu\fall 2017\aw\assignment1\node_modules\socket.io\node_modules\engine.io\node_modules\uws\src\HTTPSocket.h(213): error C2227: left of '->outstandingResponsesHead' must point to class/struct/union/generic type (..\src\WebSocket.cpp) [d:\study stuff\ASU\Fall 2017\AW\Assignment1\node_modules\socket.io\node_modules\engine.io\node_modules\uws\build\uws.vcxproj]
d:\study stuff\asu\fall 2017\aw\assignment1\node_modules\socket.io\node_modules\engine.io\node_modules\uws\src\HTTPSocket.h(214): error C2027: use of undefined type 'uWS::HttpSocket' (..\src\WebSocket.cpp) [d:\study stuff\ASU\Fall 2017\AW\Assignment1\node_modules\socket.io\node_modules\engine.io\node_modules\uws\build\uws.vcxproj]
          d:\study stuff\asu\fall 2017\aw\assignment1\node_modules\socket.io\node_modules\engine.io\node_modules\uws\src\HTTPSocket.h(109) : see declaration of 'uWS::HttpSocket'
d:\study stuff\asu\fall 2017\aw\assignment1\node_modules\socket.io\node_modules\engine.io\node_modules\uws\src\Socket.h(501): error C2864: 'uS::ListenSocket::timer' : only static const integral data members can be initialized within a class (..\src\Socket.cpp) [d:\study stuff\ASU\Fall 2017\AW\Assignment1\node_modules\socket.io\node_modules\engine.io\node_modules\uws\build\uws.vcxproj]
d:\study stuff\asu\fall 2017\aw\assignment1\node_modules\socket.io\node_modules\engine.io\node_modules\uws\src\HTTPSocket.h(214): error C2065: 'Message' : undeclared identifier (..\src\WebSocket.cpp) [d:\study stuff\ASU\Fall 2017\AW\Assignment1\node_modules\socket.io\node_modules\engine.io\node_modules\uws\build\uws.vcxproj]
..\src\Socket.cpp(12): error C2059: syntax error : '{' [d:\study stuff\ASU\Fall 2017\AW\Assignment1\node_modules\socket.io\node_modules\engine.io\node_modules\uws\build\uws.vcxproj]
d:\study stuff\asu\fall 2017\aw\assignment1\node_modules\socket.io\node_modules\engine.io\node_modules\uws\src\HTTPSocket.h(214): error C2065: 'messagePtr' : undeclared identifier (..\src\WebSocket.cpp) [d:\study stuff\ASU\Fall 2017\AW\Assignment1\node_modules\socket.io\node_modules\engine.io\node_modules\uws\build\uws.vcxproj]
..\src\Socket.cpp(12): error C2143: syntax error : missing ';' before '{' [d:\study stuff\ASU\Fall 2017\AW\Assignment1\node_modules\socket.io\node_modules\engine.io\node_modules\uws\build\uws.vcxproj]
          d:\study stuff\asu\fall 2017\aw\assignment1\node_modules\socket.io\node_modules\engine.io\node_modules\uws\src\HTTPSocket.h(109) : see declaration of 'uWS::HttpSocket'
..\src\Socket.cpp(12): error C2143: syntax error : missing ';' before '}' [d:\study stuff\ASU\Fall 2017\AW\Assignment1\node_modules\socket.io\node_modules\engine.io\node_modules\uws\build\uws.vcxproj]
d:\study stuff\asu\fall 2017\aw\assignment1\node_modules\socket.io\node_modules\engine.io\node_modules\uws\src\HTTPSocket.h(214): error C2227: left of '->allocMessage' must point to class/struct/union/generic type (..\src\WebSocket.cpp) [d:\study stuff\ASU\Fall 2017\AW\Assignment1\node_modules\socket.io\node_modules\engine.io\node_modules\uws\build\uws.vcxproj]
..\src\Socket.cpp(20): error C2059: syntax error : '{' [d:\study stuff\ASU\Fall 2017\AW\Assignment1\node_modules\socket.io\node_modules\engine.io\node_modules\uws\build\uws.vcxproj]
d:\study stuff\asu\fall 2017\aw\assignment1\node_modules\socket.io\node_modules\engine.io\node_modules\uws\src\HTTPSocket.h(215): error C2065: 'messagePtr' : undeclared identifier (..\src\WebSocket.cpp) [d:\study stuff\ASU\Fall 2017\AW\Assignment1\node_modules\socket.io\node_modules\engine.io\node_modules\uws\build\uws.vcxproj]
..\src\Socket.cpp(20): error C2143: syntax error : missing ';' before '{' [d:\study stuff\ASU\Fall 2017\AW\Assignment1\node_modules\socket.io\node_modules\engine.io\node_modules\uws\build\uws.vcxproj]
d:\study stuff\asu\fall 2017\aw\assignment1\node_modules\socket.io\node_modules\engine.io\node_modules\uws\src\HTTPSocket.h(215): error C2227: left of '->length' must point to class/struct/union/generic type (..\src\WebSocket.cpp) [d:\study stuff\ASU\Fall 2017\AW\Assignment1\node_modules\socket.io\node_modules\engine.io\node_modules\uws\build\uws.vcxproj]
          type is ''unknown-type''
..\src\Socket.cpp(20): error C2143: syntax error : missing ';' before '}' [d:\study stuff\ASU\Fall 2017\AW\Assignment1\node_modules\socket.io\node_modules\engine.io\node_modules\uws\build\uws.vcxproj]
d:\study stuff\asu\fall 2017\aw\assignment1\node_modules\socket.io\node_modules\engine.io\node_modules\uws\src\Networking.h(161): error C2864: 'uS::TLS::Context::context' : only static const integral data members can be initialized within a class (..\src\HTTPSocket.cpp) [d:\study stuff\ASU\Fall 2017\AW\Assignment1\node_modules\socket.io\node_modules\engine.io\node_modules\uws\build\uws.vcxproj]
..\src\Socket.cpp(24): error C2059: syntax error : '{' [d:\study stuff\ASU\Fall 2017\AW\Assignment1\node_modules\socket.io\node_modules\engine.io\node_modules\uws\build\uws.vcxproj]
d:\study stuff\asu\fall 2017\aw\assignment1\node_modules\socket.io\node_modules\engine.io\node_modules\uws\src\HTTPSocket.h(215): error C2227: left of '->data' must point to class/struct/union/generic type (..\src\WebSocket.cpp) [d:\study stuff\ASU\Fall 2017\AW\Assignment1\node_modules\socket.io\node_modules\engine.io\node_modules\uws\build\uws.vcxproj]
          type is ''unknown-type''
..\src\Socket.cpp(24): error C2143: syntax error : missing ';' before '{' [d:\study stuff\ASU\Fall 2017\AW\Assignment1\node_modules\socket.io\node_modules\engine.io\node_modules\uws\build\uws.vcxproj]
d:\study stuff\asu\fall 2017\aw\assignment1\node_modules\socket.io\node_modules\engine.io\node_modules\uws\src\HTTPSocket.h(216): error C2065: 'messagePtr' : undeclared identifier (..\src\WebSocket.cpp) [d:\study stuff\ASU\Fall 2017\AW\Assignment1\node_modules\socket.io\node_modules\engine.io\node_modules\uws\build\uws.vcxproj]
..\src\Socket.cpp(24): error C2143: syntax error : missing ';' before '}' [d:\study stuff\ASU\Fall 2017\AW\Assignment1\node_modules\socket.io\node_modules\engine.io\node_modules\uws\build\uws.vcxproj]
d:\study stuff\asu\fall 2017\aw\assignment1\node_modules\socket.io\node_modules\engine.io\node_modules\uws\src\HTTPSocket.h(216): error C2227: left of '->callback' must point to class/struct/union/generic type (..\src\WebSocket.cpp) [d:\study stuff\ASU\Fall 2017\AW\Assignment1\node_modules\socket.io\node_modules\engine.io\node_modules\uws\build\uws.vcxproj]
          type is ''unknown-type''
d:\study stuff\asu\fall 2017\aw\assignment1\node_modules\socket.io\node_modules\engine.io\node_modules\uws\src\HTTPSocket.h(217): error C2065: 'messagePtr' : undeclared identifier (..\src\WebSocket.cpp) [d:\study stuff\ASU\Fall 2017\AW\Assignment1\node_modules\socket.io\node_modules\engine.io\node_modules\uws\build\uws.vcxproj]
d:\study stuff\asu\fall 2017\aw\assignment1\node_modules\socket.io\node_modules\engine.io\node_modules\uws\src\HTTPSocket.h(217): error C2227: left of '->callbackData' must point to class/struct/union/generic type (..\src\WebSocket.cpp) [d:\study stuff\ASU\Fall 2017\AW\Assignment1\node_modules\socket.io\node_modules\engine.io\node_modules\uws\build\uws.vcxproj]
          type is ''unknown-type''
d:\study stuff\asu\fall 2017\aw\assignment1\node_modules\socket.io\node_modules\engine.io\node_modules\uws\src\HTTPSocket.h(218): error C2065: 'messagePtr' : undeclared identifier (..\src\WebSocket.cpp) [d:\study stuff\ASU\Fall 2017\AW\Assignment1\node_modules\socket.io\node_modules\engine.io\node_modules\uws\build\uws.vcxproj]
d:\study stuff\asu\fall 2017\aw\assignment1\node_modules\socket.io\node_modules\engine.io\node_modules\uws\src\Networking.h(179): error C2065: 'default' : undeclared identifier (..\src\HTTPSocket.cpp) [d:\study stuff\ASU\Fall 2017\AW\Assignment1\node_modules\socket.io\node_modules\engine.io\node_modules\uws\build\uws.vcxproj]
d:\study stuff\asu\fall 2017\aw\assignment1\node_modules\socket.io\node_modules\engine.io\node_modules\uws\src\HTTPSocket.h(218): error C2227: left of '->nextMessage' must point to class/struct/union/generic type (..\src\WebSocket.cpp) [d:\study stuff\ASU\Fall 2017\AW\Assignment1\node_modules\socket.io\node_modules\engine.io\node_modules\uws\build\uws.vcxproj]
          type is ''unknown-type''
d:\study stuff\asu\fall 2017\aw\assignment1\node_modules\socket.io\node_modules\engine.io\node_modules\uws\src\Networking.h(179): error C2253: 'Context' : pure specifier or abstract override specifier only allowed on virtual function (..\src\HTTPSocket.cpp) [d:\study stuff\ASU\Fall 2017\AW\Assignment1\node_modules\socket.io\node_modules\engine.io\node_modules\uws\build\uws.vcxproj]
d:\study stuff\asu\fall 2017\aw\assignment1\node_modules\socket.io\node_modules\engine.io\node_modules\uws\src\HTTPSocket.h(218): error C2065: 'messageQueue' : undeclared identifier (..\src\WebSocket.cpp) [d:\study stuff\ASU\Fall 2017\AW\Assignment1\node_modules\socket.io\node_modules\engine.io\node_modules\uws\build\uws.vcxproj]
d:\study stuff\asu\fall 2017\aw\assignment1\node_modules\socket.io\node_modules\engine.io\node_modules\uws\src\Networking.h(167): warning C4267: 'argument' : conversion from 'size_t' to 'const int', possible loss of data (..\src\HTTPSocket.cpp) [d:\study stuff\ASU\Fall 2017\AW\Assignment1\node_modules\socket.io\node_modules\engine.io\node_modules\uws\build\uws.vcxproj]
d:\study stuff\asu\fall 2017\aw\assignment1\node_modules\socket.io\node_modules\engine.io\node_modules\uws\src\HTTPSocket.h(219): error C2065: 'messageQueue' : undeclared identifier (..\src\WebSocket.cpp) [d:\study stuff\ASU\Fall 2017\AW\Assignment1\node_modules\socket.io\node_modules\engine.io\node_modules\uws\build\uws.vcxproj]
d:\study stuff\asu\fall 2017\aw\assignment1\node_modules\socket.io\node_modules\engine.io\node_modules\uws\src\Networking.h(205): error C2864: 'uS::NodeData::user' : only static const integral data members can be initialized within a class (..\src\HTTPSocket.cpp) [d:\study stuff\ASU\Fall 2017\AW\Assignment1\node_modules\socket.io\node_modules\engine.io\node_modules\uws\build\uws.vcxproj]
d:\study stuff\asu\fall 2017\aw\assignment1\node_modules\socket.io\node_modules\engine.io\node_modules\uws\src\HTTPSocket.h(219): error C2065: 'messagePtr' : undeclared identifier (..\src\WebSocket.cpp) [d:\study stuff\ASU\Fall 2017\AW\Assignment1\node_modules\socket.io\node_modules\engine.io\node_modules\uws\build\uws.vcxproj]
d:\study stuff\asu\fall 2017\aw\assignment1\node_modules\socket.io\node_modules\engine.io\node_modules\uws\src\Networking.h(210): error C2864: 'uS::NodeData::async' : only static const integral data members can be initialized within a class (..\src\HTTPSocket.cpp) [d:\study stuff\ASU\Fall 2017\AW\Assignment1\node_modules\socket.io\node_modules\engine.io\node_modules\uws\build\uws.vcxproj]
d:\study stuff\asu\fall 2017\aw\assignment1\node_modules\socket.io\node_modules\engine.io\node_modules\uws\src\HTTPSocket.h(222): error C2027: use of undefined type 'uWS::HttpSocket' (..\src\WebSocket.cpp) [d:\study stuff\ASU\Fall 2017\AW\Assignment1\node_modules\socket.io\node_modules\engine.io\node_modules\uws\build\uws.vcxproj]
          d:\study stuff\asu\fall 2017\aw\assignment1\node_modules\socket.io\node_modules\engine.io\node_modules\uws\src\HTTPSocket.h(109) : see declaration of 'uWS::HttpSocket'
d:\study stuff\asu\fall 2017\aw\assignment1\node_modules\socket.io\node_modules\engine.io\node_modules\uws\src\Networking.h(219): warning C4267: 'return' : conversion from 'size_t' to 'int', possible loss of data (..\src\HTTPSocket.cpp) [d:\study stuff\ASU\Fall 2017\AW\Assignment1\node_modules\socket.io\node_modules\engine.io\node_modules\uws\build\uws.vcxproj]
  win_delay_load_hook.cc
d:\study stuff\asu\fall 2017\aw\assignment1\node_modules\socket.io\node_modules\engine.io\node_modules\uws\src\HTTPSocket.h(222): error C2227: left of '->sendTransformed' must point to class/struct/union/generic type (..\src\WebSocket.cpp) [d:\study stuff\ASU\Fall 2017\AW\Assignment1\node_modules\socket.io\node_modules\engine.io\node_modules\uws\build\uws.vcxproj]
d:\study stuff\asu\fall 2017\aw\assignment1\node_modules\socket.io\node_modules\engine.io\node_modules\uws\src\Socket.h(26): warning C4275: non dll-interface struct 'Poll' used as base for dll-interface struct 'uS::Socket' (..\src\HTTPSocket.cpp) [d:\study stuff\ASU\Fall 2017\AW\Assignment1\node_modules\socket.io\node_modules\engine.io\node_modules\uws\build\uws.vcxproj]
          d:\study stuff\asu\fall 2017\aw\assignment1\node_modules\socket.io\node_modules\engine.io\node_modules\uws\src\Libuv.h(92) : see declaration of 'Poll'
          d:\study stuff\asu\fall 2017\aw\assignment1\node_modules\socket.io\node_modules\engine.io\node_modules\uws\src\Socket.h(26) : see declaration of 'uS::Socket'
d:\study stuff\asu\fall 2017\aw\assignment1\node_modules\socket.io\node_modules\engine.io\node_modules\uws\src\HTTPSocket.h(227): error C2027: use of undefined type 'uWS::HttpSocket' (..\src\WebSocket.cpp) [d:\study stuff\ASU\Fall 2017\AW\Assignment1\node_modules\socket.io\node_modules\engine.io\node_modules\uws\build\uws.vcxproj]
          d:\study stuff\asu\fall 2017\aw\assignment1\node_modules\socket.io\node_modules\engine.io\node_modules\uws\src\HTTPSocket.h(109) : see declaration of 'uWS::HttpSocket'
d:\study stuff\asu\fall 2017\aw\assignment1\node_modules\socket.io\node_modules\engine.io\node_modules\uws\src\Socket.h(31): error C2059: syntax error : '{' (..\src\HTTPSocket.cpp) [d:\study stuff\ASU\Fall 2017\AW\Assignment1\node_modules\socket.io\node_modules\engine.io\node_modules\uws\build\uws.vcxproj]
d:\study stuff\asu\fall 2017\aw\assignment1\node_modules\socket.io\node_modules\engine.io\node_modules\uws\src\HTTPSocket.h(227): error C2065: 'Message' : undeclared identifier (..\src\WebSocket.cpp) [d:\study stuff\ASU\Fall 2017\AW\Assignment1\node_modules\socket.io\node_modules\engine.io\node_modules\uws\build\uws.vcxproj]
d:\study stuff\asu\fall 2017\aw\assignment1\node_modules\socket.io\node_modules\engine.io\node_modules\uws\src\Socket.h(31): error C2334: unexpected token(s) preceding '{'; skipping apparent function body (..\src\HTTPSocket.cpp) [d:\study stuff\ASU\Fall 2017\AW\Assignment1\node_modules\socket.io\node_modules\engine.io\node_modules\uws\build\uws.vcxproj]
d:\study stuff\asu\fall 2017\aw\assignment1\node_modules\socket.io\node_modules\engine.io\node_modules\uws\src\HTTPSocket.h(227): error C2065: 'messagePtr' : undeclared identifier (..\src\WebSocket.cpp) [d:\study stuff\ASU\Fall 2017\AW\Assignment1\node_modules\socket.io\node_modules\engine.io\node_modules\uws\build\uws.vcxproj]
d:\study stuff\asu\fall 2017\aw\assignment1\node_modules\socket.io\node_modules\engine.io\node_modules\uws\src\Socket.h(34): error C2864: 'uS::Socket::user' : only static const integral data members can be initialized within a class (..\src\HTTPSocket.cpp) [d:\study stuff\ASU\Fall 2017\AW\Assignment1\node_modules\socket.io\node_modules\engine.io\node_modules\uws\build\uws.vcxproj]
d:\study stuff\asu\fall 2017\aw\assignment1\node_modules\socket.io\node_modules\engine.io\node_modules\uws\src\HTTPSocket.h(227): error C2039: 'messageQueue' : is not a member of 'uWS::HttpResponse' (..\src\WebSocket.cpp) [d:\study stuff\ASU\Fall 2017\AW\Assignment1\node_modules\socket.io\node_modules\engine.io\node_modules\uws\build\uws.vcxproj]
          d:\study stuff\asu\fall 2017\aw\assignment1\node_modules\socket.io\node_modules\engine.io\node_modules\uws\src\HTTPSocket.h(137) : see declaration of 'uWS::HttpResponse'
d:\study stuff\asu\fall 2017\aw\assignment1\node_modules\socket.io\node_modules\engine.io\node_modules\uws\src\Socket.h(42): error C2864: 'uS::Socket::Queue::Message::nextMessage' : only static const integral data members can be initialized within a class (..\src\HTTPSocket.cpp) [d:\study stuff\ASU\Fall 2017\AW\Assignment1\node_modules\socket.io\node_modules\engine.io\node_modules\uws\build\uws.vcxproj]
d:\study stuff\asu\fall 2017\aw\assignment1\node_modules\socket.io\node_modules\engine.io\node_modules\uws\src\HTTPSocket.h(228): error C2065: 'messagePtr' : undeclared identifier (..\src\WebSocket.cpp) [d:\study stuff\ASU\Fall 2017\AW\Assignment1\node_modules\socket.io\node_modules\engine.io\node_modules\uws\build\uws.vcxproj]
d:\study stuff\asu\fall 2017\aw\assignment1\node_modules\socket.io\node_modules\engine.io\node_modules\uws\src\Socket.h(43): error C2864: 'uS::Socket::Queue::Message::callback' : only static const integral data members can be initialized within a class (..\src\HTTPSocket.cpp) [d:\study stuff\ASU\Fall 2017\AW\Assignment1\node_modules\socket.io\node_modules\engine.io\node_modules\uws\build\uws.vcxproj]
d:\study stuff\asu\fall 2017\aw\assignment1\node_modules\socket.io\node_modules\engine.io\node_modules\uws\src\HTTPSocket.h(229): error C2027: use of undefined type 'uWS::HttpSocket' (..\src\WebSocket.cpp) [d:\study stuff\ASU\Fall 2017\AW\Assignment1\node_modules\socket.io\node_modules\engine.io\node_modules\uws\build\uws.vcxproj]
          d:\study stuff\asu\fall 2017\aw\assignment1\node_modules\socket.io\node_modules\engine.io\node_modules\uws\src\HTTPSocket.h(109) : see declaration of 'uWS::HttpSocket'
d:\study stuff\asu\fall 2017\aw\assignment1\node_modules\socket.io\node_modules\engine.io\node_modules\uws\src\Socket.h(44): error C2864: 'uS::Socket::Queue::Message::callbackData' : only static const integral data members can be initialized within a class (..\src\HTTPSocket.cpp) [d:\study stuff\ASU\Fall 2017\AW\Assignment1\node_modules\socket.io\node_modules\engine.io\node_modules\uws\build\uws.vcxproj]
d:\study stuff\asu\fall 2017\aw\assignment1\node_modules\socket.io\node_modules\engine.io\node_modules\uws\src\HTTPSocket.h(229): error C2065: 'Message' : undeclared identifier (..\src\WebSocket.cpp) [d:\study stuff\ASU\Fall 2017\AW\Assignment1\node_modules\socket.io\node_modules\engine.io\node_modules\uws\build\uws.vcxproj]
d:\study stuff\asu\fall 2017\aw\assignment1\node_modules\socket.io\node_modules\engine.io\node_modules\uws\src\Socket.h(44): error C2864: 'uS::Socket::Queue::Message::reserved' : only static const integral data members can be initialized within a class (..\src\HTTPSocket.cpp) [d:\study stuff\ASU\Fall 2017\AW\Assignment1\node_modules\socket.io\node_modules\engine.io\node_modules\uws\build\uws.vcxproj]
d:\study stuff\asu\fall 2017\aw\assignment1\node_modules\socket.io\node_modules\engine.io\node_modules\uws\src\HTTPSocket.h(229): error C2065: 'nextMessage' : undeclared identifier (..\src\WebSocket.cpp) [d:\study stuff\ASU\Fall 2017\AW\Assignment1\node_modules\socket.io\node_modules\engine.io\node_modules\uws\build\uws.vcxproj]
d:\study stuff\asu\fall 2017\aw\assignment1\node_modules\socket.io\node_modules\engine.io\node_modules\uws\src\Socket.h(47): error C2864: 'uS::Socket::Queue::head' : only static const integral data members can be initialized within a class (..\src\HTTPSocket.cpp) [d:\study stuff\ASU\Fall 2017\AW\Assignment1\node_modules\socket.io\node_modules\engine.io\node_modules\uws\build\uws.vcxproj]
d:\study stuff\asu\fall 2017\aw\assignment1\node_modules\socket.io\node_modules\engine.io\node_modules\uws\src\HTTPSocket.h(229): error C2065: 'messagePtr' : undeclared identifier (..\src\WebSocket.cpp) [d:\study stuff\ASU\Fall 2017\AW\Assignment1\node_modules\socket.io\node_modules\engine.io\node_modules\uws\build\uws.vcxproj]
d:\study stuff\asu\fall 2017\aw\assignment1\node_modules\socket.io\node_modules\engine.io\node_modules\uws\src\Socket.h(47): error C2864: 'uS::Socket::Queue::tail' : only static const integral data members can be initialized within a class (..\src\HTTPSocket.cpp) [d:\study stuff\ASU\Fall 2017\AW\Assignment1\node_modules\socket.io\node_modules\engine.io\node_modules\uws\build\uws.vcxproj]
d:\study stuff\asu\fall 2017\aw\assignment1\node_modules\socket.io\node_modules\engine.io\node_modules\uws\src\HTTPSocket.h(229): error C2227: left of '->nextMessage' must point to class/struct/union/generic type (..\src\WebSocket.cpp) [d:\study stuff\ASU\Fall 2017\AW\Assignment1\node_modules\socket.io\node_modules\engine.io\node_modules\uws\build\uws.vcxproj]
          type is ''unknown-type''
d:\study stuff\asu\fall 2017\aw\assignment1\node_modules\socket.io\node_modules\engine.io\node_modules\uws\src\HTTPSocket.h(232): error C2027: use of undefined type 'uWS::HttpSocket' (..\src\WebSocket.cpp) [d:\study stuff\ASU\Fall 2017\AW\Assignment1\node_modules\socket.io\node_modules\engine.io\node_modules\uws\build\uws.vcxproj]
          d:\study stuff\asu\fall 2017\aw\assignment1\node_modules\socket.io\node_modules\engine.io\node_modules\uws\src\HTTPSocket.h(109) : see declaration of 'uWS::HttpSocket'
d:\study stuff\asu\fall 2017\aw\assignment1\node_modules\socket.io\node_modules\engine.io\node_modules\uws\src\Socket.h(426): error C2864: 'uS::Socket::next' : only static const integral data members can be initialized within a class (..\src\HTTPSocket.cpp) [d:\study stuff\ASU\Fall 2017\AW\Assignment1\node_modules\socket.io\node_modules\engine.io\node_modules\uws\build\uws.vcxproj]
d:\study stuff\asu\fall 2017\aw\assignment1\node_modules\socket.io\node_modules\engine.io\node_modules\uws\src\HTTPSocket.h(232): error C2227: left of '->write' must point to class/struct/union/generic type (..\src\WebSocket.cpp) [d:\study stuff\ASU\Fall 2017\AW\Assignment1\node_modules\socket.io\node_modules\engine.io\node_modules\uws\build\uws.vcxproj]
d:\study stuff\asu\fall 2017\aw\assignment1\node_modules\socket.io\node_modules\engine.io\node_modules\uws\src\Socket.h(426): error C2864: 'uS::Socket::prev' : only static const integral data members can be initialized within a class (..\src\HTTPSocket.cpp) [d:\study stuff\ASU\Fall 2017\AW\Assignment1\node_modules\socket.io\node_modules\engine.io\node_modules\uws\build\uws.vcxproj]
d:\study stuff\asu\fall 2017\aw\assignment1\node_modules\socket.io\node_modules\engine.io\node_modules\uws\src\HTTPSocket.h(232): error C2065: 'messagePtr' : undeclared identifier (..\src\WebSocket.cpp) [d:\study stuff\ASU\Fall 2017\AW\Assignment1\node_modules\socket.io\node_modules\engine.io\node_modules\uws\build\uws.vcxproj]
d:\study stuff\asu\fall 2017\aw\assignment1\node_modules\socket.io\node_modules\engine.io\node_modules\uws\src\HTTPSocket.h(234): error C2027: use of undefined type 'uWS::HttpSocket' (..\src\WebSocket.cpp) [d:\study stuff\ASU\Fall 2017\AW\Assignment1\node_modules\socket.io\node_modules\engine.io\node_modules\uws\build\uws.vcxproj]
          d:\study stuff\asu\fall 2017\aw\assignment1\node_modules\socket.io\node_modules\engine.io\node_modules\uws\src\HTTPSocket.h(109) : see declaration of 'uWS::HttpSocket'
d:\study stuff\asu\fall 2017\aw\assignment1\node_modules\socket.io\node_modules\engine.io\node_modules\uws\src\Socket.h(77): error C2065: 'state' : undeclared identifier (..\src\HTTPSocket.cpp) [d:\study stuff\ASU\Fall 2017\AW\Assignment1\node_modules\socket.io\node_modules\engine.io\node_modules\uws\build\uws.vcxproj]
d:\study stuff\asu\fall 2017\aw\assignment1\node_modules\socket.io\node_modules\engine.io\node_modules\uws\src\HTTPSocket.h(234): error C2227: left of '->freeMessage' must point to class/struct/union/generic type (..\src\WebSocket.cpp) [d:\study stuff\ASU\Fall 2017\AW\Assignment1\node_modules\socket.io\node_modules\engine.io\node_modules\uws\build\uws.vcxproj]
d:\study stuff\asu\fall 2017\aw\assignment1\node_modules\socket.io\node_modules\engine.io\node_modules\uws\src\Socket.h(77): error C2228: left of '.poll' must have class/struct/union (..\src\HTTPSocket.cpp) [d:\study stuff\ASU\Fall 2017\AW\Assignment1\node_modules\socket.io\node_modules\engine.io\node_modules\uws\build\uws.vcxproj]
          type is ''unknown-type''
d:\study stuff\asu\fall 2017\aw\assignment1\node_modules\socket.io\node_modules\engine.io\node_modules\uws\src\HTTPSocket.h(234): error C2065: 'messagePtr' : undeclared identifier (..\src\WebSocket.cpp) [d:\study stuff\ASU\Fall 2017\AW\Assignment1\node_modules\socket.io\node_modules\engine.io\node_modules\uws\build\uws.vcxproj]
d:\study stuff\asu\fall 2017\aw\assignment1\node_modules\socket.io\node_modules\engine.io\node_modules\uws\src\Socket.h(81): error C2065: 'state' : undeclared identifier (..\src\HTTPSocket.cpp) [d:\study stuff\ASU\Fall 2017\AW\Assignment1\node_modules\socket.io\node_modules\engine.io\node_modules\uws\build\uws.vcxproj]
d:\study stuff\asu\fall 2017\aw\assignment1\node_modules\socket.io\node_modules\engine.io\node_modules\uws\src\HTTPSocket.h(239): error C2065: 'messagePtr' : undeclared identifier (..\src\WebSocket.cpp) [d:\study stuff\ASU\Fall 2017\AW\Assignment1\node_modules\socket.io\node_modules\engine.io\node_modules\uws\build\uws.vcxproj]
d:\study stuff\asu\fall 2017\aw\assignment1\node_modules\socket.io\node_modules\engine.io\node_modules\uws\src\Socket.h(81): error C2228: left of '.poll' must have class/struct/union (..\src\HTTPSocket.cpp) [d:\study stuff\ASU\Fall 2017\AW\Assignment1\node_modules\socket.io\node_modules\engine.io\node_modules\uws\build\uws.vcxproj]
          type is ''unknown-type''
d:\study stuff\asu\fall 2017\aw\assignment1\node_modules\socket.io\node_modules\engine.io\node_modules\uws\src\HTTPSocket.h(239): error C2227: left of '->callback' must point to class/struct/union/generic type (..\src\WebSocket.cpp) [d:\study stuff\ASU\Fall 2017\AW\Assignment1\node_modules\socket.io\node_modules\engine.io\node_modules\uws\build\uws.vcxproj]
          type is ''unknown-type''
d:\study stuff\asu\fall 2017\aw\assignment1\node_modules\socket.io\node_modules\engine.io\node_modules\uws\src\Networking.h(161): error C2864: 'uS::TLS::Context::context' : only static const integral data members can be initialized within a class (..\src\addon.cpp) [d:\study stuff\ASU\Fall 2017\AW\Assignment1\node_modules\socket.io\node_modules\engine.io\node_modules\uws\build\uws.vcxproj]
d:\study stuff\asu\fall 2017\aw\assignment1\node_modules\socket.io\node_modules\engine.io\node_modules\uws\src\Socket.h(86): error C2065: 'state' : undeclared identifier (..\src\HTTPSocket.cpp) [d:\study stuff\ASU\Fall 2017\AW\Assignment1\node_modules\socket.io\node_modules\engine.io\node_modules\uws\build\uws.vcxproj]
d:\study stuff\asu\fall 2017\aw\assignment1\node_modules\socket.io\node_modules\engine.io\node_modules\uws\src\HTTPSocket.h(240): error C2065: 'messagePtr' : undeclared identifier (..\src\WebSocket.cpp) [d:\study stuff\ASU\Fall 2017\AW\Assignment1\node_modules\socket.io\node_modules\engine.io\node_modules\uws\build\uws.vcxproj]
d:\study stuff\asu\fall 2017\aw\assignment1\node_modules\socket.io\node_modules\engine.io\node_modules\uws\src\Socket.h(86): error C2228: left of '.shuttingDown' must have class/struct/union (..\src\HTTPSocket.cpp) [d:\study stuff\ASU\Fall 2017\AW\Assignment1\node_modules\socket.io\node_modules\engine.io\node_modules\uws\build\uws.vcxproj]
          type is ''unknown-type''
d:\study stuff\asu\fall 2017\aw\assignment1\node_modules\socket.io\node_modules\engine.io\node_modules\uws\src\HTTPSocket.h(240): error C2227: left of '->callbackData' must point to class/struct/union/generic type (..\src\WebSocket.cpp) [d:\study stuff\ASU\Fall 2017\AW\Assignment1\node_modules\socket.io\node_modules\engine.io\node_modules\uws\build\uws.vcxproj]
          type is ''unknown-type''
d:\study stuff\asu\fall 2017\aw\assignment1\node_modules\socket.io\node_modules\engine.io\node_modules\uws\src\Socket.h(91): error C2143: syntax error : missing ')' before '{' (..\src\HTTPSocket.cpp) [d:\study stuff\ASU\Fall 2017\AW\Assignment1\node_modules\socket.io\node_modules\engine.io\node_modules\uws\build\uws.vcxproj]
d:\study stuff\asu\fall 2017\aw\assignment1\node_modules\socket.io\node_modules\engine.io\node_modules\uws\src\HTTPSocket.h(243): error C2027: use of undefined type 'uWS::HttpSocket' (..\src\WebSocket.cpp) [d:\study stuff\ASU\Fall 2017\AW\Assignment1\node_modules\socket.io\node_modules\engine.io\node_modules\uws\build\uws.vcxproj]
          d:\study stuff\asu\fall 2017\aw\assignment1\node_modules\socket.io\node_modules\engine.io\node_modules\uws\src\HTTPSocket.h(109) : see declaration of 'uWS::HttpSocket'
d:\study stuff\asu\fall 2017\aw\assignment1\node_modules\socket.io\node_modules\engine.io\node_modules\uws\src\HTTPSocket.h(243): error C2227: left of '->freeMessage' must point to class/struct/union/generic type (..\src\WebSocket.cpp) [d:\study stuff\ASU\Fall 2017\AW\Assignment1\node_modules\socket.io\node_modules\engine.io\node_modules\uws\build\uws.vcxproj]
d:\study stuff\asu\fall 2017\aw\assignment1\node_modules\socket.io\node_modules\engine.io\node_modules\uws\src\Socket.h(91): error C2143: syntax error : missing ';' before '{' (..\src\HTTPSocket.cpp) [d:\study stuff\ASU\Fall 2017\AW\Assignment1\node_modules\socket.io\node_modules\engine.io\node_modules\uws\build\uws.vcxproj]
d:\study stuff\asu\fall 2017\aw\assignment1\node_modules\socket.io\node_modules\engine.io\node_modules\uws\src\HTTPSocket.h(243): error C2065: 'messagePtr' : undeclared identifier (..\src\WebSocket.cpp) [d:\study stuff\ASU\Fall 2017\AW\Assignment1\node_modules\socket.io\node_modules\engine.io\node_modules\uws\build\uws.vcxproj]
d:\study stuff\asu\fall 2017\aw\assignment1\node_modules\socket.io\node_modules\engine.io\node_modules\uws\src\Socket.h(91): error C2143: syntax error : missing ';' before '}' (..\src\HTTPSocket.cpp) [d:\study stuff\ASU\Fall 2017\AW\Assignment1\node_modules\socket.io\node_modules\engine.io\node_modules\uws\build\uws.vcxproj]
d:\study stuff\asu\fall 2017\aw\assignment1\node_modules\socket.io\node_modules\engine.io\node_modules\uws\src\HTTPSocket.h(249): error C2065: 'messagePtr' : undeclared identifier (..\src\WebSocket.cpp) [d:\study stuff\ASU\Fall 2017\AW\Assignment1\node_modules\socket.io\node_modules\engine.io\node_modules\uws\build\uws.vcxproj]
d:\study stuff\asu\fall 2017\aw\assignment1\node_modules\socket.io\node_modules\engine.io\node_modules\uws\src\Socket.h(91): error C2059: syntax error : ')' (..\src\HTTPSocket.cpp) [d:\study stuff\ASU\Fall 2017\AW\Assignment1\node_modules\socket.io\node_modules\engine.io\node_modules\uws\build\uws.vcxproj]
d:\study stuff\asu\fall 2017\aw\assignment1\node_modules\socket.io\node_modules\engine.io\node_modules\uws\src\HTTPSocket.h(249): error C2065: 'nextMessage' : undeclared identifier (..\src\WebSocket.cpp) [d:\study stuff\ASU\Fall 2017\AW\Assignment1\node_modules\socket.io\node_modules\engine.io\node_modules\uws\build\uws.vcxproj]
d:\study stuff\asu\fall 2017\aw\assignment1\node_modules\socket.io\node_modules\engine.io\node_modules\uws\src\HTTPSocket.h(261): error C2027: use of undefined type 'uWS::HttpSocket' (..\src\WebSocket.cpp) [d:\study stuff\ASU\Fall 2017\AW\Assignment1\node_modules\socket.io\node_modules\engine.io\node_modules\uws\build\uws.vcxproj]
          d:\study stuff\asu\fall 2017\aw\assignment1\node_modules\socket.io\node_modules\engine.io\node_modules\uws\src\HTTPSocket.h(109) : see declaration of 'uWS::HttpSocket'
d:\study stuff\asu\fall 2017\aw\assignment1\node_modules\socket.io\node_modules\engine.io\node_modules\uws\src\Socket.h(309): warning C4267: 'argument' : conversion from 'size_t' to 'int', possible loss of data (..\src\HTTPSocket.cpp) [d:\study stuff\ASU\Fall 2017\AW\Assignment1\node_modules\socket.io\node_modules\engine.io\node_modules\uws\build\uws.vcxproj]
d:\study stuff\asu\fall 2017\aw\assignment1\node_modules\socket.io\node_modules\engine.io\node_modules\uws\src\Networking.h(179): error C2065: 'default' : undeclared identifier (..\src\addon.cpp) [d:\study stuff\ASU\Fall 2017\AW\Assignment1\node_modules\socket.io\node_modules\engine.io\node_modules\uws\build\uws.vcxproj]
d:\study stuff\asu\fall 2017\aw\assignment1\node_modules\socket.io\node_modules\engine.io\node_modules\uws\src\HTTPSocket.h(261): fatal error C1003: error count exceeds 100; stopping compilation (..\src\WebSocket.cpp) [d:\study stuff\ASU\Fall 2017\AW\Assignment1\node_modules\socket.io\node_modules\engine.io\node_modules\uws\build\uws.vcxproj]
d:\study stuff\asu\fall 2017\aw\assignment1\node_modules\socket.io\node_modules\engine.io\node_modules\uws\src\Socket.h(314): warning C4244: 'argument' : conversion from 'ssize_t' to 'int', possible loss of data (..\src\HTTPSocket.cpp) [d:\study stuff\ASU\Fall 2017\AW\Assignment1\node_modules\socket.io\node_modules\engine.io\node_modules\uws\build\uws.vcxproj]
d:\study stuff\asu\fall 2017\aw\assignment1\node_modules\socket.io\node_modules\engine.io\node_modules\uws\src\Networking.h(179): error C2253: 'Context' : pure specifier or abstract override specifier only allowed on virtual function (..\src\addon.cpp) [d:\study stuff\ASU\Fall 2017\AW\Assignment1\node_modules\socket.io\node_modules\engine.io\node_modules\uws\build\uws.vcxproj]
d:\study stuff\asu\fall 2017\aw\assignment1\node_modules\socket.io\node_modules\engine.io\node_modules\uws\src\Socket.h(328): warning C4267: 'argument' : conversion from 'size_t' to 'int', possible loss of data (..\src\HTTPSocket.cpp) [d:\study stuff\ASU\Fall 2017\AW\Assignment1\node_modules\socket.io\node_modules\engine.io\node_modules\uws\build\uws.vcxproj]
d:\study stuff\asu\fall 2017\aw\assignment1\node_modules\socket.io\node_modules\engine.io\node_modules\uws\src\Networking.h(167): warning C4267: 'argument' : conversion from 'size_t' to 'const int', possible loss of data (..\src\addon.cpp) [d:\study stuff\ASU\Fall 2017\AW\Assignment1\node_modules\socket.io\node_modules\engine.io\node_modules\uws\build\uws.vcxproj]
d:\study stuff\asu\fall 2017\aw\assignment1\node_modules\socket.io\node_modules\engine.io\node_modules\uws\src\Socket.h(488): error C2065: 'state' : undeclared identifier (..\src\HTTPSocket.cpp) [d:\study stuff\ASU\Fall 2017\AW\Assignment1\node_modules\socket.io\node_modules\engine.io\node_modules\uws\build\uws.vcxproj]
d:\study stuff\asu\fall 2017\aw\assignment1\node_modules\socket.io\node_modules\engine.io\node_modules\uws\src\Networking.h(205): error C2864: 'uS::NodeData::user' : only static const integral data members can be initialized within a class (..\src\addon.cpp) [d:\study stuff\ASU\Fall 2017\AW\Assignment1\node_modules\socket.io\node_modules\engine.io\node_modules\uws\build\uws.vcxproj]
d:\study stuff\asu\fall 2017\aw\assignment1\node_modules\socket.io\node_modules\engine.io\node_modules\uws\src\Socket.h(488): error C2228: left of '.shuttingDown' must have class/struct/union (..\src\HTTPSocket.cpp) [d:\study stuff\ASU\Fall 2017\AW\Assignment1\node_modules\socket.io\node_modules\engine.io\node_modules\uws\build\uws.vcxproj]
          type is ''unknown-type''
d:\study stuff\asu\fall 2017\aw\assignment1\node_modules\socket.io\node_modules\engine.io\node_modules\uws\src\Networking.h(210): error C2864: 'uS::NodeData::async' : only static const integral data members can be initialized within a class (..\src\addon.cpp) [d:\study stuff\ASU\Fall 2017\AW\Assignment1\node_modules\socket.io\node_modules\engine.io\node_modules\uws\build\uws.vcxproj]
d:\study stuff\asu\fall 2017\aw\assignment1\node_modules\socket.io\node_modules\engine.io\node_modules\uws\src\Socket.h(501): error C2864: 'uS::ListenSocket::timer' : only static const integral data members can be initialized within a class (..\src\HTTPSocket.cpp) [d:\study stuff\ASU\Fall 2017\AW\Assignment1\node_modules\socket.io\node_modules\engine.io\node_modules\uws\build\uws.vcxproj]
d:\study stuff\asu\fall 2017\aw\assignment1\node_modules\socket.io\node_modules\engine.io\node_modules\uws\src\HTTPSocket.h(53): error C2059: syntax error : '{' (..\src\HTTPSocket.cpp) [d:\study stuff\ASU\Fall 2017\AW\Assignment1\node_modules\socket.io\node_modules\engine.io\node_modules\uws\build\uws.vcxproj]
d:\study stuff\asu\fall 2017\aw\assignment1\node_modules\socket.io\node_modules\engine.io\node_modules\uws\src\HTTPSocket.h(53): error C2143: syntax error : missing ';' before '{' (..\src\HTTPSocket.cpp) [d:\study stuff\ASU\Fall 2017\AW\Assignment1\node_modules\socket.io\node_modules\engine.io\node_modules\uws\build\uws.vcxproj]
d:\study stuff\asu\fall 2017\aw\assignment1\node_modules\socket.io\node_modules\engine.io\node_modules\uws\src\HTTPSocket.h(53): error C2143: syntax error : missing ';' before '}' (..\src\HTTPSocket.cpp) [d:\study stuff\ASU\Fall 2017\AW\Assignment1\node_modules\socket.io\node_modules\engine.io\node_modules\uws\build\uws.vcxproj]
d:\study stuff\asu\fall 2017\aw\assignment1\node_modules\socket.io\node_modules\engine.io\node_modules\uws\src\Networking.h(219): warning C4267: 'return' : conversion from 'size_t' to 'int', possible loss of data (..\src\addon.cpp) [d:\study stuff\ASU\Fall 2017\AW\Assignment1\node_modules\socket.io\node_modules\engine.io\node_modules\uws\build\uws.vcxproj]
d:\study stuff\asu\fall 2017\aw\assignment1\node_modules\socket.io\node_modules\engine.io\node_modules\uws\src\HTTPSocket.h(60): error C2059: syntax error : '{' (..\src\HTTPSocket.cpp) [d:\study stuff\ASU\Fall 2017\AW\Assignment1\node_modules\socket.io\node_modules\engine.io\node_modules\uws\build\uws.vcxproj]
d:\study stuff\asu\fall 2017\aw\assignment1\node_modules\socket.io\node_modules\engine.io\node_modules\uws\src\WebSocketProtocol.h(54): error C2864: 'uWS::WebSocketState<isServer>::remainingBytes' : only static const integral data members can be initialized within a class (..\src\addon.cpp) [d:\study stuff\ASU\Fall 2017\AW\Assignment1\node_modules\socket.io\node_modules\engine.io\node_modules\uws\build\uws.vcxproj]
          d:\study stuff\asu\fall 2017\aw\assignment1\node_modules\socket.io\node_modules\engine.io\node_modules\uws\src\WebSocketProtocol.h(56) : see reference to class template instantiation 'uWS::WebSocketState<isServer>' being compiled
d:\study stuff\asu\fall 2017\aw\assignment1\node_modules\socket.io\node_modules\engine.io\node_modules\uws\src\HTTPSocket.h(60): error C2143: syntax error : missing ';' before '{' (..\src\HTTPSocket.cpp) [d:\study stuff\ASU\Fall 2017\AW\Assignment1\node_modules\socket.io\node_modules\engine.io\node_modules\uws\build\uws.vcxproj]
d:\study stuff\asu\fall 2017\aw\assignment1\node_modules\socket.io\node_modules\engine.io\node_modules\uws\src\HTTPSocket.h(60): error C2143: syntax error : missing ';' before '}' (..\src\HTTPSocket.cpp) [d:\study stuff\ASU\Fall 2017\AW\Assignment1\node_modules\socket.io\node_modules\engine.io\node_modules\uws\build\uws.vcxproj]
d:\study stuff\asu\fall 2017\aw\assignment1\node_modules\socket.io\node_modules\engine.io\node_modules\uws\src\Socket.h(26): warning C4275: non dll-interface struct 'Poll' used as base for dll-interface struct 'uS::Socket' (..\src\addon.cpp) [d:\study stuff\ASU\Fall 2017\AW\Assignment1\node_modules\socket.io\node_modules\engine.io\node_modules\uws\build\uws.vcxproj]
          d:\study stuff\asu\fall 2017\aw\assignment1\node_modules\socket.io\node_modules\engine.io\node_modules\uws\src\Libuv.h(92) : see declaration of 'Poll'
          d:\study stuff\asu\fall 2017\aw\assignment1\node_modules\socket.io\node_modules\engine.io\node_modules\uws\src\Socket.h(26) : see declaration of 'uS::Socket'
d:\study stuff\asu\fall 2017\aw\assignment1\node_modules\socket.io\node_modules\engine.io\node_modules\uws\src\HTTPSocket.h(111): error C2864: 'uWS::HttpSocket<isServer>::outstandingResponsesHead' : only static const integral data members can be initialized within a class (..\src\HTTPSocket.cpp) [d:\study stuff\ASU\Fall 2017\AW\Assignment1\node_modules\socket.io\node_modules\engine.io\node_modules\uws\build\uws.vcxproj]
          d:\study stuff\asu\fall 2017\aw\assignment1\node_modules\socket.io\node_modules\engine.io\node_modules\uws\src\HTTPSocket.h(135) : see reference to class template instantiation 'uWS::HttpSocket<isServer>' being compiled
d:\study stuff\asu\fall 2017\aw\assignment1\node_modules\socket.io\node_modules\engine.io\node_modules\uws\src\Socket.h(31): error C2059: syntax error : '{' (..\src\addon.cpp) [d:\study stuff\ASU\Fall 2017\AW\Assignment1\node_modules\socket.io\node_modules\engine.io\node_modules\uws\build\uws.vcxproj]
d:\study stuff\asu\fall 2017\aw\assignment1\node_modules\socket.io\node_modules\engine.io\node_modules\uws\src\HTTPSocket.h(112): error C2864: 'uWS::HttpSocket<isServer>::outstandingResponsesTail' : only static const integral data members can be initialized within a class (..\src\HTTPSocket.cpp) [d:\study stuff\ASU\Fall 2017\AW\Assignment1\node_modules\socket.io\node_modules\engine.io\node_modules\uws\build\uws.vcxproj]
d:\study stuff\asu\fall 2017\aw\assignment1\node_modules\socket.io\node_modules\engine.io\node_modules\uws\src\Socket.h(31): error C2334: unexpected token(s) preceding '{'; skipping apparent function body (..\src\addon.cpp) [d:\study stuff\ASU\Fall 2017\AW\Assignment1\node_modules\socket.io\node_modules\engine.io\node_modules\uws\build\uws.vcxproj]
d:\study stuff\asu\fall 2017\aw\assignment1\node_modules\socket.io\node_modules\engine.io\node_modules\uws\src\HTTPSocket.h(113): error C2864: 'uWS::HttpSocket<isServer>::preAllocatedResponse' : only static const integral data members can be initialized within a class (..\src\HTTPSocket.cpp) [d:\study stuff\ASU\Fall 2017\AW\Assignment1\node_modules\socket.io\node_modules\engine.io\node_modules\uws\build\uws.vcxproj]
d:\study stuff\asu\fall 2017\aw\assignment1\node_modules\socket.io\node_modules\engine.io\node_modules\uws\src\Socket.h(34): error C2864: 'uS::Socket::user' : only static const integral data members can be initialized within a class (..\src\addon.cpp) [d:\study stuff\ASU\Fall 2017\AW\Assignment1\node_modules\socket.io\node_modules\engine.io\node_modules\uws\build\uws.vcxproj]
d:\study stuff\asu\fall 2017\aw\assignment1\node_modules\socket.io\node_modules\engine.io\node_modules\uws\src\HTTPSocket.h(116): error C2864: 'uWS::HttpSocket<isServer>::contentLength' : only static const integral data members can be initialized within a class (..\src\HTTPSocket.cpp) [d:\study stuff\ASU\Fall 2017\AW\Assignment1\node_modules\socket.io\node_modules\engine.io\node_modules\uws\build\uws.vcxproj]
d:\study stuff\asu\fall 2017\aw\assignment1\node_modules\socket.io\node_modules\engine.io\node_modules\uws\src\Socket.h(42): error C2864: 'uS::Socket::Queue::Message::nextMessage' : only static const integral data members can be initialized within a class (..\src\addon.cpp) [d:\study stuff\ASU\Fall 2017\AW\Assignment1\node_modules\socket.io\node_modules\engine.io\node_modules\uws\build\uws.vcxproj]
d:\study stuff\asu\fall 2017\aw\assignment1\node_modules\socket.io\node_modules\engine.io\node_modules\uws\src\HTTPSocket.h(117): error C2864: 'uWS::HttpSocket<isServer>::missedDeadline' : only static const integral data members can be initialized within a class (..\src\HTTPSocket.cpp) [d:\study stuff\ASU\Fall 2017\AW\Assignment1\node_modules\socket.io\node_modules\engine.io\node_modules\uws\build\uws.vcxproj]
d:\study stuff\asu\fall 2017\aw\assignment1\node_modules\socket.io\node_modules\engine.io\node_modules\uws\src\Socket.h(43): error C2864: 'uS::Socket::Queue::Message::callback' : only static const integral data members can be initialized within a class (..\src\addon.cpp) [d:\study stuff\ASU\Fall 2017\AW\Assignment1\node_modules\socket.io\node_modules\engine.io\node_modules\uws\build\uws.vcxproj]
d:\study stuff\asu\fall 2017\aw\assignment1\node_modules\socket.io\node_modules\engine.io\node_modules\uws\src\HTTPSocket.h(139): error C2864: 'uWS::HttpResponse::next' : only static const integral data members can be initialized within a class (..\src\HTTPSocket.cpp) [d:\study stuff\ASU\Fall 2017\AW\Assignment1\node_modules\socket.io\node_modules\engine.io\node_modules\uws\build\uws.vcxproj]
d:\study stuff\asu\fall 2017\aw\assignment1\node_modules\socket.io\node_modules\engine.io\node_modules\uws\src\Socket.h(44): error C2864: 'uS::Socket::Queue::Message::callbackData' : only static const integral data members can be initialized within a class (..\src\addon.cpp) [d:\study stuff\ASU\Fall 2017\AW\Assignment1\node_modules\socket.io\node_modules\engine.io\node_modules\uws\build\uws.vcxproj]
d:\study stuff\asu\fall 2017\aw\assignment1\node_modules\socket.io\node_modules\engine.io\node_modules\uws\src\HTTPSocket.h(140): error C2864: 'uWS::HttpResponse::userData' : only static const integral data members can be initialized within a class (..\src\HTTPSocket.cpp) [d:\study stuff\ASU\Fall 2017\AW\Assignment1\node_modules\socket.io\node_modules\engine.io\node_modules\uws\build\uws.vcxproj]
d:\study stuff\asu\fall 2017\aw\assignment1\node_modules\socket.io\node_modules\engine.io\node_modules\uws\src\Socket.h(44): error C2864: 'uS::Socket::Queue::Message::reserved' : only static const integral data members can be initialized within a class (..\src\addon.cpp) [d:\study stuff\ASU\Fall 2017\AW\Assignment1\node_modules\socket.io\node_modules\engine.io\node_modules\uws\build\uws.vcxproj]
d:\study stuff\asu\fall 2017\aw\assignment1\node_modules\socket.io\node_modules\engine.io\node_modules\uws\src\HTTPSocket.h(141): error C2864: 'uWS::HttpResponse::extraUserData' : only static const integral data members can be initialized within a class (..\src\HTTPSocket.cpp) [d:\study stuff\ASU\Fall 2017\AW\Assignment1\node_modules\socket.io\node_modules\engine.io\node_modules\uws\build\uws.vcxproj]
d:\study stuff\asu\fall 2017\aw\assignment1\node_modules\socket.io\node_modules\engine.io\node_modules\uws\src\Socket.h(47): error C2864: 'uS::Socket::Queue::head' : only static const integral data members can be initialized within a class (..\src\addon.cpp) [d:\study stuff\ASU\Fall 2017\AW\Assignment1\node_modules\socket.io\node_modules\engine.io\node_modules\uws\build\uws.vcxproj]
d:\study stuff\asu\fall 2017\aw\assignment1\node_modules\socket.io\node_modules\engine.io\node_modules\uws\src\HTTPSocket.h(111): error C2864: 'uWS::HttpSocket<isServer>::outstandingResponsesHead' : only static const integral data members can be initialized within a class [d:\study stuff\ASU\Fall 2017\AW\Assignment1\node_modules\socket.io\node_modules\engine.io\node_modules\uws\build\uws.vcxproj]
          with
          [
              isServer=true
          ] (..\src\HTTPSocket.cpp)
          d:\study stuff\asu\fall 2017\aw\assignment1\node_modules\socket.io\node_modules\engine.io\node_modules\uws\src\HTTPSocket.h(142) : see reference to class template instantiation 'uWS::HttpSocket<isServer>' being compiled
          with
          [
              isServer=true
          ]
d:\study stuff\asu\fall 2017\aw\assignment1\node_modules\socket.io\node_modules\engine.io\node_modules\uws\src\Socket.h(47): error C2864: 'uS::Socket::Queue::tail' : only static const integral data members can be initialized within a class (..\src\addon.cpp) [d:\study stuff\ASU\Fall 2017\AW\Assignment1\node_modules\socket.io\node_modules\engine.io\node_modules\uws\build\uws.vcxproj]
d:\study stuff\asu\fall 2017\aw\assignment1\node_modules\socket.io\node_modules\engine.io\node_modules\uws\src\HTTPSocket.h(112): error C2864: 'uWS::HttpSocket<isServer>::outstandingResponsesTail' : only static const integral data members can be initialized within a class [d:\study stuff\ASU\Fall 2017\AW\Assignment1\node_modules\socket.io\node_modules\engine.io\node_modules\uws\build\uws.vcxproj]
          with
          [
              isServer=true
          ] (..\src\HTTPSocket.cpp)
d:\study stuff\asu\fall 2017\aw\assignment1\node_modules\socket.io\node_modules\engine.io\node_modules\uws\src\HTTPSocket.h(113): error C2864: 'uWS::HttpSocket<isServer>::preAllocatedResponse' : only static const integral data members can be initialized within a class [d:\study stuff\ASU\Fall 2017\AW\Assignment1\node_modules\socket.io\node_modules\engine.io\node_modules\uws\build\uws.vcxproj]
          with
          [
              isServer=true
          ] (..\src\HTTPSocket.cpp)
d:\study stuff\asu\fall 2017\aw\assignment1\node_modules\socket.io\node_modules\engine.io\node_modules\uws\src\Socket.h(426): error C2864: 'uS::Socket::next' : only static const integral data members can be initialized within a class (..\src\addon.cpp) [d:\study stuff\ASU\Fall 2017\AW\Assignment1\node_modules\socket.io\node_modules\engine.io\node_modules\uws\build\uws.vcxproj]
d:\study stuff\asu\fall 2017\aw\assignment1\node_modules\socket.io\node_modules\engine.io\node_modules\uws\src\HTTPSocket.h(116): error C2864: 'uWS::HttpSocket<isServer>::contentLength' : only static const integral data members can be initialized within a class [d:\study stuff\ASU\Fall 2017\AW\Assignment1\node_modules\socket.io\node_modules\engine.io\node_modules\uws\build\uws.vcxproj]
          with
          [
              isServer=true
          ] (..\src\HTTPSocket.cpp)
d:\study stuff\asu\fall 2017\aw\assignment1\node_modules\socket.io\node_modules\engine.io\node_modules\uws\src\Socket.h(426): error C2864: 'uS::Socket::prev' : only static const integral data members can be initialized within a class (..\src\addon.cpp) [d:\study stuff\ASU\Fall 2017\AW\Assignment1\node_modules\socket.io\node_modules\engine.io\node_modules\uws\build\uws.vcxproj]
d:\study stuff\asu\fall 2017\aw\assignment1\node_modules\socket.io\node_modules\engine.io\node_modules\uws\src\HTTPSocket.h(117): error C2864: 'uWS::HttpSocket<isServer>::missedDeadline' : only static const integral data members can be initialized within a class [d:\study stuff\ASU\Fall 2017\AW\Assignment1\node_modules\socket.io\node_modules\engine.io\node_modules\uws\build\uws.vcxproj]
          with
          [
              isServer=true
          ] (..\src\HTTPSocket.cpp)
d:\study stuff\asu\fall 2017\aw\assignment1\node_modules\socket.io\node_modules\engine.io\node_modules\uws\src\Socket.h(77): error C2065: 'state' : undeclared identifier (..\src\addon.cpp) [d:\study stuff\ASU\Fall 2017\AW\Assignment1\node_modules\socket.io\node_modules\engine.io\node_modules\uws\build\uws.vcxproj]
d:\study stuff\asu\fall 2017\aw\assignment1\node_modules\socket.io\node_modules\engine.io\node_modules\uws\src\HTTPSocket.h(142): error C2864: 'uWS::HttpResponse::messageQueue' : only static const integral data members can be initialized within a class (..\src\HTTPSocket.cpp) [d:\study stuff\ASU\Fall 2017\AW\Assignment1\node_modules\socket.io\node_modules\engine.io\node_modules\uws\build\uws.vcxproj]
d:\study stuff\asu\fall 2017\aw\assignment1\node_modules\socket.io\node_modules\engine.io\node_modules\uws\src\Socket.h(77): error C2228: left of '.poll' must have class/struct/union (..\src\addon.cpp) [d:\study stuff\ASU\Fall 2017\AW\Assignment1\node_modules\socket.io\node_modules\engine.io\node_modules\uws\build\uws.vcxproj]
          type is ''unknown-type''
d:\study stuff\asu\fall 2017\aw\assignment1\node_modules\socket.io\node_modules\engine.io\node_modules\uws\src\HTTPSocket.h(143): error C2864: 'uWS::HttpResponse::hasEnded' : only static const integral data members can be initialized within a class (..\src\HTTPSocket.cpp) [d:\study stuff\ASU\Fall 2017\AW\Assignment1\node_modules\socket.io\node_modules\engine.io\node_modules\uws\build\uws.vcxproj]
d:\study stuff\asu\fall 2017\aw\assignment1\node_modules\socket.io\node_modules\engine.io\node_modules\uws\src\Socket.h(81): error C2065: 'state' : undeclared identifier (..\src\addon.cpp) [d:\study stuff\ASU\Fall 2017\AW\Assignment1\node_modules\socket.io\node_modules\engine.io\node_modules\uws\build\uws.vcxproj]
d:\study stuff\asu\fall 2017\aw\assignment1\node_modules\socket.io\node_modules\engine.io\node_modules\uws\src\HTTPSocket.h(144): error C2864: 'uWS::HttpResponse::hasHead' : only static const integral data members can be initialized within a class (..\src\HTTPSocket.cpp) [d:\study stuff\ASU\Fall 2017\AW\Assignment1\node_modules\socket.io\node_modules\engine.io\node_modules\uws\build\uws.vcxproj]
d:\study stuff\asu\fall 2017\aw\assignment1\node_modules\socket.io\node_modules\engine.io\node_modules\uws\src\Socket.h(81): error C2228: left of '.poll' must have class/struct/union (..\src\addon.cpp) [d:\study stuff\ASU\Fall 2017\AW\Assignment1\node_modules\socket.io\node_modules\engine.io\node_modules\uws\build\uws.vcxproj]
          type is ''unknown-type''
d:\study stuff\asu\fall 2017\aw\assignment1\node_modules\socket.io\node_modules\engine.io\node_modules\uws\src\Socket.h(86): error C2065: 'state' : undeclared identifier (..\src\addon.cpp) [d:\study stuff\ASU\Fall 2017\AW\Assignment1\node_modules\socket.io\node_modules\engine.io\node_modules\uws\build\uws.vcxproj]
d:\study stuff\asu\fall 2017\aw\assignment1\node_modules\socket.io\node_modules\engine.io\node_modules\uws\src\Socket.h(86): error C2228: left of '.shuttingDown' must have class/struct/union (..\src\addon.cpp) [d:\study stuff\ASU\Fall 2017\AW\Assignment1\node_modules\socket.io\node_modules\engine.io\node_modules\uws\build\uws.vcxproj]
          type is ''unknown-type''
d:\study stuff\asu\fall 2017\aw\assignment1\node_modules\socket.io\node_modules\engine.io\node_modules\uws\src\Socket.h(91): error C2143: syntax error : missing ')' before '{' (..\src\addon.cpp) [d:\study stuff\ASU\Fall 2017\AW\Assignment1\node_modules\socket.io\node_modules\engine.io\node_modules\uws\build\uws.vcxproj]
d:\study stuff\asu\fall 2017\aw\assignment1\node_modules\socket.io\node_modules\engine.io\node_modules\uws\src\WebSocketProtocol.h(54): error C2864: 'uWS::WebSocketState<isServer>::remainingBytes' : only static const integral data members can be initialized within a class (..\src\HTTPSocket.cpp) [d:\study stuff\ASU\Fall 2017\AW\Assignment1\node_modules\socket.io\node_modules\engine.io\node_modules\uws\build\uws.vcxproj]
          d:\study stuff\asu\fall 2017\aw\assignment1\node_modules\socket.io\node_modules\engine.io\node_modules\uws\src\WebSocketProtocol.h(56) : see reference to class template instantiation 'uWS::WebSocketState<isServer>' being compiled
d:\study stuff\asu\fall 2017\aw\assignment1\node_modules\socket.io\node_modules\engine.io\node_modules\uws\src\Socket.h(91): error C2143: syntax error : missing ';' before '{' (..\src\addon.cpp) [d:\study stuff\ASU\Fall 2017\AW\Assignment1\node_modules\socket.io\node_modules\engine.io\node_modules\uws\build\uws.vcxproj]
d:\study stuff\asu\fall 2017\aw\assignment1\node_modules\socket.io\node_modules\engine.io\node_modules\uws\src\WebSocket.h(13): error C3855: 'uWS::HttpSocket': template parameter 'isServer' is incompatible with the declaration (..\src\HTTPSocket.cpp) [d:\study stuff\ASU\Fall 2017\AW\Assignment1\node_modules\socket.io\node_modules\engine.io\node_modules\uws\build\uws.vcxproj]
d:\study stuff\asu\fall 2017\aw\assignment1\node_modules\socket.io\node_modules\engine.io\node_modules\uws\src\Socket.h(91): error C2143: syntax error : missing ';' before '}' (..\src\addon.cpp) [d:\study stuff\ASU\Fall 2017\AW\Assignment1\node_modules\socket.io\node_modules\engine.io\node_modules\uws\build\uws.vcxproj]
d:\study stuff\asu\fall 2017\aw\assignment1\node_modules\socket.io\node_modules\engine.io\node_modules\uws\src\Socket.h(91): error C2059: syntax error : ')' (..\src\addon.cpp) [d:\study stuff\ASU\Fall 2017\AW\Assignment1\node_modules\socket.io\node_modules\engine.io\node_modules\uws\build\uws.vcxproj]
d:\study stuff\asu\fall 2017\aw\assignment1\node_modules\socket.io\node_modules\engine.io\node_modules\uws\src\WebSocket.h(24): error C2864: 'uWS::WebSocket<isServer>::controlTipLength' : only static const integral data members can be initialized within a class (..\src\HTTPSocket.cpp) [d:\study stuff\ASU\Fall 2017\AW\Assignment1\node_modules\socket.io\node_modules\engine.io\node_modules\uws\build\uws.vcxproj]
          d:\study stuff\asu\fall 2017\aw\assignment1\node_modules\socket.io\node_modules\engine.io\node_modules\uws\src\WebSocket.h(85) : see reference to class template instantiation 'uWS::WebSocket<isServer>' being compiled
d:\study stuff\asu\fall 2017\aw\assignment1\node_modules\socket.io\node_modules\engine.io\node_modules\uws\src\WebSocket.h(24): error C2864: 'uWS::WebSocket<isServer>::hasOutstandingPong' : only static const integral data members can be initialized within a class (..\src\HTTPSocket.cpp) [d:\study stuff\ASU\Fall 2017\AW\Assignment1\node_modules\socket.io\node_modules\engine.io\node_modules\uws\build\uws.vcxproj]
d:\study stuff\asu\fall 2017\aw\assignment1\node_modules\socket.io\node_modules\engine.io\node_modules\uws\src\Socket.h(309): warning C4267: 'argument' : conversion from 'size_t' to 'int', possible loss of data (..\src\addon.cpp) [d:\study stuff\ASU\Fall 2017\AW\Assignment1\node_modules\socket.io\node_modules\engine.io\node_modules\uws\build\uws.vcxproj]
d:\study stuff\asu\fall 2017\aw\assignment1\node_modules\socket.io\node_modules\engine.io\node_modules\uws\src\Socket.h(314): warning C4244: 'argument' : conversion from 'ssize_t' to 'int', possible loss of data (..\src\addon.cpp) [d:\study stuff\ASU\Fall 2017\AW\Assignment1\node_modules\socket.io\node_modules\engine.io\node_modules\uws\build\uws.vcxproj]
d:\study stuff\asu\fall 2017\aw\assignment1\node_modules\socket.io\node_modules\engine.io\node_modules\uws\src\WebSocket.h(82): error C2990: 'uWS::HttpSocket' : non-class template has already been declared as a class template (..\src\HTTPSocket.cpp) [d:\study stuff\ASU\Fall 2017\AW\Assignment1\node_modules\socket.io\node_modules\engine.io\node_modules\uws\build\uws.vcxproj]
          d:\study stuff\asu\fall 2017\aw\assignment1\node_modules\socket.io\node_modules\engine.io\node_modules\uws\src\HTTPSocket.h(109) : see declaration of 'uWS::HttpSocket'
d:\study stuff\asu\fall 2017\aw\assignment1\node_modules\socket.io\node_modules\engine.io\node_modules\uws\src\Socket.h(328): warning C4267: 'argument' : conversion from 'size_t' to 'int', possible loss of data (..\src\addon.cpp) [d:\study stuff\ASU\Fall 2017\AW\Assignment1\node_modules\socket.io\node_modules\engine.io\node_modules\uws\build\uws.vcxproj]
d:\study stuff\asu\fall 2017\aw\assignment1\node_modules\socket.io\node_modules\engine.io\node_modules\uws\src\Socket.h(488): error C2065: 'state' : undeclared identifier (..\src\addon.cpp) [d:\study stuff\ASU\Fall 2017\AW\Assignment1\node_modules\socket.io\node_modules\engine.io\node_modules\uws\build\uws.vcxproj]
d:\study stuff\asu\fall 2017\aw\assignment1\node_modules\socket.io\node_modules\engine.io\node_modules\uws\src\Socket.h(488): error C2228: left of '.shuttingDown' must have class/struct/union (..\src\addon.cpp) [d:\study stuff\ASU\Fall 2017\AW\Assignment1\node_modules\socket.io\node_modules\engine.io\node_modules\uws\build\uws.vcxproj]
          type is ''unknown-type''
d:\study stuff\asu\fall 2017\aw\assignment1\node_modules\socket.io\node_modules\engine.io\node_modules\uws\src\Socket.h(501): error C2864: 'uS::ListenSocket::timer' : only static const integral data members can be initialized within a class (..\src\addon.cpp) [d:\study stuff\ASU\Fall 2017\AW\Assignment1\node_modules\socket.io\node_modules\engine.io\node_modules\uws\build\uws.vcxproj]
d:\study stuff\asu\fall 2017\aw\assignment1\node_modules\socket.io\node_modules\engine.io\node_modules\uws\src\WebSocket.h(24): error C2864: 'uWS::WebSocket<isServer>::controlTipLength' : only static const integral data members can be initialized within a class (..\src\addon.cpp) [d:\study stuff\ASU\Fall 2017\AW\Assignment1\node_modules\socket.io\node_modules\engine.io\node_modules\uws\build\uws.vcxproj]
          d:\study stuff\asu\fall 2017\aw\assignment1\node_modules\socket.io\node_modules\engine.io\node_modules\uws\src\WebSocket.h(85) : see reference to class template instantiation 'uWS::WebSocket<isServer>' being compiled
d:\study stuff\asu\fall 2017\aw\assignment1\node_modules\socket.io\node_modules\engine.io\node_modules\uws\src\WebSocket.h(24): error C2864: 'uWS::WebSocket<isServer>::hasOutstandingPong' : only static const integral data members can be initialized within a class (..\src\addon.cpp) [d:\study stuff\ASU\Fall 2017\AW\Assignment1\node_modules\socket.io\node_modules\engine.io\node_modules\uws\build\uws.vcxproj]
d:\study stuff\asu\fall 2017\aw\assignment1\node_modules\socket.io\node_modules\engine.io\node_modules\uws\src\HTTPSocket.h(53): error C2059: syntax error : '{' (..\src\addon.cpp) [d:\study stuff\ASU\Fall 2017\AW\Assignment1\node_modules\socket.io\node_modules\engine.io\node_modules\uws\build\uws.vcxproj]
d:\study stuff\asu\fall 2017\aw\assignment1\node_modules\socket.io\node_modules\engine.io\node_modules\uws\src\HTTPSocket.h(53): error C2143: syntax error : missing ';' before '{' (..\src\addon.cpp) [d:\study stuff\ASU\Fall 2017\AW\Assignment1\node_modules\socket.io\node_modules\engine.io\node_modules\uws\build\uws.vcxproj]
d:\study stuff\asu\fall 2017\aw\assignment1\node_modules\socket.io\node_modules\engine.io\node_modules\uws\src\HTTPSocket.h(53): error C2143: syntax error : missing ';' before '}' (..\src\addon.cpp) [d:\study stuff\ASU\Fall 2017\AW\Assignment1\node_modules\socket.io\node_modules\engine.io\node_modules\uws\build\uws.vcxproj]
d:\study stuff\asu\fall 2017\aw\assignment1\node_modules\socket.io\node_modules\engine.io\node_modules\uws\src\HTTPSocket.h(60): error C2059: syntax error : '{' (..\src\addon.cpp) [d:\study stuff\ASU\Fall 2017\AW\Assignment1\node_modules\socket.io\node_modules\engine.io\node_modules\uws\build\uws.vcxproj]
d:\study stuff\asu\fall 2017\aw\assignment1\node_modules\socket.io\node_modules\engine.io\node_modules\uws\src\HTTPSocket.h(60): error C2143: syntax error : missing ';' before '{' (..\src\addon.cpp) [d:\study stuff\ASU\Fall 2017\AW\Assignment1\node_modules\socket.io\node_modules\engine.io\node_modules\uws\build\uws.vcxproj]
d:\study stuff\asu\fall 2017\aw\assignment1\node_modules\socket.io\node_modules\engine.io\node_modules\uws\src\HTTPSocket.h(60): error C2143: syntax error : missing ';' before '}' (..\src\addon.cpp) [d:\study stuff\ASU\Fall 2017\AW\Assignment1\node_modules\socket.io\node_modules\engine.io\node_modules\uws\build\uws.vcxproj]
d:\study stuff\asu\fall 2017\aw\assignment1\node_modules\socket.io\node_modules\engine.io\node_modules\uws\src\HTTPSocket.h(135): error C3855: 'uWS::HttpSocket': template parameter 'isServer' is incompatible with the declaration (..\src\addon.cpp) [d:\study stuff\ASU\Fall 2017\AW\Assignment1\node_modules\socket.io\node_modules\engine.io\node_modules\uws\build\uws.vcxproj]
d:\study stuff\asu\fall 2017\aw\assignment1\node_modules\socket.io\node_modules\engine.io\node_modules\uws\src\HTTPSocket.h(139): error C2864: 'uWS::HttpResponse::next' : only static const integral data members can be initialized within a class (..\src\addon.cpp) [d:\study stuff\ASU\Fall 2017\AW\Assignment1\node_modules\socket.io\node_modules\engine.io\node_modules\uws\build\uws.vcxproj]
d:\study stuff\asu\fall 2017\aw\assignment1\node_modules\socket.io\node_modules\engine.io\node_modules\uws\src\HTTPSocket.h(140): error C2864: 'uWS::HttpResponse::userData' : only static const integral data members can be initialized within a class (..\src\addon.cpp) [d:\study stuff\ASU\Fall 2017\AW\Assignment1\node_modules\socket.io\node_modules\engine.io\node_modules\uws\build\uws.vcxproj]
d:\study stuff\asu\fall 2017\aw\assignment1\node_modules\socket.io\node_modules\engine.io\node_modules\uws\src\HTTPSocket.h(141): error C2864: 'uWS::HttpResponse::extraUserData' : only static const integral data members can be initialized within a class (..\src\addon.cpp) [d:\study stuff\ASU\Fall 2017\AW\Assignment1\node_modules\socket.io\node_modules\engine.io\node_modules\uws\build\uws.vcxproj]
d:\study stuff\asu\fall 2017\aw\assignment1\node_modules\socket.io\node_modules\engine.io\node_modules\uws\src\HTTPSocket.h(142): error C2027: use of undefined type 'uWS::HttpSocket' (..\src\addon.cpp) [d:\study stuff\ASU\Fall 2017\AW\Assignment1\node_modules\socket.io\node_modules\engine.io\node_modules\uws\build\uws.vcxproj]
          d:\study stuff\asu\fall 2017\aw\assignment1\node_modules\socket.io\node_modules\engine.io\node_modules\uws\src\HTTPSocket.h(109) : see declaration of 'uWS::HttpSocket'
d:\study stuff\asu\fall 2017\aw\assignment1\node_modules\socket.io\node_modules\engine.io\node_modules\uws\src\HTTPSocket.h(142): error C2143: syntax error : missing ';' before '*' (..\src\addon.cpp) [d:\study stuff\ASU\Fall 2017\AW\Assignment1\node_modules\socket.io\node_modules\engine.io\node_modules\uws\build\uws.vcxproj]
d:\study stuff\asu\fall 2017\aw\assignment1\node_modules\socket.io\node_modules\engine.io\node_modules\uws\src\HTTPSocket.h(142): error C4430: missing type specifier - int assumed. Note: C++ does not support default-int (..\src\addon.cpp) [d:\study stuff\ASU\Fall 2017\AW\Assignment1\node_modules\socket.io\node_modules\engine.io\node_modules\uws\build\uws.vcxproj]
d:\study stuff\asu\fall 2017\aw\assignment1\node_modules\socket.io\node_modules\engine.io\node_modules\uws\src\HTTPSocket.h(142): error C2864: 'uWS::HttpResponse::messageQueue' : only static const integral data members can be initialized within a class (..\src\addon.cpp) [d:\study stuff\ASU\Fall 2017\AW\Assignment1\node_modules\socket.io\node_modules\engine.io\node_modules\uws\build\uws.vcxproj]
d:\study stuff\asu\fall 2017\aw\assignment1\node_modules\socket.io\node_modules\engine.io\node_modules\uws\src\HTTPSocket.h(143): error C2864: 'uWS::HttpResponse::hasEnded' : only static const integral data members can be initialized within a class (..\src\addon.cpp) [d:\study stuff\ASU\Fall 2017\AW\Assignment1\node_modules\socket.io\node_modules\engine.io\node_modules\uws\build\uws.vcxproj]
d:\study stuff\asu\fall 2017\aw\assignment1\node_modules\socket.io\node_modules\engine.io\node_modules\uws\src\HTTPSocket.h(144): error C2864: 'uWS::HttpResponse::hasHead' : only static const integral data members can be initialized within a class (..\src\addon.cpp) [d:\study stuff\ASU\Fall 2017\AW\Assignment1\node_modules\socket.io\node_modules\engine.io\node_modules\uws\build\uws.vcxproj]
d:\study stuff\asu\fall 2017\aw\assignment1\node_modules\socket.io\node_modules\engine.io\node_modules\uws\src\HTTPSocket.h(163): error C2027: use of undefined type 'uWS::HttpSocket' (..\src\addon.cpp) [d:\study stuff\ASU\Fall 2017\AW\Assignment1\node_modules\socket.io\node_modules\engine.io\node_modules\uws\build\uws.vcxproj]
          d:\study stuff\asu\fall 2017\aw\assignment1\node_modules\socket.io\node_modules\engine.io\node_modules\uws\src\HTTPSocket.h(109) : see declaration of 'uWS::HttpSocket'
d:\study stuff\asu\fall 2017\aw\assignment1\node_modules\socket.io\node_modules\engine.io\node_modules\uws\src\HTTPSocket.h(163): error C2227: left of '->preAllocatedResponse' must point to class/struct/union/generic type (..\src\addon.cpp) [d:\study stuff\ASU\Fall 2017\AW\Assignment1\node_modules\socket.io\node_modules\engine.io\node_modules\uws\build\uws.vcxproj]
d:\study stuff\asu\fall 2017\aw\assignment1\node_modules\socket.io\node_modules\engine.io\node_modules\uws\src\HTTPSocket.h(166): error C2027: use of undefined type 'uWS::HttpSocket' (..\src\addon.cpp) [d:\study stuff\ASU\Fall 2017\AW\Assignment1\node_modules\socket.io\node_modules\engine.io\node_modules\uws\build\uws.vcxproj]
          d:\study stuff\asu\fall 2017\aw\assignment1\node_modules\socket.io\node_modules\engine.io\node_modules\uws\src\HTTPSocket.h(109) : see declaration of 'uWS::HttpSocket'
d:\study stuff\asu\fall 2017\aw\assignment1\node_modules\socket.io\node_modules\engine.io\node_modules\uws\src\HTTPSocket.h(166): error C2227: left of '->preAllocatedResponse' must point to class/struct/union/generic type (..\src\addon.cpp) [d:\study stuff\ASU\Fall 2017\AW\Assignment1\node_modules\socket.io\node_modules\engine.io\node_modules\uws\build\uws.vcxproj]
d:\study stuff\asu\fall 2017\aw\assignment1\node_modules\socket.io\node_modules\engine.io\node_modules\uws\src\HTTPSocket.h(185): error C2027: use of undefined type 'uWS::HttpSocket' (..\src\addon.cpp) [d:\study stuff\ASU\Fall 2017\AW\Assignment1\node_modules\socket.io\node_modules\engine.io\node_modules\uws\build\uws.vcxproj]
          d:\study stuff\asu\fall 2017\aw\assignment1\node_modules\socket.io\node_modules\engine.io\node_modules\uws\src\HTTPSocket.h(109) : see declaration of 'uWS::HttpSocket'
d:\study stuff\asu\fall 2017\aw\assignment1\node_modules\socket.io\node_modules\engine.io\node_modules\uws\src\HTTPSocket.h(185): error C2227: left of '->sendTransformed' must point to class/struct/union/generic type (..\src\addon.cpp) [d:\study stuff\ASU\Fall 2017\AW\Assignment1\node_modules\socket.io\node_modules\engine.io\node_modules\uws\build\uws.vcxproj]
d:\study stuff\asu\fall 2017\aw\assignment1\node_modules\socket.io\node_modules\engine.io\node_modules\uws\src\HTTPSocket.h(213): error C2027: use of undefined type 'uWS::HttpSocket' (..\src\addon.cpp) [d:\study stuff\ASU\Fall 2017\AW\Assignment1\node_modules\socket.io\node_modules\engine.io\node_modules\uws\build\uws.vcxproj]
          d:\study stuff\asu\fall 2017\aw\assignment1\node_modules\socket.io\node_modules\engine.io\node_modules\uws\src\HTTPSocket.h(109) : see declaration of 'uWS::HttpSocket'
d:\study stuff\asu\fall 2017\aw\assignment1\node_modules\socket.io\node_modules\engine.io\node_modules\uws\src\HTTPSocket.h(213): error C2227: left of '->outstandingResponsesHead' must point to class/struct/union/generic type (..\src\addon.cpp) [d:\study stuff\ASU\Fall 2017\AW\Assignment1\node_modules\socket.io\node_modules\engine.io\node_modules\uws\build\uws.vcxproj]
d:\study stuff\asu\fall 2017\aw\assignment1\node_modules\socket.io\node_modules\engine.io\node_modules\uws\src\HTTPSocket.h(214): error C2027: use of undefined type 'uWS::HttpSocket' (..\src\addon.cpp) [d:\study stuff\ASU\Fall 2017\AW\Assignment1\node_modules\socket.io\node_modules\engine.io\node_modules\uws\build\uws.vcxproj]
          d:\study stuff\asu\fall 2017\aw\assignment1\node_modules\socket.io\node_modules\engine.io\node_modules\uws\src\HTTPSocket.h(109) : see declaration of 'uWS::HttpSocket'
d:\study stuff\asu\fall 2017\aw\assignment1\node_modules\socket.io\node_modules\engine.io\node_modules\uws\src\HTTPSocket.h(214): error C2065: 'Message' : undeclared identifier (..\src\addon.cpp) [d:\study stuff\ASU\Fall 2017\AW\Assignment1\node_modules\socket.io\node_modules\engine.io\node_modules\uws\build\uws.vcxproj]
d:\study stuff\asu\fall 2017\aw\assignment1\node_modules\socket.io\node_modules\engine.io\node_modules\uws\src\HTTPSocket.h(214): error C2065: 'messagePtr' : undeclared identifier (..\src\addon.cpp) [d:\study stuff\ASU\Fall 2017\AW\Assignment1\node_modules\socket.io\node_modules\engine.io\node_modules\uws\build\uws.vcxproj]
          d:\study stuff\asu\fall 2017\aw\assignment1\node_modules\socket.io\node_modules\engine.io\node_modules\uws\src\HTTPSocket.h(109) : see declaration of 'uWS::HttpSocket'
d:\study stuff\asu\fall 2017\aw\assignment1\node_modules\socket.io\node_modules\engine.io\node_modules\uws\src\HTTPSocket.h(214): error C2227: left of '->allocMessage' must point to class/struct/union/generic type (..\src\addon.cpp) [d:\study stuff\ASU\Fall 2017\AW\Assignment1\node_modules\socket.io\node_modules\engine.io\node_modules\uws\build\uws.vcxproj]
d:\study stuff\asu\fall 2017\aw\assignment1\node_modules\socket.io\node_modules\engine.io\node_modules\uws\src\HTTPSocket.h(215): error C2065: 'messagePtr' : undeclared identifier (..\src\addon.cpp) [d:\study stuff\ASU\Fall 2017\AW\Assignment1\node_modules\socket.io\node_modules\engine.io\node_modules\uws\build\uws.vcxproj]
d:\study stuff\asu\fall 2017\aw\assignment1\node_modules\socket.io\node_modules\engine.io\node_modules\uws\src\HTTPSocket.h(215): error C2227: left of '->length' must point to class/struct/union/generic type (..\src\addon.cpp) [d:\study stuff\ASU\Fall 2017\AW\Assignment1\node_modules\socket.io\node_modules\engine.io\node_modules\uws\build\uws.vcxproj]
          type is ''unknown-type''
d:\study stuff\asu\fall 2017\aw\assignment1\node_modules\socket.io\node_modules\engine.io\node_modules\uws\src\HTTPSocket.h(215): error C2227: left of '->data' must point to class/struct/union/generic type (..\src\addon.cpp) [d:\study stuff\ASU\Fall 2017\AW\Assignment1\node_modules\socket.io\node_modules\engine.io\node_modules\uws\build\uws.vcxproj]
          type is ''unknown-type''
d:\study stuff\asu\fall 2017\aw\assignment1\node_modules\socket.io\node_modules\engine.io\node_modules\uws\src\HTTPSocket.h(216): error C2065: 'messagePtr' : undeclared identifier (..\src\addon.cpp) [d:\study stuff\ASU\Fall 2017\AW\Assignment1\node_modules\socket.io\node_modules\engine.io\node_modules\uws\build\uws.vcxproj]
d:\study stuff\asu\fall 2017\aw\assignment1\node_modules\socket.io\node_modules\engine.io\node_modules\uws\src\HTTPSocket.h(216): error C2227: left of '->callback' must point to class/struct/union/generic type (..\src\addon.cpp) [d:\study stuff\ASU\Fall 2017\AW\Assignment1\node_modules\socket.io\node_modules\engine.io\node_modules\uws\build\uws.vcxproj]
          type is ''unknown-type''
d:\study stuff\asu\fall 2017\aw\assignment1\node_modules\socket.io\node_modules\engine.io\node_modules\uws\src\HTTPSocket.h(217): error C2065: 'messagePtr' : undeclared identifier (..\src\addon.cpp) [d:\study stuff\ASU\Fall 2017\AW\Assignment1\node_modules\socket.io\node_modules\engine.io\node_modules\uws\build\uws.vcxproj]
d:\study stuff\asu\fall 2017\aw\assignment1\node_modules\socket.io\node_modules\engine.io\node_modules\uws\src\HTTPSocket.h(217): error C2227: left of '->callbackData' must point to class/struct/union/generic type (..\src\addon.cpp) [d:\study stuff\ASU\Fall 2017\AW\Assignment1\node_modules\socket.io\node_modules\engine.io\node_modules\uws\build\uws.vcxproj]
          type is ''unknown-type''
d:\study stuff\asu\fall 2017\aw\assignment1\node_modules\socket.io\node_modules\engine.io\node_modules\uws\src\HTTPSocket.h(218): error C2065: 'messagePtr' : undeclared identifier (..\src\addon.cpp) [d:\study stuff\ASU\Fall 2017\AW\Assignment1\node_modules\socket.io\node_modules\engine.io\node_modules\uws\build\uws.vcxproj]
d:\study stuff\asu\fall 2017\aw\assignment1\node_modules\socket.io\node_modules\engine.io\node_modules\uws\src\HTTPSocket.h(218): error C2227: left of '->nextMessage' must point to class/struct/union/generic type (..\src\addon.cpp) [d:\study stuff\ASU\Fall 2017\AW\Assignment1\node_modules\socket.io\node_modules\engine.io\node_modules\uws\build\uws.vcxproj]
          type is ''unknown-type''
d:\study stuff\asu\fall 2017\aw\assignment1\node_modules\socket.io\node_modules\engine.io\node_modules\uws\src\HTTPSocket.h(218): error C2065: 'messageQueue' : undeclared identifier (..\src\addon.cpp) [d:\study stuff\ASU\Fall 2017\AW\Assignment1\node_modules\socket.io\node_modules\engine.io\node_modules\uws\build\uws.vcxproj]
d:\study stuff\asu\fall 2017\aw\assignment1\node_modules\socket.io\node_modules\engine.io\node_modules\uws\src\HTTPSocket.h(219): error C2065: 'messageQueue' : undeclared identifier (..\src\addon.cpp) [d:\study stuff\ASU\Fall 2017\AW\Assignment1\node_modules\socket.io\node_modules\engine.io\node_modules\uws\build\uws.vcxproj]
d:\study stuff\asu\fall 2017\aw\assignment1\node_modules\socket.io\node_modules\engine.io\node_modules\uws\src\HTTPSocket.h(219): error C2065: 'messagePtr' : undeclared identifier (..\src\addon.cpp) [d:\study stuff\ASU\Fall 2017\AW\Assignment1\node_modules\socket.io\node_modules\engine.io\node_modules\uws\build\uws.vcxproj]
d:\study stuff\asu\fall 2017\aw\assignment1\node_modules\socket.io\node_modules\engine.io\node_modules\uws\src\HTTPSocket.h(222): error C2027: use of undefined type 'uWS::HttpSocket' (..\src\addon.cpp) [d:\study stuff\ASU\Fall 2017\AW\Assignment1\node_modules\socket.io\node_modules\engine.io\node_modules\uws\build\uws.vcxproj]
          d:\study stuff\asu\fall 2017\aw\assignment1\node_modules\socket.io\node_modules\engine.io\node_modules\uws\src\HTTPSocket.h(109) : see declaration of 'uWS::HttpSocket'
d:\study stuff\asu\fall 2017\aw\assignment1\node_modules\socket.io\node_modules\engine.io\node_modules\uws\src\HTTPSocket.h(222): error C2227: left of '->sendTransformed' must point to class/struct/union/generic type (..\src\addon.cpp) [d:\study stuff\ASU\Fall 2017\AW\Assignment1\node_modules\socket.io\node_modules\engine.io\node_modules\uws\build\uws.vcxproj]
d:\study stuff\asu\fall 2017\aw\assignment1\node_modules\socket.io\node_modules\engine.io\node_modules\uws\src\HTTPSocket.h(227): error C2027: use of undefined type 'uWS::HttpSocket' (..\src\addon.cpp) [d:\study stuff\ASU\Fall 2017\AW\Assignment1\node_modules\socket.io\node_modules\engine.io\node_modules\uws\build\uws.vcxproj]
          d:\study stuff\asu\fall 2017\aw\assignment1\node_modules\socket.io\node_modules\engine.io\node_modules\uws\src\HTTPSocket.h(109) : see declaration of 'uWS::HttpSocket'
d:\study stuff\asu\fall 2017\aw\assignment1\node_modules\socket.io\node_modules\engine.io\node_modules\uws\src\HTTPSocket.h(227): error C2065: 'Message' : undeclared identifier (..\src\addon.cpp) [d:\study stuff\ASU\Fall 2017\AW\Assignment1\node_modules\socket.io\node_modules\engine.io\node_modules\uws\build\uws.vcxproj]
d:\study stuff\asu\fall 2017\aw\assignment1\node_modules\socket.io\node_modules\engine.io\node_modules\uws\src\HTTPSocket.h(227): error C2065: 'messagePtr' : undeclared identifier (..\src\addon.cpp) [d:\study stuff\ASU\Fall 2017\AW\Assignment1\node_modules\socket.io\node_modules\engine.io\node_modules\uws\build\uws.vcxproj]
d:\study stuff\asu\fall 2017\aw\assignment1\node_modules\socket.io\node_modules\engine.io\node_modules\uws\src\HTTPSocket.h(227): error C2039: 'messageQueue' : is not a member of 'uWS::HttpResponse' (..\src\addon.cpp) [d:\study stuff\ASU\Fall 2017\AW\Assignment1\node_modules\socket.io\node_modules\engine.io\node_modules\uws\build\uws.vcxproj]
          d:\study stuff\asu\fall 2017\aw\assignment1\node_modules\socket.io\node_modules\engine.io\node_modules\uws\src\HTTPSocket.h(137) : see declaration of 'uWS::HttpResponse'
d:\study stuff\asu\fall 2017\aw\assignment1\node_modules\socket.io\node_modules\engine.io\node_modules\uws\src\HTTPSocket.h(228): error C2065: 'messagePtr' : undeclared identifier (..\src\addon.cpp) [d:\study stuff\ASU\Fall 2017\AW\Assignment1\node_modules\socket.io\node_modules\engine.io\node_modules\uws\build\uws.vcxproj]
d:\study stuff\asu\fall 2017\aw\assignment1\node_modules\socket.io\node_modules\engine.io\node_modules\uws\src\HTTPSocket.h(229): error C2027: use of undefined type 'uWS::HttpSocket' (..\src\addon.cpp) [d:\study stuff\ASU\Fall 2017\AW\Assignment1\node_modules\socket.io\node_modules\engine.io\node_modules\uws\build\uws.vcxproj]
          d:\study stuff\asu\fall 2017\aw\assignment1\node_modules\socket.io\node_modules\engine.io\node_modules\uws\src\HTTPSocket.h(109) : see declaration of 'uWS::HttpSocket'
d:\study stuff\asu\fall 2017\aw\assignment1\node_modules\socket.io\node_modules\engine.io\node_modules\uws\src\HTTPSocket.h(229): error C2065: 'Message' : undeclared identifier (..\src\addon.cpp) [d:\study stuff\ASU\Fall 2017\AW\Assignment1\node_modules\socket.io\node_modules\engine.io\node_modules\uws\build\uws.vcxproj]
d:\study stuff\asu\fall 2017\aw\assignment1\node_modules\socket.io\node_modules\engine.io\node_modules\uws\src\HTTPSocket.h(229): error C2065: 'nextMessage' : undeclared identifier (..\src\addon.cpp) [d:\study stuff\ASU\Fall 2017\AW\Assignment1\node_modules\socket.io\node_modules\engine.io\node_modules\uws\build\uws.vcxproj]
d:\study stuff\asu\fall 2017\aw\assignment1\node_modules\socket.io\node_modules\engine.io\node_modules\uws\src\HTTPSocket.h(229): error C2065: 'messagePtr' : undeclared identifier (..\src\addon.cpp) [d:\study stuff\ASU\Fall 2017\AW\Assignment1\node_modules\socket.io\node_modules\engine.io\node_modules\uws\build\uws.vcxproj]
d:\study stuff\asu\fall 2017\aw\assignment1\node_modules\socket.io\node_modules\engine.io\node_modules\uws\src\HTTPSocket.h(229): error C2227: left of '->nextMessage' must point to class/struct/union/generic type (..\src\addon.cpp) [d:\study stuff\ASU\Fall 2017\AW\Assignment1\node_modules\socket.io\node_modules\engine.io\node_modules\uws\build\uws.vcxproj]
          type is ''unknown-type''
d:\study stuff\asu\fall 2017\aw\assignment1\node_modules\socket.io\node_modules\engine.io\node_modules\uws\src\HTTPSocket.h(232): error C2027: use of undefined type 'uWS::HttpSocket' (..\src\addon.cpp) [d:\study stuff\ASU\Fall 2017\AW\Assignment1\node_modules\socket.io\node_modules\engine.io\node_modules\uws\build\uws.vcxproj]
          d:\study stuff\asu\fall 2017\aw\assignment1\node_modules\socket.io\node_modules\engine.io\node_modules\uws\src\HTTPSocket.h(109) : see declaration of 'uWS::HttpSocket'
d:\study stuff\asu\fall 2017\aw\assignment1\node_modules\socket.io\node_modules\engine.io\node_modules\uws\src\HTTPSocket.h(232): error C2227: left of '->write' must point to class/struct/union/generic type (..\src\addon.cpp) [d:\study stuff\ASU\Fall 2017\AW\Assignment1\node_modules\socket.io\node_modules\engine.io\node_modules\uws\build\uws.vcxproj]
d:\study stuff\asu\fall 2017\aw\assignment1\node_modules\socket.io\node_modules\engine.io\node_modules\uws\src\HTTPSocket.h(232): error C2065: 'messagePtr' : undeclared identifier (..\src\addon.cpp) [d:\study stuff\ASU\Fall 2017\AW\Assignment1\node_modules\socket.io\node_modules\engine.io\node_modules\uws\build\uws.vcxproj]
d:\study stuff\asu\fall 2017\aw\assignment1\node_modules\socket.io\node_modules\engine.io\node_modules\uws\src\HTTPSocket.h(234): error C2027: use of undefined type 'uWS::HttpSocket' (..\src\addon.cpp) [d:\study stuff\ASU\Fall 2017\AW\Assignment1\node_modules\socket.io\node_modules\engine.io\node_modules\uws\build\uws.vcxproj]
          d:\study stuff\asu\fall 2017\aw\assignment1\node_modules\socket.io\node_modules\engine.io\node_modules\uws\src\HTTPSocket.h(109) : see declaration of 'uWS::HttpSocket'
d:\study stuff\asu\fall 2017\aw\assignment1\node_modules\socket.io\node_modules\engine.io\node_modules\uws\src\HTTPSocket.h(234): error C2227: left of '->freeMessage' must point to class/struct/union/generic type (..\src\addon.cpp) [d:\study stuff\ASU\Fall 2017\AW\Assignment1\node_modules\socket.io\node_modules\engine.io\node_modules\uws\build\uws.vcxproj]
d:\study stuff\asu\fall 2017\aw\assignment1\node_modules\socket.io\node_modules\engine.io\node_modules\uws\src\HTTPSocket.h(234): error C2065: 'messagePtr' : undeclared identifier (..\src\addon.cpp) [d:\study stuff\ASU\Fall 2017\AW\Assignment1\node_modules\socket.io\node_modules\engine.io\node_modules\uws\build\uws.vcxproj]
d:\study stuff\asu\fall 2017\aw\assignment1\node_modules\socket.io\node_modules\engine.io\node_modules\uws\src\HTTPSocket.h(239): error C2065: 'messagePtr' : undeclared identifier (..\src\addon.cpp) [d:\study stuff\ASU\Fall 2017\AW\Assignment1\node_modules\socket.io\node_modules\engine.io\node_modules\uws\build\uws.vcxproj]
d:\study stuff\asu\fall 2017\aw\assignment1\node_modules\socket.io\node_modules\engine.io\node_modules\uws\src\HTTPSocket.h(239): error C2227: left of '->callback' must point to class/struct/union/generic type (..\src\addon.cpp) [d:\study stuff\ASU\Fall 2017\AW\Assignment1\node_modules\socket.io\node_modules\engine.io\node_modules\uws\build\uws.vcxproj]
          type is ''unknown-type''
d:\study stuff\asu\fall 2017\aw\assignment1\node_modules\socket.io\node_modules\engine.io\node_modules\uws\src\HTTPSocket.h(240): error C2065: 'messagePtr' : undeclared identifier (..\src\addon.cpp) [d:\study stuff\ASU\Fall 2017\AW\Assignment1\node_modules\socket.io\node_modules\engine.io\node_modules\uws\build\uws.vcxproj]
d:\study stuff\asu\fall 2017\aw\assignment1\node_modules\socket.io\node_modules\engine.io\node_modules\uws\src\HTTPSocket.h(240): error C2227: left of '->callbackData' must point to class/struct/union/generic type (..\src\addon.cpp) [d:\study stuff\ASU\Fall 2017\AW\Assignment1\node_modules\socket.io\node_modules\engine.io\node_modules\uws\build\uws.vcxproj]
          type is ''unknown-type''
d:\study stuff\asu\fall 2017\aw\assignment1\node_modules\socket.io\node_modules\engine.io\node_modules\uws\src\HTTPSocket.h(243): error C2027: use of undefined type 'uWS::HttpSocket' (..\src\addon.cpp) [d:\study stuff\ASU\Fall 2017\AW\Assignment1\node_modules\socket.io\node_modules\engine.io\node_modules\uws\build\uws.vcxproj]
          d:\study stuff\asu\fall 2017\aw\assignment1\node_modules\socket.io\node_modules\engine.io\node_modules\uws\src\HTTPSocket.h(109) : see declaration of 'uWS::HttpSocket'
d:\study stuff\asu\fall 2017\aw\assignment1\node_modules\socket.io\node_modules\engine.io\node_modules\uws\src\HTTPSocket.h(243): error C2227: left of '->freeMessage' must point to class/struct/union/generic type (..\src\addon.cpp) [d:\study stuff\ASU\Fall 2017\AW\Assignment1\node_modules\socket.io\node_modules\engine.io\node_modules\uws\build\uws.vcxproj]
d:\study stuff\asu\fall 2017\aw\assignment1\node_modules\socket.io\node_modules\engine.io\node_modules\uws\src\HTTPSocket.h(243): error C2065: 'messagePtr' : undeclared identifier (..\src\addon.cpp) [d:\study stuff\ASU\Fall 2017\AW\Assignment1\node_modules\socket.io\node_modules\engine.io\node_modules\uws\build\uws.vcxproj]
d:\study stuff\asu\fall 2017\aw\assignment1\node_modules\socket.io\node_modules\engine.io\node_modules\uws\src\HTTPSocket.h(249): error C2065: 'messagePtr' : undeclared identifier (..\src\addon.cpp) [d:\study stuff\ASU\Fall 2017\AW\Assignment1\node_modules\socket.io\node_modules\engine.io\node_modules\uws\build\uws.vcxproj]
d:\study stuff\asu\fall 2017\aw\assignment1\node_modules\socket.io\node_modules\engine.io\node_modules\uws\src\HTTPSocket.h(249): error C2065: 'nextMessage' : undeclared identifier (..\src\addon.cpp) [d:\study stuff\ASU\Fall 2017\AW\Assignment1\node_modules\socket.io\node_modules\engine.io\node_modules\uws\build\uws.vcxproj]
d:\study stuff\asu\fall 2017\aw\assignment1\node_modules\socket.io\node_modules\engine.io\node_modules\uws\src\HTTPSocket.h(261): error C2027: use of undefined type 'uWS::HttpSocket' (..\src\addon.cpp) [d:\study stuff\ASU\Fall 2017\AW\Assignment1\node_modules\socket.io\node_modules\engine.io\node_modules\uws\build\uws.vcxproj]
          d:\study stuff\asu\fall 2017\aw\assignment1\node_modules\socket.io\node_modules\engine.io\node_modules\uws\src\HTTPSocket.h(109) : see declaration of 'uWS::HttpSocket'
d:\study stuff\asu\fall 2017\aw\assignment1\node_modules\socket.io\node_modules\engine.io\node_modules\uws\src\HTTPSocket.h(261): fatal error C1003: error count exceeds 100; stopping compilation (..\src\addon.cpp) [d:\study stuff\ASU\Fall 2017\AW\Assignment1\node_modules\socket.io\node_modules\engine.io\node_modules\uws\build\uws.vcxproj]
d:\study stuff\asu\fall 2017\aw\assignment1\node_modules\socket.io\node_modules\engine.io\node_modules\uws\src\Group.h(23): error C2990: 'uWS::HttpSocket' : non-class template has already been declared as a class template (..\src\HTTPSocket.cpp) [d:\study stuff\ASU\Fall 2017\AW\Assignment1\node_modules\socket.io\node_modules\engine.io\node_modules\uws\build\uws.vcxproj]
          d:\study stuff\asu\fall 2017\aw\assignment1\node_modules\socket.io\node_modules\engine.io\node_modules\uws\src\HTTPSocket.h(109) : see declaration of 'uWS::HttpSocket'
          d:\study stuff\asu\fall 2017\aw\assignment1\node_modules\socket.io\node_modules\engine.io\node_modules\uws\src\Group.h(140) : see reference to class template instantiation 'uWS::Group<isServer>' being compiled
d:\study stuff\asu\fall 2017\aw\assignment1\node_modules\socket.io\node_modules\engine.io\node_modules\uws\src\Group.h(24): error C2990: 'uWS::HttpSocket' : non-class template has already been declared as a class template (..\src\HTTPSocket.cpp) [d:\study stuff\ASU\Fall 2017\AW\Assignment1\node_modules\socket.io\node_modules\engine.io\node_modules\uws\build\uws.vcxproj]
          d:\study stuff\asu\fall 2017\aw\assignment1\node_modules\socket.io\node_modules\engine.io\node_modules\uws\src\HTTPSocket.h(109) : see declaration of 'uWS::HttpSocket'
d:\study stuff\asu\fall 2017\aw\assignment1\node_modules\socket.io\node_modules\engine.io\node_modules\uws\src\Group.h(32): error C2955: 'uWS::HttpSocket' : use of class template requires template argument list (..\src\HTTPSocket.cpp) [d:\study stuff\ASU\Fall 2017\AW\Assignment1\node_modules\socket.io\node_modules\engine.io\node_modules\uws\build\uws.vcxproj]
          d:\study stuff\asu\fall 2017\aw\assignment1\node_modules\socket.io\node_modules\engine.io\node_modules\uws\src\HTTPSocket.h(109) : see declaration of 'uWS::HttpSocket'
d:\study stuff\asu\fall 2017\aw\assignment1\node_modules\socket.io\node_modules\engine.io\node_modules\uws\src\Group.h(36): error C2955: 'uWS::HttpSocket' : use of class template requires template argument list (..\src\HTTPSocket.cpp) [d:\study stuff\ASU\Fall 2017\AW\Assignment1\node_modules\socket.io\node_modules\engine.io\node_modules\uws\build\uws.vcxproj]
          d:\study stuff\asu\fall 2017\aw\assignment1\node_modules\socket.io\node_modules\engine.io\node_modules\uws\src\HTTPSocket.h(109) : see declaration of 'uWS::HttpSocket'
d:\study stuff\asu\fall 2017\aw\assignment1\node_modules\socket.io\node_modules\engine.io\node_modules\uws\src\Group.h(37): error C2955: 'uWS::HttpSocket' : use of class template requires template argument list (..\src\HTTPSocket.cpp) [d:\study stuff\ASU\Fall 2017\AW\Assignment1\node_modules\socket.io\node_modules\engine.io\node_modules\uws\build\uws.vcxproj]
          d:\study stuff\asu\fall 2017\aw\assignment1\node_modules\socket.io\node_modules\engine.io\node_modules\uws\src\HTTPSocket.h(109) : see declaration of 'uWS::HttpSocket'
d:\study stuff\asu\fall 2017\aw\assignment1\node_modules\socket.io\node_modules\engine.io\node_modules\uws\src\Group.h(39): error C2873: 'errorType' : symbol cannot be used in a using-declaration (..\src\HTTPSocket.cpp) [d:\study stuff\ASU\Fall 2017\AW\Assignment1\node_modules\socket.io\node_modules\engine.io\node_modules\uws\build\uws.vcxproj]
d:\study stuff\asu\fall 2017\aw\assignment1\node_modules\socket.io\node_modules\engine.io\node_modules\uws\src\Group.h(39): error C2143: syntax error : missing ';' before '=' (..\src\HTTPSocket.cpp) [d:\study stuff\ASU\Fall 2017\AW\Assignment1\node_modules\socket.io\node_modules\engine.io\node_modules\uws\build\uws.vcxproj]
d:\study stuff\asu\fall 2017\aw\assignment1\node_modules\socket.io\node_modules\engine.io\node_modules\uws\src\Group.h(39): error C2238: unexpected token(s) preceding ';' (..\src\HTTPSocket.cpp) [d:\study stuff\ASU\Fall 2017\AW\Assignment1\node_modules\socket.io\node_modules\engine.io\node_modules\uws\build\uws.vcxproj]
d:\study stuff\asu\fall 2017\aw\assignment1\node_modules\socket.io\node_modules\engine.io\node_modules\uws\src\Group.h(40): error C2065: 'errorType' : undeclared identifier (..\src\HTTPSocket.cpp) [d:\study stuff\ASU\Fall 2017\AW\Assignment1\node_modules\socket.io\node_modules\engine.io\node_modules\uws\build\uws.vcxproj]
d:\study stuff\asu\fall 2017\aw\assignment1\node_modules\socket.io\node_modules\engine.io\node_modules\uws\src\Group.h(40): error C2974: 'std::function' : invalid template argument for '_Fty', type expected (..\src\HTTPSocket.cpp) [d:\study stuff\ASU\Fall 2017\AW\Assignment1\node_modules\socket.io\node_modules\engine.io\node_modules\uws\build\uws.vcxproj]
          C:\Program Files (x86)\Microsoft Visual Studio 11.0\VC\include\functional(554) : see declaration of 'std::function'
d:\study stuff\asu\fall 2017\aw\assignment1\node_modules\socket.io\node_modules\engine.io\node_modules\uws\src\Group.h(45): error C2864: 'uWS::Group<isServer>::timer' : only static const integral data members can be initialized within a class (..\src\HTTPSocket.cpp) [d:\study stuff\ASU\Fall 2017\AW\Assignment1\node_modules\socket.io\node_modules\engine.io\node_modules\uws\build\uws.vcxproj]
d:\study stuff\asu\fall 2017\aw\assignment1\node_modules\socket.io\node_modules\engine.io\node_modules\uws\src\Group.h(45): error C2864: 'uWS::Group<isServer>::httpTimer' : only static const integral data members can be initialized within a class (..\src\HTTPSocket.cpp) [d:\study stuff\ASU\Fall 2017\AW\Assignment1\node_modules\socket.io\node_modules\engine.io\node_modules\uws\build\uws.vcxproj]
d:\study stuff\asu\fall 2017\aw\assignment1\node_modules\socket.io\node_modules\engine.io\node_modules\uws\src\Group.h(50): error C2864: 'uWS::Group<isServer>::userData' : only static const integral data members can be initialized within a class (..\src\HTTPSocket.cpp) [d:\study stuff\ASU\Fall 2017\AW\Assignment1\node_modules\socket.io\node_modules\engine.io\node_modules\uws\build\uws.vcxproj]
d:\study stuff\asu\fall 2017\aw\assignment1\node_modules\socket.io\node_modules\engine.io\node_modules\uws\src\Group.h(53): error C2864: 'uWS::Group<isServer>::webSocketHead' : only static const integral data members can be initialized within a class (..\src\HTTPSocket.cpp) [d:\study stuff\ASU\Fall 2017\AW\Assignment1\node_modules\socket.io\node_modules\engine.io\node_modules\uws\build\uws.vcxproj]
d:\study stuff\asu\fall 2017\aw\assignment1\node_modules\socket.io\node_modules\engine.io\node_modules\uws\src\Group.h(54): error C2864: 'uWS::Group<isServer>::httpSocketHead' : only static const integral data members can be initialized within a class (..\src\HTTPSocket.cpp) [d:\study stuff\ASU\Fall 2017\AW\Assignment1\node_modules\socket.io\node_modules\engine.io\node_modules\uws\build\uws.vcxproj]
d:\study stuff\asu\fall 2017\aw\assignment1\node_modules\socket.io\node_modules\engine.io\node_modules\uws\src\Group.h(73): error C2065: 'errorType' : undeclared identifier (..\src\HTTPSocket.cpp) [d:\study stuff\ASU\Fall 2017\AW\Assignment1\node_modules\socket.io\node_modules\engine.io\node_modules\uws\build\uws.vcxproj]
d:\study stuff\asu\fall 2017\aw\assignment1\node_modules\socket.io\node_modules\engine.io\node_modules\uws\src\Group.h(73): error C2974: 'std::function' : invalid template argument for '_Fty', type expected (..\src\HTTPSocket.cpp) [d:\study stuff\ASU\Fall 2017\AW\Assignment1\node_modules\socket.io\node_modules\engine.io\node_modules\uws\build\uws.vcxproj]
          C:\Program Files (x86)\Microsoft Visual Studio 11.0\VC\include\functional(554) : see declaration of 'std::function'
d:\study stuff\asu\fall 2017\aw\assignment1\node_modules\socket.io\node_modules\engine.io\node_modules\uws\src\Group.h(74): error C2955: 'uWS::HttpSocket' : use of class template requires template argument list (..\src\HTTPSocket.cpp) [d:\study stuff\ASU\Fall 2017\AW\Assignment1\node_modules\socket.io\node_modules\engine.io\node_modules\uws\build\uws.vcxproj]
          d:\study stuff\asu\fall 2017\aw\assignment1\node_modules\socket.io\node_modules\engine.io\node_modules\uws\src\HTTPSocket.h(109) : see declaration of 'uWS::HttpSocket'
d:\study stuff\asu\fall 2017\aw\assignment1\node_modules\socket.io\node_modules\engine.io\node_modules\uws\src\Group.h(77): error C2955: 'uWS::HttpSocket' : use of class template requires template argument list (..\src\HTTPSocket.cpp) [d:\study stuff\ASU\Fall 2017\AW\Assignment1\node_modules\socket.io\node_modules\engine.io\node_modules\uws\build\uws.vcxproj]
          d:\study stuff\asu\fall 2017\aw\assignment1\node_modules\socket.io\node_modules\engine.io\node_modules\uws\src\HTTPSocket.h(109) : see declaration of 'uWS::HttpSocket'
d:\study stuff\asu\fall 2017\aw\assignment1\node_modules\socket.io\node_modules\engine.io\node_modules\uws\src\Group.h(79): error C2955: 'uWS::HttpSocket' : use of class template requires template argument list (..\src\HTTPSocket.cpp) [d:\study stuff\ASU\Fall 2017\AW\Assignment1\node_modules\socket.io\node_modules\engine.io\node_modules\uws\build\uws.vcxproj]
          d:\study stuff\asu\fall 2017\aw\assignment1\node_modules\socket.io\node_modules\engine.io\node_modules\uws\src\HTTPSocket.h(109) : see declaration of 'uWS::HttpSocket'
..\src\HTTPSocket.cpp(24): warning C4244: '=' : conversion from '__int64' to 'unsigned int', possible loss of data [d:\study stuff\ASU\Fall 2017\AW\Assignment1\node_modules\socket.io\node_modules\engine.io\node_modules\uws\build\uws.vcxproj]
..\src\HTTPSocket.cpp(29): warning C4244: '=' : conversion from '__int64' to 'unsigned int', possible loss of data [d:\study stuff\ASU\Fall 2017\AW\Assignment1\node_modules\socket.io\node_modules\engine.io\node_modules\uws\build\uws.vcxproj]
..\src\HTTPSocket.cpp(199): error C2244: 'uWS::HttpSocket<isServer>::onData' : unable to match function definition to an existing declaration [d:\study stuff\ASU\Fall 2017\AW\Assignment1\node_modules\socket.io\node_modules\engine.io\node_modules\uws\build\uws.vcxproj]
          d:\study stuff\asu\fall 2017\aw\assignment1\node_modules\socket.io\node_modules\engine.io\node_modules\uws\src\HTTPSocket.h(133) : see declaration of 'uWS::HttpSocket<isServer>::onData'
          definition
          'uS::Socket *uWS::HttpSocket::onData(uS::Socket *,char *,size_t)'
          existing declarations
          'uS::Socket *uWS::HttpSocket<isServer>::onData(uS::Socket *,char *,size_t)'
..\src\HTTPSocket.cpp(263): error C2244: 'uWS::HttpSocket<isServer>::upgrade' : unable to match function definition to an existing declaration [d:\study stuff\ASU\Fall 2017\AW\Assignment1\node_modules\socket.io\node_modules\engine.io\node_modules\uws\build\uws.vcxproj]
          d:\study stuff\asu\fall 2017\aw\assignment1\node_modules\socket.io\node_modules\engine.io\node_modules\uws\src\HTTPSocket.h(125) : see declaration of 'uWS::HttpSocket<isServer>::upgrade'
          definition
          'void uWS::HttpSocket::upgrade(const char *,const char *,size_t,const char *,size_t,bool *)'
          existing declarations
          'void uWS::HttpSocket<isServer>::upgrade(const char *,const char *,size_t,const char *,size_t,bool *)'
..\src\HTTPSocket.cpp(305): error C2244: 'uWS::HttpSocket<isServer>::onEnd' : unable to match function definition to an existing declaration [d:\study stuff\ASU\Fall 2017\AW\Assignment1\node_modules\socket.io\node_modules\engine.io\node_modules\uws\build\uws.vcxproj]
          d:\study stuff\asu\fall 2017\aw\assignment1\node_modules\socket.io\node_modules\engine.io\node_modules\uws\src\HTTPSocket.h(134) : see declaration of 'uWS::HttpSocket<isServer>::onEnd'
          definition
          'void uWS::HttpSocket::onEnd(uS::Socket *)'
          existing declarations
          'void uWS::HttpSocket<isServer>::onEnd(uS::Socket *)'
..\src\HTTPSocket.cpp(307): error C2990: 'uWS::HttpSocket' : non-class template has already been declared as a class template [d:\study stuff\ASU\Fall 2017\AW\Assignment1\node_modules\socket.io\node_modules\engine.io\node_modules\uws\build\uws.vcxproj]
          d:\study stuff\asu\fall 2017\aw\assignment1\node_modules\socket.io\node_modules\engine.io\node_modules\uws\src\HTTPSocket.h(109) : see declaration of 'uWS::HttpSocket'
..\src\HTTPSocket.cpp(307): error C2946: explicit instantiation; 'uWS::HttpSocket' is not a template-class specialization [d:\study stuff\ASU\Fall 2017\AW\Assignment1\node_modules\socket.io\node_modules\engine.io\node_modules\uws\build\uws.vcxproj]
..\src\HTTPSocket.cpp(308): error C2990: 'uWS::HttpSocket' : non-class template has already been declared as a class template [d:\study stuff\ASU\Fall 2017\AW\Assignment1\node_modules\socket.io\node_modules\engine.io\node_modules\uws\build\uws.vcxproj]
          d:\study stuff\asu\fall 2017\aw\assignment1\node_modules\socket.io\node_modules\engine.io\node_modules\uws\src\HTTPSocket.h(109) : see declaration of 'uWS::HttpSocket'
..\src\HTTPSocket.cpp(308): error C2946: explicit instantiation; 'uWS::HttpSocket' is not a template-class specialization [d:\study stuff\ASU\Fall 2017\AW\Assignment1\node_modules\socket.io\node_modules\engine.io\node_modules\uws\build\uws.vcxproj]
gyp ERR! build error 
gyp ERR! stack Error: `C:\Windows\Microsoft.NET\Framework\v4.0.30319\msbuild.exe` failed with exit code: 1
gyp ERR! stack     at ChildProcess.onExit (C:\Program Files\nodejs\node_modules\npm\node_modules\node-gyp\lib\build.js:276:23)
gyp ERR! stack     at emitTwo (events.js:87:13)
gyp ERR! stack     at ChildProcess.emit (events.js:172:7)
gyp ERR! stack     at Process.ChildProcess._handle.onexit (internal/child_process.js:200:12)
gyp ERR! System Windows_NT 10.0.14393
gyp ERR! command "C:\\Program Files\\nodejs\\node.exe" "C:\\Program Files\\nodejs\\node_modules\\npm\\node_modules\\node-gyp\\bin\\node-gyp.js" "rebuild"
gyp ERR! cwd d:\study stuff\ASU\Fall 2017\AW\Assignment1\node_modules\socket.io\node_modules\engine.io\node_modules\uws
gyp ERR! node -v v4.6.0
gyp ERR! node-gyp -v v3.4.0
gyp ERR! not ok 
